#
# There is insufficient memory for the Java Runtime Environment to continue.
# Native memory allocation (malloc) failed to allocate 1719216 bytes for Chunk::new
# Possible reasons:
#   The system is out of physical RAM or swap space
#   The process is running with CompressedOops enabled, and the Java Heap may be blocking the growth of the native heap
# Possible solutions:
#   Reduce memory load on the system
#   Increase physical memory or swap space
#   Check if swap backing store is full
#   Decrease Java heap size (-Xmx/-Xms)
#   Decrease number of Java threads
#   Decrease Java thread stack sizes (-Xss)
#   Set larger code cache with -XX:ReservedCodeCacheSize=
#   JVM is running with Unscaled Compressed Oops mode in which the Java heap is
#     placed in the first 4GB address space. The Java Heap base address is the
#     maximum limit for the native heap growth. Please use -XX:HeapBaseMinAddress
#     to set the Java Heap base and to place the Java Heap above 4GB virtual address.
# This output file may be truncated or incomplete.
#
#  Out of Memory Error (arena.cpp:189), pid=22712, tid=16872
#
# JRE version: OpenJDK Runtime Environment (17.0.6) (build 17.0.6+0-b2043.56-10027231)
# Java VM: OpenJDK 64-Bit Server VM (17.0.6+0-b2043.56-10027231, mixed mode, tiered, compressed oops, compressed class ptrs, g1 gc, windows-amd64)
# No core dump will be written. Minidumps are not enabled by default on client versions of Windows
#

---------------  S U M M A R Y ------------

Command Line: --add-opens=java.base/java.util=ALL-UNNAMED --add-opens=java.base/java.lang=ALL-UNNAMED --add-opens=java.base/java.lang.invoke=ALL-UNNAMED --add-opens=java.base/java.util=ALL-UNNAMED --add-opens=java.prefs/java.util.prefs=ALL-UNNAMED --add-opens=java.prefs/java.util.prefs=ALL-UNNAMED --add-opens=java.base/java.nio.charset=ALL-UNNAMED --add-opens=java.base/java.net=ALL-UNNAMED --add-opens=java.base/java.util.concurrent.atomic=ALL-UNNAMED -Xmx2048m -Dfile.encoding=UTF-8 -Duser.country=ID -Duser.language=en -Duser.variant org.gradle.launcher.daemon.bootstrap.GradleDaemon 7.5

Host: 11th Gen Intel(R) Core(TM) i5-11400H @ 2.70GHz, 12 cores, 15G,  Windows 11 , 64 bit Build 22621 (10.0.22621.2506)
Time: Fri Jan  5 16:52:07 2024 SE Asia Standard Time elapsed time: 6.273528 seconds (0d 0h 0m 6s)

---------------  T H R E A D  ---------------

Current thread (0x0000021f5799e2e0):  JavaThread "C2 CompilerThread2" daemon [_thread_in_native, id=16872, stack(0x00000092eb100000,0x00000092eb200000)]


Current CompileTask:
C2:   6273 7029 %     4       org.gradle.internal.instantiation.generator.AbstractClassGenerator::inspectType @ 107 (560 bytes)

Stack: [0x00000092eb100000,0x00000092eb200000]
Native frames: (J=compiled Java code, j=interpreted, Vv=VM code, C=native code)
V  [jvm.dll+0x683c9a]
V  [jvm.dll+0x8427a4]
V  [jvm.dll+0x843f9e]
V  [jvm.dll+0x844603]
V  [jvm.dll+0x249b75]
V  [jvm.dll+0xabcac]
V  [jvm.dll+0xac27c]
V  [jvm.dll+0x368802]
V  [jvm.dll+0x332f31]
V  [jvm.dll+0x3323da]
V  [jvm.dll+0x21c201]
V  [jvm.dll+0x21b621]
V  [jvm.dll+0x1a4fdd]
V  [jvm.dll+0x22b098]
V  [jvm.dll+0x229159]
V  [jvm.dll+0x7f81ec]
V  [jvm.dll+0x7f274a]
V  [jvm.dll+0x682ad5]
C  [ucrtbase.dll+0x29363]
C  [KERNEL32.DLL+0x1257d]
C  [ntdll.dll+0x5aa58]


---------------  P R O C E S S  ---------------

Threads class SMR info:
_java_thread_list=0x0000021f59565620, length=170, elements={
0x0000021f37dea7e0, 0x0000021f52c3da30, 0x0000021f52c3e5e0, 0x0000021f52c91080,
0x0000021f52c850c0, 0x0000021f52c87990, 0x0000021f52c8a660, 0x0000021f52c8b340,
0x0000021f52c8bd30, 0x0000021f52c8e260, 0x0000021f52e4c830, 0x0000021f52e4cd00,
0x0000021f52f91e80, 0x0000021f553c0ca0, 0x0000021f55aa29c0, 0x0000021f55190040,
0x0000021f542dc050, 0x0000021f5515e410, 0x0000021f53fa1000, 0x0000021f53fa0b30,
0x0000021f53fa2340, 0x0000021f53fa14d0, 0x0000021f53fa31b0, 0x0000021f53fa2ce0,
0x0000021f53fa3b50, 0x0000021f53fa1e70, 0x0000021f53fa19a0, 0x0000021f53fa2810,
0x0000021f53fa3680, 0x0000021f53fa4020, 0x0000021f53fa0660, 0x0000021f57c34530,
0x0000021f57c32d20, 0x0000021f57c33b90, 0x0000021f57c35870, 0x0000021f57c37ef0,
0x0000021f57c31040, 0x0000021f57c383c0, 0x0000021f57c37a20, 0x0000021f57c30b70,
0x0000021f57c31510, 0x0000021f57c32380, 0x0000021f57c319e0, 0x0000021f57c36bb0,
0x0000021f57c32850, 0x0000021f57c37080, 0x0000021f5799e2e0, 0x0000021f57c34060,
0x0000021f57c366e0, 0x0000021f57c353a0, 0x0000021f57c35d40, 0x0000021f57c36210,
0x0000021f5c1459f0, 0x0000021f5c147ba0, 0x0000021f5c1441e0, 0x0000021f5c1446b0,
0x0000021f5c143370, 0x0000021f5c147200, 0x0000021f5c148ee0, 0x0000021f5c145520,
0x0000021f5c1493b0, 0x0000021f5c144b80, 0x0000021f5c145050, 0x0000021f5c148a10,
0x0000021f5c143840, 0x0000021f5c142ea0, 0x0000021f5c148070, 0x0000021f5c142500,
0x0000021f5c141b60, 0x0000021f5c148540, 0x0000021f5c146d30, 0x0000021f5c1476d0,
0x0000021f5c146860, 0x0000021f5c143d10, 0x0000021f5c142030, 0x0000021f5c145ec0,
0x0000021f5c1429d0, 0x0000021f5c146390, 0x0000021f5c468090, 0x0000021f5c469d70,
0x0000021f5c46c8c0, 0x0000021f5c468a30, 0x0000021f5c4663b0, 0x0000021f5c4676f0,
0x0000021f5c46c3f0, 0x0000021f5c468560, 0x0000021f5c46a240, 0x0000021f5c46bf20,
0x0000021f5c467220, 0x0000021f5c465070, 0x0000021f5c467bc0, 0x0000021f5c465a10,
0x0000021f5c465ee0, 0x0000021f5c46a710, 0x0000021f5c4698a0, 0x0000021f5c468f00,
0x0000021f5c465540, 0x0000021f5c466880, 0x0000021f5c4693d0, 0x0000021f5c46abe0,
0x0000021f5c466d50, 0x0000021f5c46b0b0, 0x0000021f5c46b580, 0x0000021f5c46ba50,
0x0000021f5bd619e0, 0x0000021f5bd61040, 0x0000021f5bd5c810, 0x0000021f5bd5f360,
0x0000021f5bd61510, 0x0000021f5bd601d0, 0x0000021f5bd5e020, 0x0000021f5bd5e4f0,
0x0000021f5bd5fd00, 0x0000021f5bd61eb0, 0x0000021f5bd5e9c0, 0x0000021f5bd5ee90,
0x0000021f5bd5d1b0, 0x0000021f5bd606a0, 0x0000021f5bd60b70, 0x0000021f5bd5f830,
0x0000021f5bd62380, 0x0000021f5bd5d680, 0x0000021f5bd62850, 0x0000021f5bd5b000,
0x0000021f5bd5cce0, 0x0000021f5bd5db50, 0x0000021f5bd5b4d0, 0x0000021f5bd5b9a0,
0x0000021f5bd5be70, 0x0000021f5bd5c340, 0x0000021f59ebb7d0, 0x0000021f59ebcb10,
0x0000021f59eb82e0, 0x0000021f59eb6fa0, 0x0000021f59ebb300, 0x0000021f59eb6130,
0x0000021f59eb6600, 0x0000021f59eb8c80, 0x0000021f59eb9150, 0x0000021f59eb7e10,
0x0000021f59eb87b0, 0x0000021f59ebcfe0, 0x0000021f59eb7470, 0x0000021f59eb9fc0,
0x0000021f59ebbca0, 0x0000021f59ebc640, 0x0000021f59eb6ad0, 0x0000021f59eb7940,
0x0000021f59eb9af0, 0x0000021f59ebae30, 0x0000021f59eb9620, 0x0000021f59ebd980,
0x0000021f59eba490, 0x0000021f59ebd4b0, 0x0000021f59eba960, 0x0000021f59ebc170,
0x0000021f59a10570, 0x0000021f59a0d550, 0x0000021f59a0cbb0, 0x0000021f59a0d080,
0x0000021f59a0aa00, 0x0000021f59a0b870, 0x0000021f59a0bd40, 0x0000021f59a10a40,
0x0000021f59a0f700, 0x0000021f59a0da20, 0x0000021f59a0e3c0, 0x0000021f59a0e890,
0x0000021f59a0b3a0, 0x0000021f59a0a530
}

Java Threads: ( => current thread )
  0x0000021f37dea7e0 JavaThread "main" [_thread_blocked, id=3440, stack(0x00000092e7100000,0x00000092e7200000)]
  0x0000021f52c3da30 JavaThread "Reference Handler" daemon [_thread_blocked, id=26440, stack(0x00000092e7800000,0x00000092e7900000)]
  0x0000021f52c3e5e0 JavaThread "Finalizer" daemon [_thread_blocked, id=13668, stack(0x00000092e7900000,0x00000092e7a00000)]
  0x0000021f52c91080 JavaThread "Signal Dispatcher" daemon [_thread_blocked, id=2388, stack(0x00000092e7a00000,0x00000092e7b00000)]
  0x0000021f52c850c0 JavaThread "Attach Listener" daemon [_thread_blocked, id=22940, stack(0x00000092e7b00000,0x00000092e7c00000)]
  0x0000021f52c87990 JavaThread "Service Thread" daemon [_thread_blocked, id=12500, stack(0x00000092e7c00000,0x00000092e7d00000)]
  0x0000021f52c8a660 JavaThread "Monitor Deflation Thread" daemon [_thread_blocked, id=11652, stack(0x00000092e7d00000,0x00000092e7e00000)]
  0x0000021f52c8b340 JavaThread "C2 CompilerThread0" daemon [_thread_blocked, id=13060, stack(0x00000092e7e00000,0x00000092e7f00000)]
  0x0000021f52c8bd30 JavaThread "C1 CompilerThread0" daemon [_thread_blocked, id=12380, stack(0x00000092e7f00000,0x00000092e8000000)]
  0x0000021f52c8e260 JavaThread "Sweeper thread" daemon [_thread_blocked, id=3412, stack(0x00000092e8000000,0x00000092e8100000)]
  0x0000021f52e4c830 JavaThread "Common-Cleaner" daemon [_thread_blocked, id=2268, stack(0x00000092e8100000,0x00000092e8200000)]
  0x0000021f52e4cd00 JavaThread "Notification Thread" daemon [_thread_blocked, id=18228, stack(0x00000092e8200000,0x00000092e8300000)]
  0x0000021f52f91e80 JavaThread "C2 CompilerThread1" daemon [_thread_in_native, id=12088, stack(0x00000092e8400000,0x00000092e8500000)]
  0x0000021f553c0ca0 JavaThread "Daemon health stats" [_thread_blocked, id=18908, stack(0x00000092e8b00000,0x00000092e8c00000)]
  0x0000021f55aa29c0 JavaThread "Incoming local TCP Connector on port 61272" [_thread_in_native, id=17780, stack(0x00000092e8c00000,0x00000092e8d00000)]
  0x0000021f55190040 JavaThread "Daemon periodic checks" [_thread_blocked, id=10020, stack(0x00000092e8d00000,0x00000092e8e00000)]
  0x0000021f542dc050 JavaThread "Daemon" [_thread_blocked, id=11964, stack(0x00000092e8e00000,0x00000092e8f00000)]
  0x0000021f5515e410 JavaThread "Handler for socket connection from /127.0.0.1:61272 to /127.0.0.1:61273" [_thread_in_native, id=18612, stack(0x00000092e8f00000,0x00000092e9000000)]
  0x0000021f53fa1000 JavaThread "Cancel handler" [_thread_blocked, id=9624, stack(0x00000092e9000000,0x00000092e9100000)]
  0x0000021f53fa0b30 JavaThread "Daemon worker" [_thread_in_vm, id=22760, stack(0x00000092e9100000,0x00000092e9200000)]
  0x0000021f53fa2340 JavaThread "Asynchronous log dispatcher for DefaultDaemonConnection: socket connection from /127.0.0.1:61272 to /127.0.0.1:61273" [_thread_blocked, id=20788, stack(0x00000092e9200000,0x00000092e9300000)]
  0x0000021f53fa14d0 JavaThread "Stdin handler" [_thread_blocked, id=27848, stack(0x00000092e9300000,0x00000092e9400000)]
  0x0000021f53fa31b0 JavaThread "Daemon client event forwarder" [_thread_blocked, id=16812, stack(0x00000092e9400000,0x00000092e9500000)]
  0x0000021f53fa2ce0 JavaThread "Cache worker for journal cache (C:\Users\acer\.gradle\caches\journal-1)" [_thread_blocked, id=25416, stack(0x00000092e9500000,0x00000092e9600000)]
  0x0000021f53fa3b50 JavaThread "File lock request listener" [_thread_in_native, id=27216, stack(0x00000092e9600000,0x00000092e9700000)]
  0x0000021f53fa1e70 JavaThread "Cache worker for file hash cache (C:\Users\acer\.gradle\caches\7.5\fileHashes)" [_thread_blocked, id=22144, stack(0x00000092e9d00000,0x00000092e9e00000)]
  0x0000021f53fa19a0 JavaThread "File watcher server" daemon [_thread_in_native, id=21580, stack(0x00000092e9e00000,0x00000092e9f00000)]
  0x0000021f53fa2810 JavaThread "File watcher consumer" daemon [_thread_blocked, id=24692, stack(0x00000092e9f00000,0x00000092ea000000)]
  0x0000021f53fa3680 JavaThread "jar transforms" [_thread_blocked, id=24580, stack(0x00000092ea000000,0x00000092ea100000)]
  0x0000021f53fa4020 JavaThread "jar transforms Thread 2" [_thread_blocked, id=1864, stack(0x00000092ea100000,0x00000092ea200000)]
  0x0000021f53fa0660 JavaThread "jar transforms Thread 3" [_thread_blocked, id=13184, stack(0x00000092ea200000,0x00000092ea300000)]
  0x0000021f57c34530 JavaThread "jar transforms Thread 4" [_thread_blocked, id=26364, stack(0x00000092ea300000,0x00000092ea400000)]
  0x0000021f57c32d20 JavaThread "jar transforms Thread 5" [_thread_blocked, id=8364, stack(0x00000092ea400000,0x00000092ea500000)]
  0x0000021f57c33b90 JavaThread "jar transforms Thread 6" [_thread_blocked, id=25876, stack(0x00000092ea500000,0x00000092ea600000)]
  0x0000021f57c35870 JavaThread "jar transforms Thread 7" [_thread_blocked, id=17488, stack(0x00000092ea600000,0x00000092ea700000)]
  0x0000021f57c37ef0 JavaThread "jar transforms Thread 8" [_thread_blocked, id=2040, stack(0x00000092ea700000,0x00000092ea800000)]
  0x0000021f57c31040 JavaThread "jar transforms Thread 9" [_thread_blocked, id=3732, stack(0x00000092ea800000,0x00000092ea900000)]
  0x0000021f57c383c0 JavaThread "jar transforms Thread 10" [_thread_blocked, id=24712, stack(0x00000092ea900000,0x00000092eaa00000)]
  0x0000021f57c37a20 JavaThread "jar transforms Thread 11" [_thread_blocked, id=5952, stack(0x00000092eaa00000,0x00000092eab00000)]
  0x0000021f57c30b70 JavaThread "jar transforms Thread 12" [_thread_blocked, id=11456, stack(0x00000092eab00000,0x00000092eac00000)]
  0x0000021f57c31510 JavaThread "Cache worker for checksums cache (D:\RPL\SmartFarmMonitoring\Smart Farming Monitor - MobileApp\.gradle\7.5\checksums)" [_thread_blocked, id=2736, stack(0x00000092eac00000,0x00000092ead00000)]
  0x0000021f57c32380 JavaThread "Cache worker for cache directory md-rule (C:\Users\acer\.gradle\caches\7.5\md-rule)" [_thread_blocked, id=8336, stack(0x00000092ead00000,0x00000092eae00000)]
  0x0000021f57c319e0 JavaThread "Cache worker for file content cache (C:\Users\acer\.gradle\caches\7.5\fileContent)" [_thread_blocked, id=8408, stack(0x00000092eae00000,0x00000092eaf00000)]
  0x0000021f57c36bb0 JavaThread "Cache worker for file hash cache (D:\RPL\SmartFarmMonitoring\Smart Farming Monitor - MobileApp\.gradle\7.5\fileHashes)" [_thread_blocked, id=13532, stack(0x00000092eaf00000,0x00000092eb000000)]
  0x0000021f57c32850 JavaThread "Cache worker for cache directory md-supplier (C:\Users\acer\.gradle\caches\7.5\md-supplier)" [_thread_blocked, id=2752, stack(0x00000092eb000000,0x00000092eb100000)]
  0x0000021f57c37080 JavaThread "Cache worker for execution history cache (C:\Users\acer\.gradle\caches\7.5\executionHistory)" [_thread_blocked, id=23780, stack(0x00000092e8500000,0x00000092e8600000)]
=>0x0000021f5799e2e0 JavaThread "C2 CompilerThread2" daemon [_thread_in_native, id=16872, stack(0x00000092eb100000,0x00000092eb200000)]
  0x0000021f57c34060 JavaThread "Cache worker for dependencies-accessors (D:\RPL\SmartFarmMonitoring\Smart Farming Monitor - MobileApp\.gradle\7.5\dependencies-accessors)" [_thread_blocked, id=20540, stack(0x00000092eb200000,0x00000092eb300000)]
  0x0000021f57c366e0 JavaThread "Cache worker for Build Output Cleanup Cache (D:\RPL\SmartFarmMonitoring\Smart Farming Monitor - MobileApp\.gradle\buildOutputCleanup)" [_thread_blocked, id=27800, stack(0x00000092eb300000,0x00000092eb400000)]
  0x0000021f57c353a0 JavaThread "Unconstrained build operations" [_thread_blocked, id=3748, stack(0x00000092eb400000,0x00000092eb500000)]
  0x0000021f57c35d40 JavaThread "Unconstrained build operations Thread 2" [_thread_blocked, id=11772, stack(0x00000092eb500000,0x00000092eb600000)]
  0x0000021f57c36210 JavaThread "Unconstrained build operations Thread 3" [_thread_blocked, id=19516, stack(0x00000092eb600000,0x00000092eb700000)]
  0x0000021f5c1459f0 JavaThread "Unconstrained build operations Thread 4" [_thread_blocked, id=8536, stack(0x00000092eb700000,0x00000092eb800000)]
  0x0000021f5c147ba0 JavaThread "Unconstrained build operations Thread 5" [_thread_blocked, id=15924, stack(0x00000092eb800000,0x00000092eb900000)]
  0x0000021f5c1441e0 JavaThread "Unconstrained build operations Thread 6" [_thread_blocked, id=2860, stack(0x00000092eb900000,0x00000092eba00000)]
  0x0000021f5c1446b0 JavaThread "Unconstrained build operations Thread 7" [_thread_blocked, id=20696, stack(0x00000092eba00000,0x00000092ebb00000)]
  0x0000021f5c143370 JavaThread "Unconstrained build operations Thread 8" [_thread_blocked, id=21792, stack(0x00000092ebb00000,0x00000092ebc00000)]
  0x0000021f5c147200 JavaThread "Unconstrained build operations Thread 9" [_thread_blocked, id=25808, stack(0x00000092ebc00000,0x00000092ebd00000)]
  0x0000021f5c148ee0 JavaThread "Unconstrained build operations Thread 10" [_thread_blocked, id=12832, stack(0x00000092ebd00000,0x00000092ebe00000)]
  0x0000021f5c145520 JavaThread "Unconstrained build operations Thread 11" [_thread_blocked, id=28476, stack(0x00000092ebe00000,0x00000092ebf00000)]
  0x0000021f5c1493b0 JavaThread "Unconstrained build operations Thread 12" [_thread_blocked, id=11244, stack(0x00000092ebf00000,0x00000092ec000000)]
  0x0000021f5c144b80 JavaThread "Unconstrained build operations Thread 13" [_thread_blocked, id=4276, stack(0x00000092ec000000,0x00000092ec100000)]
  0x0000021f5c145050 JavaThread "Unconstrained build operations Thread 14" [_thread_blocked, id=23852, stack(0x00000092ec100000,0x00000092ec200000)]
  0x0000021f5c148a10 JavaThread "Unconstrained build operations Thread 15" [_thread_blocked, id=28208, stack(0x00000092ec200000,0x00000092ec300000)]
  0x0000021f5c143840 JavaThread "Unconstrained build operations Thread 16" [_thread_blocked, id=2756, stack(0x00000092ec300000,0x00000092ec400000)]
  0x0000021f5c142ea0 JavaThread "Unconstrained build operations Thread 17" [_thread_blocked, id=6956, stack(0x00000092ec400000,0x00000092ec500000)]
  0x0000021f5c148070 JavaThread "Unconstrained build operations Thread 18" [_thread_blocked, id=9232, stack(0x00000092ec500000,0x00000092ec600000)]
  0x0000021f5c142500 JavaThread "Unconstrained build operations Thread 19" [_thread_blocked, id=21640, stack(0x00000092ec600000,0x00000092ec700000)]
  0x0000021f5c141b60 JavaThread "Unconstrained build operations Thread 20" [_thread_blocked, id=26292, stack(0x00000092ec700000,0x00000092ec800000)]
  0x0000021f5c148540 JavaThread "Unconstrained build operations Thread 21" [_thread_blocked, id=3260, stack(0x00000092ec800000,0x00000092ec900000)]
  0x0000021f5c146d30 JavaThread "Unconstrained build operations Thread 22" [_thread_blocked, id=7040, stack(0x00000092ec900000,0x00000092eca00000)]
  0x0000021f5c1476d0 JavaThread "Unconstrained build operations Thread 23" [_thread_blocked, id=15872, stack(0x00000092eca00000,0x00000092ecb00000)]
  0x0000021f5c146860 JavaThread "Unconstrained build operations Thread 24" [_thread_blocked, id=624, stack(0x00000092ecb00000,0x00000092ecc00000)]
  0x0000021f5c143d10 JavaThread "Unconstrained build operations Thread 25" [_thread_blocked, id=5716, stack(0x00000092ecc00000,0x00000092ecd00000)]
  0x0000021f5c142030 JavaThread "Unconstrained build operations Thread 26" [_thread_blocked, id=25684, stack(0x00000092ecd00000,0x00000092ece00000)]
  0x0000021f5c145ec0 JavaThread "Unconstrained build operations Thread 27" [_thread_blocked, id=28372, stack(0x00000092ece00000,0x00000092ecf00000)]
  0x0000021f5c1429d0 JavaThread "Unconstrained build operations Thread 28" [_thread_blocked, id=3848, stack(0x00000092ecf00000,0x00000092ed000000)]
  0x0000021f5c146390 JavaThread "Unconstrained build operations Thread 29" [_thread_blocked, id=14976, stack(0x00000092ed000000,0x00000092ed100000)]
  0x0000021f5c468090 JavaThread "Unconstrained build operations Thread 30" [_thread_blocked, id=11240, stack(0x00000092ed100000,0x00000092ed200000)]
  0x0000021f5c469d70 JavaThread "Unconstrained build operations Thread 31" [_thread_blocked, id=24604, stack(0x00000092ed200000,0x00000092ed300000)]
  0x0000021f5c46c8c0 JavaThread "Unconstrained build operations Thread 32" [_thread_blocked, id=21896, stack(0x00000092ed300000,0x00000092ed400000)]
  0x0000021f5c468a30 JavaThread "Unconstrained build operations Thread 33" [_thread_blocked, id=21236, stack(0x00000092ed400000,0x00000092ed500000)]
  0x0000021f5c4663b0 JavaThread "Unconstrained build operations Thread 34" [_thread_blocked, id=23660, stack(0x00000092ed500000,0x00000092ed600000)]
  0x0000021f5c4676f0 JavaThread "Unconstrained build operations Thread 35" [_thread_blocked, id=1416, stack(0x00000092ed600000,0x00000092ed700000)]
  0x0000021f5c46c3f0 JavaThread "Unconstrained build operations Thread 36" [_thread_blocked, id=18332, stack(0x00000092ed700000,0x00000092ed800000)]
  0x0000021f5c468560 JavaThread "Unconstrained build operations Thread 37" [_thread_blocked, id=28640, stack(0x00000092ed800000,0x00000092ed900000)]
  0x0000021f5c46a240 JavaThread "Unconstrained build operations Thread 38" [_thread_blocked, id=26552, stack(0x00000092ed900000,0x00000092eda00000)]
  0x0000021f5c46bf20 JavaThread "Unconstrained build operations Thread 39" [_thread_blocked, id=19604, stack(0x00000092eda00000,0x00000092edb00000)]
  0x0000021f5c467220 JavaThread "Unconstrained build operations Thread 40" [_thread_blocked, id=12644, stack(0x00000092edb00000,0x00000092edc00000)]
  0x0000021f5c465070 JavaThread "Unconstrained build operations Thread 41" [_thread_blocked, id=1432, stack(0x00000092edc00000,0x00000092edd00000)]
  0x0000021f5c467bc0 JavaThread "Unconstrained build operations Thread 42" [_thread_blocked, id=16592, stack(0x00000092edd00000,0x00000092ede00000)]
  0x0000021f5c465a10 JavaThread "Unconstrained build operations Thread 43" [_thread_blocked, id=4012, stack(0x00000092ede00000,0x00000092edf00000)]
  0x0000021f5c465ee0 JavaThread "Unconstrained build operations Thread 44" [_thread_blocked, id=28116, stack(0x00000092edf00000,0x00000092ee000000)]
  0x0000021f5c46a710 JavaThread "Unconstrained build operations Thread 45" [_thread_blocked, id=2348, stack(0x00000092ee000000,0x00000092ee100000)]
  0x0000021f5c4698a0 JavaThread "Unconstrained build operations Thread 46" [_thread_blocked, id=18524, stack(0x00000092ee100000,0x00000092ee200000)]
  0x0000021f5c468f00 JavaThread "Unconstrained build operations Thread 47" [_thread_blocked, id=19672, stack(0x00000092ee200000,0x00000092ee300000)]
  0x0000021f5c465540 JavaThread "Unconstrained build operations Thread 48" [_thread_blocked, id=18604, stack(0x00000092ee300000,0x00000092ee400000)]
  0x0000021f5c466880 JavaThread "Unconstrained build operations Thread 49" [_thread_blocked, id=14448, stack(0x00000092ee400000,0x00000092ee500000)]
  0x0000021f5c4693d0 JavaThread "Unconstrained build operations Thread 50" [_thread_blocked, id=15960, stack(0x00000092ee500000,0x00000092ee600000)]
  0x0000021f5c46abe0 JavaThread "Unconstrained build operations Thread 51" [_thread_blocked, id=3828, stack(0x00000092ee600000,0x00000092ee700000)]
  0x0000021f5c466d50 JavaThread "Unconstrained build operations Thread 52" [_thread_blocked, id=4188, stack(0x00000092ee700000,0x00000092ee800000)]
  0x0000021f5c46b0b0 JavaThread "Unconstrained build operations Thread 53" [_thread_blocked, id=23684, stack(0x00000092ee800000,0x00000092ee900000)]
  0x0000021f5c46b580 JavaThread "Unconstrained build operations Thread 54" [_thread_blocked, id=20504, stack(0x00000092ee900000,0x00000092eea00000)]
  0x0000021f5c46ba50 JavaThread "Unconstrained build operations Thread 55" [_thread_blocked, id=1368, stack(0x00000092eea00000,0x00000092eeb00000)]
  0x0000021f5bd619e0 JavaThread "Unconstrained build operations Thread 56" [_thread_blocked, id=18132, stack(0x00000092eeb00000,0x00000092eec00000)]
  0x0000021f5bd61040 JavaThread "Unconstrained build operations Thread 57" [_thread_blocked, id=16868, stack(0x00000092eec00000,0x00000092eed00000)]
  0x0000021f5bd5c810 JavaThread "Unconstrained build operations Thread 58" [_thread_blocked, id=18388, stack(0x00000092eed00000,0x00000092eee00000)]
  0x0000021f5bd5f360 JavaThread "Unconstrained build operations Thread 59" [_thread_blocked, id=9212, stack(0x00000092eee00000,0x00000092eef00000)]
  0x0000021f5bd61510 JavaThread "Unconstrained build operations Thread 60" [_thread_blocked, id=26216, stack(0x00000092eef00000,0x00000092ef000000)]
  0x0000021f5bd601d0 JavaThread "Unconstrained build operations Thread 61" [_thread_blocked, id=13736, stack(0x00000092ef000000,0x00000092ef100000)]
  0x0000021f5bd5e020 JavaThread "Unconstrained build operations Thread 62" [_thread_blocked, id=19096, stack(0x00000092ef100000,0x00000092ef200000)]
  0x0000021f5bd5e4f0 JavaThread "Unconstrained build operations Thread 63" [_thread_blocked, id=28184, stack(0x00000092ef200000,0x00000092ef300000)]
  0x0000021f5bd5fd00 JavaThread "Unconstrained build operations Thread 64" [_thread_blocked, id=2716, stack(0x00000092ef300000,0x00000092ef400000)]
  0x0000021f5bd61eb0 JavaThread "Unconstrained build operations Thread 65" [_thread_blocked, id=7408, stack(0x00000092ef400000,0x00000092ef500000)]
  0x0000021f5bd5e9c0 JavaThread "Unconstrained build operations Thread 66" [_thread_blocked, id=25948, stack(0x00000092ef500000,0x00000092ef600000)]
  0x0000021f5bd5ee90 JavaThread "Unconstrained build operations Thread 67" [_thread_blocked, id=13120, stack(0x00000092ef600000,0x00000092ef700000)]
  0x0000021f5bd5d1b0 JavaThread "Unconstrained build operations Thread 68" [_thread_blocked, id=12368, stack(0x00000092ef700000,0x00000092ef800000)]
  0x0000021f5bd606a0 JavaThread "Unconstrained build operations Thread 69" [_thread_blocked, id=12496, stack(0x00000092ef800000,0x00000092ef900000)]
  0x0000021f5bd60b70 JavaThread "Unconstrained build operations Thread 70" [_thread_blocked, id=27624, stack(0x00000092ef900000,0x00000092efa00000)]
  0x0000021f5bd5f830 JavaThread "Unconstrained build operations Thread 71" [_thread_blocked, id=15720, stack(0x00000092efa00000,0x00000092efb00000)]
  0x0000021f5bd62380 JavaThread "Unconstrained build operations Thread 72" [_thread_blocked, id=11360, stack(0x00000092efb00000,0x00000092efc00000)]
  0x0000021f5bd5d680 JavaThread "Unconstrained build operations Thread 73" [_thread_blocked, id=23800, stack(0x00000092efc00000,0x00000092efd00000)]
  0x0000021f5bd62850 JavaThread "Unconstrained build operations Thread 74" [_thread_blocked, id=7296, stack(0x00000092efd00000,0x00000092efe00000)]
  0x0000021f5bd5b000 JavaThread "Unconstrained build operations Thread 75" [_thread_blocked, id=23340, stack(0x00000092efe00000,0x00000092eff00000)]
  0x0000021f5bd5cce0 JavaThread "Unconstrained build operations Thread 76" [_thread_blocked, id=20824, stack(0x00000092eff00000,0x00000092f0000000)]
  0x0000021f5bd5db50 JavaThread "Unconstrained build operations Thread 77" [_thread_blocked, id=24872, stack(0x00000092f0000000,0x00000092f0100000)]
  0x0000021f5bd5b4d0 JavaThread "Unconstrained build operations Thread 78" [_thread_blocked, id=3648, stack(0x00000092f0100000,0x00000092f0200000)]
  0x0000021f5bd5b9a0 JavaThread "Unconstrained build operations Thread 79" [_thread_blocked, id=3840, stack(0x00000092f0200000,0x00000092f0300000)]
  0x0000021f5bd5be70 JavaThread "Unconstrained build operations Thread 80" [_thread_blocked, id=3276, stack(0x00000092f0300000,0x00000092f0400000)]
  0x0000021f5bd5c340 JavaThread "Unconstrained build operations Thread 81" [_thread_blocked, id=13116, stack(0x00000092f0400000,0x00000092f0500000)]
  0x0000021f59ebb7d0 JavaThread "Unconstrained build operations Thread 82" [_thread_blocked, id=23508, stack(0x00000092f0500000,0x00000092f0600000)]
  0x0000021f59ebcb10 JavaThread "Unconstrained build operations Thread 83" [_thread_blocked, id=25592, stack(0x00000092f0600000,0x00000092f0700000)]
  0x0000021f59eb82e0 JavaThread "Unconstrained build operations Thread 84" [_thread_blocked, id=25488, stack(0x00000092f0700000,0x00000092f0800000)]
  0x0000021f59eb6fa0 JavaThread "Unconstrained build operations Thread 85" [_thread_blocked, id=27740, stack(0x00000092f0800000,0x00000092f0900000)]
  0x0000021f59ebb300 JavaThread "Unconstrained build operations Thread 86" [_thread_blocked, id=2180, stack(0x00000092f0900000,0x00000092f0a00000)]
  0x0000021f59eb6130 JavaThread "Unconstrained build operations Thread 87" [_thread_blocked, id=20732, stack(0x00000092f0a00000,0x00000092f0b00000)]
  0x0000021f59eb6600 JavaThread "Unconstrained build operations Thread 88" [_thread_blocked, id=2648, stack(0x00000092f0b00000,0x00000092f0c00000)]
  0x0000021f59eb8c80 JavaThread "Unconstrained build operations Thread 89" [_thread_blocked, id=15160, stack(0x00000092f0c00000,0x00000092f0d00000)]
  0x0000021f59eb9150 JavaThread "Unconstrained build operations Thread 90" [_thread_blocked, id=3580, stack(0x00000092f0d00000,0x00000092f0e00000)]
  0x0000021f59eb7e10 JavaThread "Unconstrained build operations Thread 91" [_thread_blocked, id=15412, stack(0x00000092f0e00000,0x00000092f0f00000)]
  0x0000021f59eb87b0 JavaThread "Unconstrained build operations Thread 92" [_thread_blocked, id=17564, stack(0x00000092f0f00000,0x00000092f1000000)]
  0x0000021f59ebcfe0 JavaThread "Unconstrained build operations Thread 93" [_thread_blocked, id=4860, stack(0x00000092f1000000,0x00000092f1100000)]
  0x0000021f59eb7470 JavaThread "Unconstrained build operations Thread 94" [_thread_blocked, id=21744, stack(0x00000092f1100000,0x00000092f1200000)]
  0x0000021f59eb9fc0 JavaThread "Unconstrained build operations Thread 95" [_thread_blocked, id=12152, stack(0x00000092f1200000,0x00000092f1300000)]
  0x0000021f59ebbca0 JavaThread "Unconstrained build operations Thread 96" [_thread_blocked, id=26264, stack(0x00000092f1300000,0x00000092f1400000)]
  0x0000021f59ebc640 JavaThread "Unconstrained build operations Thread 97" [_thread_blocked, id=13068, stack(0x00000092f1400000,0x00000092f1500000)]
  0x0000021f59eb6ad0 JavaThread "Unconstrained build operations Thread 98" [_thread_blocked, id=14540, stack(0x00000092f1500000,0x00000092f1600000)]
  0x0000021f59eb7940 JavaThread "Unconstrained build operations Thread 99" [_thread_blocked, id=23964, stack(0x00000092f1600000,0x00000092f1700000)]
  0x0000021f59eb9af0 JavaThread "Unconstrained build operations Thread 100" [_thread_blocked, id=12572, stack(0x00000092f1700000,0x00000092f1800000)]
  0x0000021f59ebae30 JavaThread "Unconstrained build operations Thread 101" [_thread_blocked, id=7516, stack(0x00000092f1800000,0x00000092f1900000)]
  0x0000021f59eb9620 JavaThread "Unconstrained build operations Thread 102" [_thread_blocked, id=22864, stack(0x00000092f1900000,0x00000092f1a00000)]
  0x0000021f59ebd980 JavaThread "Unconstrained build operations Thread 103" [_thread_blocked, id=20120, stack(0x00000092f1a00000,0x00000092f1b00000)]
  0x0000021f59eba490 JavaThread "Unconstrained build operations Thread 104" [_thread_blocked, id=13648, stack(0x00000092f1b00000,0x00000092f1c00000)]
  0x0000021f59ebd4b0 JavaThread "Unconstrained build operations Thread 105" [_thread_blocked, id=8936, stack(0x00000092f1c00000,0x00000092f1d00000)]
  0x0000021f59eba960 JavaThread "Unconstrained build operations Thread 106" [_thread_blocked, id=8548, stack(0x00000092f1d00000,0x00000092f1e00000)]
  0x0000021f59ebc170 JavaThread "Unconstrained build operations Thread 107" [_thread_blocked, id=19636, stack(0x00000092f1e00000,0x00000092f1f00000)]
  0x0000021f59a10570 JavaThread "Unconstrained build operations Thread 108" [_thread_blocked, id=23776, stack(0x00000092f1f00000,0x00000092f2000000)]
  0x0000021f59a0d550 JavaThread "Unconstrained build operations Thread 109" [_thread_blocked, id=15536, stack(0x00000092f2000000,0x00000092f2100000)]
  0x0000021f59a0cbb0 JavaThread "Unconstrained build operations Thread 110" [_thread_blocked, id=26384, stack(0x00000092f2100000,0x00000092f2200000)]
  0x0000021f59a0d080 JavaThread "Unconstrained build operations Thread 111" [_thread_blocked, id=26596, stack(0x00000092f2200000,0x00000092f2300000)]
  0x0000021f59a0aa00 JavaThread "Unconstrained build operations Thread 112" [_thread_blocked, id=4832, stack(0x00000092f2300000,0x00000092f2400000)]
  0x0000021f59a0b870 JavaThread "Unconstrained build operations Thread 113" [_thread_blocked, id=16116, stack(0x00000092f2400000,0x00000092f2500000)]
  0x0000021f59a0bd40 JavaThread "Unconstrained build operations Thread 114" [_thread_blocked, id=27704, stack(0x00000092f2500000,0x00000092f2600000)]
  0x0000021f59a10a40 JavaThread "Unconstrained build operations Thread 115" [_thread_blocked, id=13792, stack(0x00000092f2600000,0x00000092f2700000)]
  0x0000021f59a0f700 JavaThread "Unconstrained build operations Thread 116" [_thread_blocked, id=15084, stack(0x00000092f2700000,0x00000092f2800000)]
  0x0000021f59a0da20 JavaThread "Unconstrained build operations Thread 117" [_thread_blocked, id=18140, stack(0x00000092f2800000,0x00000092f2900000)]
  0x0000021f59a0e3c0 JavaThread "Unconstrained build operations Thread 118" [_thread_blocked, id=9904, stack(0x00000092f2900000,0x00000092f2a00000)]
  0x0000021f59a0e890 JavaThread "Unconstrained build operations Thread 119" [_thread_blocked, id=10636, stack(0x00000092f2a00000,0x00000092f2b00000)]
  0x0000021f59a0b3a0 JavaThread "Unconstrained build operations Thread 120" [_thread_blocked, id=1124, stack(0x00000092f2b00000,0x00000092f2c00000)]
  0x0000021f59a0a530 JavaThread "Memory manager" [_thread_blocked, id=11272, stack(0x00000092f2c00000,0x00000092f2d00000)]

Other Threads:
  0x0000021f52c3b3f0 VMThread "VM Thread" [stack: 0x00000092e7700000,0x00000092e7800000] [id=28080]
  0x0000021f52e4f1e0 WatcherThread [stack: 0x00000092e8300000,0x00000092e8400000] [id=18180]
  0x0000021f37e489f0 GCTaskThread "GC Thread#0" [stack: 0x00000092e7200000,0x00000092e7300000] [id=28064]
  0x0000021f53a3bd80 GCTaskThread "GC Thread#1" [stack: 0x00000092e8600000,0x00000092e8700000] [id=7092]
  0x0000021f53a3b2c0 GCTaskThread "GC Thread#2" [stack: 0x00000092e8700000,0x00000092e8800000] [id=13372]
  0x0000021f53a3b570 GCTaskThread "GC Thread#3" [stack: 0x00000092e8800000,0x00000092e8900000] [id=24824]
  0x0000021f53a3c030 GCTaskThread "GC Thread#4" [stack: 0x00000092e8900000,0x00000092e8a00000] [id=22288]
  0x0000021f53a3a800 GCTaskThread "GC Thread#5" [stack: 0x00000092e8a00000,0x00000092e8b00000] [id=27132]
  0x0000021f53a3b820 GCTaskThread "GC Thread#6" [stack: 0x00000092e9700000,0x00000092e9800000] [id=7380]
  0x0000021f53a3a550 GCTaskThread "GC Thread#7" [stack: 0x00000092e9800000,0x00000092e9900000] [id=20368]
  0x0000021f53a3aab0 GCTaskThread "GC Thread#8" [stack: 0x00000092e9900000,0x00000092e9a00000] [id=23976]
  0x0000021f556e2a70 GCTaskThread "GC Thread#9" [stack: 0x00000092e9a00000,0x00000092e9b00000] [id=4988]
  0x0000021f37e59930 ConcurrentGCThread "G1 Main Marker" [stack: 0x00000092e7300000,0x00000092e7400000] [id=13096]
  0x0000021f37e5a340 ConcurrentGCThread "G1 Conc#0" [stack: 0x00000092e7400000,0x00000092e7500000] [id=12600]
  0x0000021f556e3280 ConcurrentGCThread "G1 Conc#1" [stack: 0x00000092e9b00000,0x00000092e9c00000] [id=22928]
  0x0000021f556e2510 ConcurrentGCThread "G1 Conc#2" [stack: 0x00000092e9c00000,0x00000092e9d00000] [id=26072]
  0x0000021f37eae590 ConcurrentGCThread "G1 Refine#0" [stack: 0x00000092e7500000,0x00000092e7600000] [id=18740]
  0x0000021f51f34190 ConcurrentGCThread "G1 Service" [stack: 0x00000092e7600000,0x00000092e7700000] [id=25440]

Threads with active compile tasks:
C2 CompilerThread1     6288 7003       4       sun.reflect.generics.parser.SignatureParser::parsePackageNameAndSimpleClassTypeSignature (119 bytes)
C2 CompilerThread2     6288 7029 %     4       org.gradle.internal.instantiation.generator.AbstractClassGenerator::inspectType @ 107 (560 bytes)

VM state: not at safepoint (normal execution)

VM Mutex/Monitor currently owned by a thread: None

Heap address: 0x0000000080000000, size: 2048 MB, Compressed Oops mode: 32-bit

CDS archive(s) not mapped
Compressed class space mapped at: 0x0000000100000000-0x0000000140000000, reserved size: 1073741824
Narrow klass base: 0x0000000000000000, Narrow klass shift: 3, Narrow klass range: 0x140000000

GC Precious Log:
 CPUs: 12 total, 12 available
 Memory: 16163M
 Large Page Support: Disabled
 NUMA Support: Disabled
 Compressed Oops: Enabled (32-bit)
 Heap Region Size: 1M
 Heap Min Capacity: 8M
 Heap Initial Capacity: 254M
 Heap Max Capacity: 2G
 Pre-touch: Disabled
 Parallel Workers: 10
 Concurrent Workers: 3
 Concurrent Refinement Workers: 10
 Periodic GC: Disabled

Heap:
 garbage-first heap   total 178176K, used 97991K [0x0000000080000000, 0x0000000100000000)
  region size 1024K, 4 young (4096K), 2 survivors (2048K)
 Metaspace       used 68481K, committed 69184K, reserved 1114112K
  class space    used 9036K, committed 9344K, reserved 1048576K

Heap Regions: E=young(eden), S=young(survivor), O=old, HS=humongous(starts), HC=humongous(continues), CS=collection set, F=free, OA=open archive, CA=closed archive, TAMS=top-at-mark-start (previous, next)
|   0|0x0000000080000000, 0x0000000080100000, 0x0000000080100000|100%| O|  |TAMS 0x0000000080100000, 0x0000000080100000| Untracked 
|   1|0x0000000080100000, 0x0000000080200000, 0x0000000080200000|100%| O|  |TAMS 0x0000000080200000, 0x0000000080200000| Untracked 
|   2|0x0000000080200000, 0x0000000080300000, 0x0000000080300000|100%| O|  |TAMS 0x0000000080300000, 0x0000000080300000| Untracked 
|   3|0x0000000080300000, 0x0000000080400000, 0x0000000080400000|100%|HS|  |TAMS 0x0000000080400000, 0x0000000080400000| Complete 
|   4|0x0000000080400000, 0x0000000080500000, 0x0000000080500000|100%|HC|  |TAMS 0x0000000080500000, 0x0000000080500000| Complete 
|   5|0x0000000080500000, 0x0000000080600000, 0x0000000080600000|100%|HC|  |TAMS 0x0000000080600000, 0x0000000080600000| Complete 
|   6|0x0000000080600000, 0x0000000080700000, 0x0000000080700000|100%| O|  |TAMS 0x0000000080700000, 0x0000000080700000| Untracked 
|   7|0x0000000080700000, 0x0000000080800000, 0x0000000080800000|100%| O|  |TAMS 0x0000000080800000, 0x0000000080800000| Untracked 
|   8|0x0000000080800000, 0x0000000080900000, 0x0000000080900000|100%| O|  |TAMS 0x0000000080900000, 0x0000000080900000| Untracked 
|   9|0x0000000080900000, 0x0000000080a00000, 0x0000000080a00000|100%| O|  |TAMS 0x0000000080a00000, 0x0000000080a00000| Untracked 
|  10|0x0000000080a00000, 0x0000000080b00000, 0x0000000080b00000|100%| O|  |TAMS 0x0000000080b00000, 0x0000000080b00000| Untracked 
|  11|0x0000000080b00000, 0x0000000080c00000, 0x0000000080c00000|100%| O|  |TAMS 0x0000000080c00000, 0x0000000080c00000| Untracked 
|  12|0x0000000080c00000, 0x0000000080d00000, 0x0000000080d00000|100%| O|  |TAMS 0x0000000080d00000, 0x0000000080d00000| Untracked 
|  13|0x0000000080d00000, 0x0000000080e00000, 0x0000000080e00000|100%| O|  |TAMS 0x0000000080e00000, 0x0000000080e00000| Untracked 
|  14|0x0000000080e00000, 0x0000000080f00000, 0x0000000080f00000|100%| O|  |TAMS 0x0000000080f00000, 0x0000000080f00000| Untracked 
|  15|0x0000000080f00000, 0x0000000081000000, 0x0000000081000000|100%| O|  |TAMS 0x0000000081000000, 0x0000000081000000| Untracked 
|  16|0x0000000081000000, 0x0000000081100000, 0x0000000081100000|100%| O|  |TAMS 0x0000000081100000, 0x0000000081100000| Untracked 
|  17|0x0000000081100000, 0x0000000081200000, 0x0000000081200000|100%| O|  |TAMS 0x0000000081200000, 0x0000000081200000| Untracked 
|  18|0x0000000081200000, 0x0000000081300000, 0x0000000081300000|100%| O|  |TAMS 0x0000000081300000, 0x0000000081300000| Untracked 
|  19|0x0000000081300000, 0x0000000081400000, 0x0000000081400000|100%| O|  |TAMS 0x0000000081400000, 0x0000000081400000| Untracked 
|  20|0x0000000081400000, 0x0000000081500000, 0x0000000081500000|100%|HS|  |TAMS 0x0000000081500000, 0x0000000081500000| Complete 
|  21|0x0000000081500000, 0x0000000081600000, 0x0000000081600000|100%|HC|  |TAMS 0x0000000081600000, 0x0000000081600000| Complete 
|  22|0x0000000081600000, 0x0000000081700000, 0x0000000081700000|100%|HS|  |TAMS 0x0000000081700000, 0x0000000081700000| Complete 
|  23|0x0000000081700000, 0x0000000081800000, 0x0000000081800000|100%|HC|  |TAMS 0x0000000081800000, 0x0000000081800000| Complete 
|  24|0x0000000081800000, 0x0000000081900000, 0x0000000081900000|100%|HC|  |TAMS 0x0000000081900000, 0x0000000081900000| Complete 
|  25|0x0000000081900000, 0x0000000081a00000, 0x0000000081a00000|100%|HS|  |TAMS 0x0000000081a00000, 0x0000000081a00000| Complete 
|  26|0x0000000081a00000, 0x0000000081b00000, 0x0000000081b00000|100%|HC|  |TAMS 0x0000000081b00000, 0x0000000081b00000| Complete 
|  27|0x0000000081b00000, 0x0000000081c00000, 0x0000000081c00000|100%|HC|  |TAMS 0x0000000081c00000, 0x0000000081c00000| Complete 
|  28|0x0000000081c00000, 0x0000000081d00000, 0x0000000081d00000|100%|HS|  |TAMS 0x0000000081d00000, 0x0000000081d00000| Complete 
|  29|0x0000000081d00000, 0x0000000081e00000, 0x0000000081e00000|100%|HC|  |TAMS 0x0000000081e00000, 0x0000000081e00000| Complete 
|  30|0x0000000081e00000, 0x0000000081f00000, 0x0000000081f00000|100%|HC|  |TAMS 0x0000000081f00000, 0x0000000081f00000| Complete 
|  31|0x0000000081f00000, 0x0000000082000000, 0x0000000082000000|100%|HC|  |TAMS 0x0000000082000000, 0x0000000082000000| Complete 
|  32|0x0000000082000000, 0x0000000082100000, 0x0000000082100000|100%|HC|  |TAMS 0x0000000082100000, 0x0000000082100000| Complete 
|  33|0x0000000082100000, 0x0000000082200000, 0x0000000082200000|100%|HC|  |TAMS 0x0000000082200000, 0x0000000082200000| Complete 
|  34|0x0000000082200000, 0x0000000082300000, 0x0000000082300000|100%|HC|  |TAMS 0x0000000082300000, 0x0000000082300000| Complete 
|  35|0x0000000082300000, 0x0000000082400000, 0x0000000082400000|100%|HC|  |TAMS 0x0000000082400000, 0x0000000082400000| Complete 
|  36|0x0000000082400000, 0x0000000082500000, 0x0000000082500000|100%|HC|  |TAMS 0x0000000082500000, 0x0000000082500000| Complete 
|  37|0x0000000082500000, 0x0000000082600000, 0x0000000082600000|100%|HC|  |TAMS 0x0000000082600000, 0x0000000082600000| Complete 
|  38|0x0000000082600000, 0x0000000082700000, 0x0000000082700000|100%|HC|  |TAMS 0x0000000082700000, 0x0000000082700000| Complete 
|  39|0x0000000082700000, 0x0000000082800000, 0x0000000082800000|100%|HC|  |TAMS 0x0000000082800000, 0x0000000082800000| Complete 
|  40|0x0000000082800000, 0x0000000082900000, 0x0000000082900000|100%| O|  |TAMS 0x0000000082900000, 0x0000000082900000| Untracked 
|  41|0x0000000082900000, 0x0000000082a00000, 0x0000000082a00000|100%|HS|  |TAMS 0x0000000082a00000, 0x0000000082a00000| Complete 
|  42|0x0000000082a00000, 0x0000000082b00000, 0x0000000082b00000|100%|HC|  |TAMS 0x0000000082b00000, 0x0000000082b00000| Complete 
|  43|0x0000000082b00000, 0x0000000082c00000, 0x0000000082c00000|100%| O|  |TAMS 0x0000000082c00000, 0x0000000082c00000| Untracked 
|  44|0x0000000082c00000, 0x0000000082d00000, 0x0000000082d00000|100%| O|  |TAMS 0x0000000082d00000, 0x0000000082d00000| Untracked 
|  45|0x0000000082d00000, 0x0000000082e00000, 0x0000000082e00000|100%| O|  |TAMS 0x0000000082e00000, 0x0000000082e00000| Untracked 
|  46|0x0000000082e00000, 0x0000000082f00000, 0x0000000082f00000|100%| O|  |TAMS 0x0000000082f00000, 0x0000000082f00000| Untracked 
|  47|0x0000000082f00000, 0x0000000083000000, 0x0000000083000000|100%| O|  |TAMS 0x0000000083000000, 0x0000000083000000| Untracked 
|  48|0x0000000083000000, 0x0000000083100000, 0x0000000083100000|100%| O|  |TAMS 0x0000000083100000, 0x0000000083100000| Untracked 
|  49|0x0000000083100000, 0x0000000083200000, 0x0000000083200000|100%| O|  |TAMS 0x0000000083200000, 0x0000000083200000| Untracked 
|  50|0x0000000083200000, 0x0000000083300000, 0x0000000083300000|100%|HS|  |TAMS 0x0000000083300000, 0x0000000083300000| Complete 
|  51|0x0000000083300000, 0x0000000083400000, 0x0000000083400000|100%|HC|  |TAMS 0x0000000083400000, 0x0000000083400000| Complete 
|  52|0x0000000083400000, 0x0000000083500000, 0x0000000083500000|100%|HC|  |TAMS 0x0000000083500000, 0x0000000083500000| Complete 
|  53|0x0000000083500000, 0x0000000083600000, 0x0000000083600000|100%| O|  |TAMS 0x0000000083600000, 0x0000000083600000| Untracked 
|  54|0x0000000083600000, 0x0000000083700000, 0x0000000083700000|100%| O|  |TAMS 0x0000000083700000, 0x0000000083700000| Untracked 
|  55|0x0000000083700000, 0x0000000083800000, 0x0000000083800000|100%| O|  |TAMS 0x0000000083800000, 0x0000000083800000| Untracked 
|  56|0x0000000083800000, 0x0000000083900000, 0x0000000083900000|100%|HS|  |TAMS 0x0000000083900000, 0x0000000083900000| Complete 
|  57|0x0000000083900000, 0x0000000083a00000, 0x0000000083a00000|100%|HC|  |TAMS 0x0000000083a00000, 0x0000000083a00000| Complete 
|  58|0x0000000083a00000, 0x0000000083b00000, 0x0000000083b00000|100%|HC|  |TAMS 0x0000000083b00000, 0x0000000083b00000| Complete 
|  59|0x0000000083b00000, 0x0000000083c00000, 0x0000000083c00000|100%| O|  |TAMS 0x0000000083c00000, 0x0000000083c00000| Untracked 
|  60|0x0000000083c00000, 0x0000000083d00000, 0x0000000083d00000|100%| O|  |TAMS 0x0000000083d00000, 0x0000000083d00000| Untracked 
|  61|0x0000000083d00000, 0x0000000083e00000, 0x0000000083e00000|100%| O|  |TAMS 0x0000000083e00000, 0x0000000083e00000| Untracked 
|  62|0x0000000083e00000, 0x0000000083f00000, 0x0000000083f00000|100%| O|  |TAMS 0x0000000083f00000, 0x0000000083f00000| Untracked 
|  63|0x0000000083f00000, 0x0000000084000000, 0x0000000084000000|100%| O|  |TAMS 0x0000000084000000, 0x0000000084000000| Untracked 
|  64|0x0000000084000000, 0x0000000084100000, 0x0000000084100000|100%| O|  |TAMS 0x0000000084100000, 0x0000000084100000| Untracked 
|  65|0x0000000084100000, 0x0000000084200000, 0x0000000084200000|100%|HS|  |TAMS 0x0000000084200000, 0x0000000084200000| Complete 
|  66|0x0000000084200000, 0x0000000084300000, 0x0000000084300000|100%|HS|  |TAMS 0x0000000084300000, 0x0000000084300000| Complete 
|  67|0x0000000084300000, 0x0000000084400000, 0x0000000084400000|100%| O|  |TAMS 0x0000000084400000, 0x0000000084400000| Untracked 
|  68|0x0000000084400000, 0x0000000084500000, 0x0000000084500000|100%| O|  |TAMS 0x0000000084500000, 0x0000000084500000| Untracked 
|  69|0x0000000084500000, 0x0000000084600000, 0x0000000084600000|100%| O|  |TAMS 0x0000000084600000, 0x0000000084600000| Untracked 
|  70|0x0000000084600000, 0x0000000084700000, 0x0000000084700000|100%| O|  |TAMS 0x0000000084700000, 0x0000000084700000| Untracked 
|  71|0x0000000084700000, 0x0000000084800000, 0x0000000084800000|100%| O|  |TAMS 0x0000000084800000, 0x0000000084800000| Untracked 
|  72|0x0000000084800000, 0x0000000084900000, 0x0000000084900000|100%| O|  |TAMS 0x0000000084900000, 0x0000000084900000| Untracked 
|  73|0x0000000084900000, 0x0000000084a00000, 0x0000000084a00000|100%|HS|  |TAMS 0x0000000084a00000, 0x0000000084a00000| Complete 
|  74|0x0000000084a00000, 0x0000000084b00000, 0x0000000084b00000|100%| O|  |TAMS 0x0000000084b00000, 0x0000000084b00000| Untracked 
|  75|0x0000000084b00000, 0x0000000084c00000, 0x0000000084c00000|100%| O|  |TAMS 0x0000000084c00000, 0x0000000084c00000| Untracked 
|  76|0x0000000084c00000, 0x0000000084d00000, 0x0000000084d00000|100%| O|  |TAMS 0x0000000084d00000, 0x0000000084d00000| Untracked 
|  77|0x0000000084d00000, 0x0000000084e00000, 0x0000000084e00000|100%|HS|  |TAMS 0x0000000084d00000, 0x0000000084d00000| Complete 
|  78|0x0000000084e00000, 0x0000000084f00000, 0x0000000084f00000|100%|HS|  |TAMS 0x0000000084f00000, 0x0000000084f00000| Complete 
|  79|0x0000000084f00000, 0x0000000085000000, 0x0000000085000000|100%|HC|  |TAMS 0x0000000085000000, 0x0000000085000000| Complete 
|  80|0x0000000085000000, 0x0000000085100000, 0x0000000085100000|100%|HC|  |TAMS 0x0000000085100000, 0x0000000085100000| Complete 
|  81|0x0000000085100000, 0x0000000085200000, 0x0000000085200000|100%|HC|  |TAMS 0x0000000085200000, 0x0000000085200000| Complete 
|  82|0x0000000085200000, 0x0000000085300000, 0x0000000085300000|100%| O|  |TAMS 0x0000000085200000, 0x0000000085300000| Untracked 
|  83|0x0000000085300000, 0x0000000085400000, 0x0000000085400000|100%| O|  |TAMS 0x0000000085300000, 0x0000000085400000| Untracked 
|  84|0x0000000085400000, 0x0000000085500000, 0x0000000085500000|100%| O|  |TAMS 0x0000000085400000, 0x0000000085500000| Untracked 
|  85|0x0000000085500000, 0x0000000085600000, 0x0000000085600000|100%| O|  |TAMS 0x0000000085500000, 0x0000000085600000| Untracked 
|  86|0x0000000085600000, 0x0000000085700000, 0x0000000085700000|100%| O|  |TAMS 0x0000000085600000, 0x0000000085700000| Untracked 
|  87|0x0000000085700000, 0x0000000085800000, 0x0000000085800000|100%| O|  |TAMS 0x0000000085700000, 0x0000000085800000| Untracked 
|  88|0x0000000085800000, 0x0000000085900000, 0x0000000085900000|100%| O|  |TAMS 0x0000000085800000, 0x0000000085900000| Untracked 
|  89|0x0000000085900000, 0x0000000085a00000, 0x0000000085a00000|100%| O|  |TAMS 0x0000000085900000, 0x0000000085a00000| Untracked 
|  90|0x0000000085a00000, 0x0000000085b00000, 0x0000000085b00000|100%| O|  |TAMS 0x0000000085a00000, 0x0000000085b00000| Untracked 
|  91|0x0000000085b00000, 0x0000000085b3f800, 0x0000000085c00000| 24%| O|  |TAMS 0x0000000085b00000, 0x0000000085b3f800| Untracked 
|  92|0x0000000085c00000, 0x0000000085c00000, 0x0000000085d00000|  0%| F|  |TAMS 0x0000000085c00000, 0x0000000085c00000| Untracked 
|  93|0x0000000085d00000, 0x0000000085d00000, 0x0000000085e00000|  0%| F|  |TAMS 0x0000000085d00000, 0x0000000085d00000| Untracked 
|  94|0x0000000085e00000, 0x0000000085f00000, 0x0000000085f00000|100%| O|  |TAMS 0x0000000085e00000, 0x0000000085f00000| Untracked 
|  95|0x0000000085f00000, 0x0000000086000000, 0x0000000086000000|100%| O|  |TAMS 0x0000000085f00000, 0x0000000086000000| Untracked 
|  96|0x0000000086000000, 0x0000000086000000, 0x0000000086100000|  0%| F|  |TAMS 0x0000000086000000, 0x0000000086000000| Untracked 
|  97|0x0000000086100000, 0x0000000086100000, 0x0000000086200000|  0%| F|  |TAMS 0x0000000086100000, 0x0000000086100000| Untracked 
|  98|0x0000000086200000, 0x0000000086200000, 0x0000000086300000|  0%| F|  |TAMS 0x0000000086200000, 0x0000000086200000| Untracked 
|  99|0x0000000086300000, 0x0000000086300000, 0x0000000086400000|  0%| F|  |TAMS 0x0000000086300000, 0x0000000086300000| Untracked 
| 100|0x0000000086400000, 0x0000000086400000, 0x0000000086500000|  0%| F|  |TAMS 0x0000000086400000, 0x0000000086400000| Untracked 
| 101|0x0000000086500000, 0x0000000086500000, 0x0000000086600000|  0%| F|  |TAMS 0x0000000086500000, 0x0000000086500000| Untracked 
| 102|0x0000000086600000, 0x0000000086600000, 0x0000000086700000|  0%| F|  |TAMS 0x0000000086600000, 0x0000000086600000| Untracked 
| 103|0x0000000086700000, 0x0000000086700000, 0x0000000086800000|  0%| F|  |TAMS 0x0000000086700000, 0x0000000086700000| Untracked 
| 104|0x0000000086800000, 0x0000000086800000, 0x0000000086900000|  0%| F|  |TAMS 0x0000000086800000, 0x0000000086800000| Untracked 
| 105|0x0000000086900000, 0x0000000086900000, 0x0000000086a00000|  0%| F|  |TAMS 0x0000000086900000, 0x0000000086900000| Untracked 
| 106|0x0000000086a00000, 0x0000000086a00000, 0x0000000086b00000|  0%| F|  |TAMS 0x0000000086a00000, 0x0000000086a00000| Untracked 
| 107|0x0000000086b00000, 0x0000000086b00000, 0x0000000086c00000|  0%| F|  |TAMS 0x0000000086b00000, 0x0000000086b00000| Untracked 
| 108|0x0000000086c00000, 0x0000000086c00000, 0x0000000086d00000|  0%| F|  |TAMS 0x0000000086c00000, 0x0000000086c00000| Untracked 
| 109|0x0000000086d00000, 0x0000000086d00000, 0x0000000086e00000|  0%| F|  |TAMS 0x0000000086d00000, 0x0000000086d00000| Untracked 
| 110|0x0000000086e00000, 0x0000000086e00000, 0x0000000086f00000|  0%| F|  |TAMS 0x0000000086e00000, 0x0000000086e00000| Untracked 
| 111|0x0000000086f00000, 0x0000000086f00000, 0x0000000087000000|  0%| F|  |TAMS 0x0000000086f00000, 0x0000000086f00000| Untracked 
| 112|0x0000000087000000, 0x0000000087000000, 0x0000000087100000|  0%| F|  |TAMS 0x0000000087000000, 0x0000000087000000| Untracked 
| 113|0x0000000087100000, 0x0000000087100000, 0x0000000087200000|  0%| F|  |TAMS 0x0000000087100000, 0x0000000087100000| Untracked 
| 114|0x0000000087200000, 0x0000000087200000, 0x0000000087300000|  0%| F|  |TAMS 0x0000000087200000, 0x0000000087200000| Untracked 
| 115|0x0000000087300000, 0x0000000087300000, 0x0000000087400000|  0%| F|  |TAMS 0x0000000087300000, 0x0000000087300000| Untracked 
| 116|0x0000000087400000, 0x0000000087400000, 0x0000000087500000|  0%| F|  |TAMS 0x0000000087400000, 0x0000000087400000| Untracked 
| 117|0x0000000087500000, 0x0000000087500000, 0x0000000087600000|  0%| F|  |TAMS 0x0000000087500000, 0x0000000087500000| Untracked 
| 118|0x0000000087600000, 0x0000000087600000, 0x0000000087700000|  0%| F|  |TAMS 0x0000000087600000, 0x0000000087600000| Untracked 
| 119|0x0000000087700000, 0x0000000087700000, 0x0000000087800000|  0%| F|  |TAMS 0x0000000087700000, 0x0000000087700000| Untracked 
| 120|0x0000000087800000, 0x0000000087800000, 0x0000000087900000|  0%| F|  |TAMS 0x0000000087800000, 0x0000000087800000| Untracked 
| 121|0x0000000087900000, 0x0000000087900000, 0x0000000087a00000|  0%| F|  |TAMS 0x0000000087900000, 0x0000000087900000| Untracked 
| 122|0x0000000087a00000, 0x0000000087a00000, 0x0000000087b00000|  0%| F|  |TAMS 0x0000000087a00000, 0x0000000087a00000| Untracked 
| 123|0x0000000087b00000, 0x0000000087b00000, 0x0000000087c00000|  0%| F|  |TAMS 0x0000000087b00000, 0x0000000087b00000| Untracked 
| 124|0x0000000087c00000, 0x0000000087c00000, 0x0000000087d00000|  0%| F|  |TAMS 0x0000000087c00000, 0x0000000087c00000| Untracked 
| 125|0x0000000087d00000, 0x0000000087d00000, 0x0000000087e00000|  0%| F|  |TAMS 0x0000000087d00000, 0x0000000087d00000| Untracked 
| 126|0x0000000087e00000, 0x0000000087e00000, 0x0000000087f00000|  0%| F|  |TAMS 0x0000000087e00000, 0x0000000087e00000| Untracked 
| 127|0x0000000087f00000, 0x0000000087f00000, 0x0000000088000000|  0%| F|  |TAMS 0x0000000087f00000, 0x0000000087f00000| Untracked 
| 128|0x0000000088000000, 0x0000000088000000, 0x0000000088100000|  0%| F|  |TAMS 0x0000000088000000, 0x0000000088000000| Untracked 
| 129|0x0000000088100000, 0x0000000088100000, 0x0000000088200000|  0%| F|  |TAMS 0x0000000088100000, 0x0000000088100000| Untracked 
| 130|0x0000000088200000, 0x0000000088200000, 0x0000000088300000|  0%| F|  |TAMS 0x0000000088200000, 0x0000000088200000| Untracked 
| 131|0x0000000088300000, 0x0000000088300000, 0x0000000088400000|  0%| F|  |TAMS 0x0000000088300000, 0x0000000088300000| Untracked 
| 132|0x0000000088400000, 0x0000000088400000, 0x0000000088500000|  0%| F|  |TAMS 0x0000000088400000, 0x0000000088400000| Untracked 
| 133|0x0000000088500000, 0x0000000088500000, 0x0000000088600000|  0%| F|  |TAMS 0x0000000088500000, 0x0000000088500000| Untracked 
| 134|0x0000000088600000, 0x0000000088600000, 0x0000000088700000|  0%| F|  |TAMS 0x0000000088600000, 0x0000000088600000| Untracked 
| 135|0x0000000088700000, 0x0000000088700000, 0x0000000088800000|  0%| F|  |TAMS 0x0000000088700000, 0x0000000088700000| Untracked 
| 136|0x0000000088800000, 0x0000000088800000, 0x0000000088900000|  0%| F|  |TAMS 0x0000000088800000, 0x0000000088800000| Untracked 
| 137|0x0000000088900000, 0x0000000088900000, 0x0000000088a00000|  0%| F|  |TAMS 0x0000000088900000, 0x0000000088900000| Untracked 
| 138|0x0000000088a00000, 0x0000000088a00000, 0x0000000088b00000|  0%| F|  |TAMS 0x0000000088a00000, 0x0000000088a00000| Untracked 
| 139|0x0000000088b00000, 0x0000000088b00000, 0x0000000088c00000|  0%| F|  |TAMS 0x0000000088b00000, 0x0000000088b00000| Untracked 
| 140|0x0000000088c00000, 0x0000000088c00000, 0x0000000088d00000|  0%| F|  |TAMS 0x0000000088c00000, 0x0000000088c00000| Untracked 
| 141|0x0000000088d00000, 0x0000000088d00000, 0x0000000088e00000|  0%| F|  |TAMS 0x0000000088d00000, 0x0000000088d00000| Untracked 
| 142|0x0000000088e00000, 0x0000000088e00000, 0x0000000088f00000|  0%| F|  |TAMS 0x0000000088e00000, 0x0000000088e00000| Untracked 
| 143|0x0000000088f00000, 0x0000000088f00000, 0x0000000089000000|  0%| F|  |TAMS 0x0000000088f00000, 0x0000000088f00000| Untracked 
| 144|0x0000000089000000, 0x0000000089000000, 0x0000000089100000|  0%| F|  |TAMS 0x0000000089000000, 0x0000000089000000| Untracked 
| 145|0x0000000089100000, 0x0000000089100000, 0x0000000089200000|  0%| F|  |TAMS 0x0000000089100000, 0x0000000089100000| Untracked 
| 146|0x0000000089200000, 0x0000000089200000, 0x0000000089300000|  0%| F|  |TAMS 0x0000000089200000, 0x0000000089200000| Untracked 
| 147|0x0000000089300000, 0x0000000089300000, 0x0000000089400000|  0%| F|  |TAMS 0x0000000089300000, 0x0000000089300000| Untracked 
| 148|0x0000000089400000, 0x0000000089400000, 0x0000000089500000|  0%| F|  |TAMS 0x0000000089400000, 0x0000000089400000| Untracked 
| 149|0x0000000089500000, 0x0000000089500000, 0x0000000089600000|  0%| F|  |TAMS 0x0000000089500000, 0x0000000089500000| Untracked 
| 150|0x0000000089600000, 0x0000000089600000, 0x0000000089700000|  0%| F|  |TAMS 0x0000000089600000, 0x0000000089600000| Untracked 
| 151|0x0000000089700000, 0x0000000089700000, 0x0000000089800000|  0%| F|  |TAMS 0x0000000089700000, 0x0000000089700000| Untracked 
| 152|0x0000000089800000, 0x0000000089800000, 0x0000000089900000|  0%| F|  |TAMS 0x0000000089800000, 0x0000000089800000| Untracked 
| 153|0x0000000089900000, 0x0000000089900000, 0x0000000089a00000|  0%| F|  |TAMS 0x0000000089900000, 0x0000000089900000| Untracked 
| 154|0x0000000089a00000, 0x0000000089a00000, 0x0000000089b00000|  0%| F|  |TAMS 0x0000000089a00000, 0x0000000089a00000| Untracked 
| 155|0x0000000089b00000, 0x0000000089b00000, 0x0000000089c00000|  0%| F|  |TAMS 0x0000000089b00000, 0x0000000089b00000| Untracked 
| 156|0x0000000089c00000, 0x0000000089c00000, 0x0000000089d00000|  0%| F|  |TAMS 0x0000000089c00000, 0x0000000089c00000| Untracked 
| 157|0x0000000089d00000, 0x0000000089d00000, 0x0000000089e00000|  0%| F|  |TAMS 0x0000000089d00000, 0x0000000089d00000| Untracked 
| 158|0x0000000089e00000, 0x0000000089e00000, 0x0000000089f00000|  0%| F|  |TAMS 0x0000000089e00000, 0x0000000089e00000| Untracked 
| 159|0x0000000089f00000, 0x0000000089f72678, 0x000000008a000000| 44%| S|CS|TAMS 0x0000000089f00000, 0x0000000089f00000| Complete 
| 160|0x000000008a000000, 0x000000008a100000, 0x000000008a100000|100%| S|CS|TAMS 0x000000008a000000, 0x000000008a000000| Complete 
| 161|0x000000008a100000, 0x000000008a100000, 0x000000008a200000|  0%| F|  |TAMS 0x000000008a100000, 0x000000008a100000| Untracked 
| 162|0x000000008a200000, 0x000000008a200000, 0x000000008a300000|  0%| F|  |TAMS 0x000000008a200000, 0x000000008a200000| Untracked 
| 163|0x000000008a300000, 0x000000008a300000, 0x000000008a400000|  0%| F|  |TAMS 0x000000008a300000, 0x000000008a300000| Untracked 
| 164|0x000000008a400000, 0x000000008a400000, 0x000000008a500000|  0%| F|  |TAMS 0x000000008a400000, 0x000000008a400000| Untracked 
| 204|0x000000008cc00000, 0x000000008cc00000, 0x000000008cd00000|  0%| F|  |TAMS 0x000000008cc00000, 0x000000008cc00000| Untracked 
| 205|0x000000008cd00000, 0x000000008cd00000, 0x000000008ce00000|  0%| F|  |TAMS 0x000000008cd00000, 0x000000008cd00000| Untracked 
| 206|0x000000008ce00000, 0x000000008ce00000, 0x000000008cf00000|  0%| F|  |TAMS 0x000000008ce00000, 0x000000008ce00000| Untracked 
| 207|0x000000008cf00000, 0x000000008cf00000, 0x000000008d000000|  0%| F|  |TAMS 0x000000008cf00000, 0x000000008cf00000| Untracked 
| 208|0x000000008d000000, 0x000000008d000000, 0x000000008d100000|  0%| F|  |TAMS 0x000000008d000000, 0x000000008d000000| Untracked 
| 209|0x000000008d100000, 0x000000008d100000, 0x000000008d200000|  0%| F|  |TAMS 0x000000008d100000, 0x000000008d100000| Untracked 
| 210|0x000000008d200000, 0x000000008d200000, 0x000000008d300000|  0%| F|  |TAMS 0x000000008d200000, 0x000000008d200000| Untracked 
| 211|0x000000008d300000, 0x000000008d381258, 0x000000008d400000| 50%| E|  |TAMS 0x000000008d300000, 0x000000008d300000| Complete 
| 253|0x000000008fd00000, 0x000000008fe00000, 0x000000008fe00000|100%| E|CS|TAMS 0x000000008fd00000, 0x000000008fd00000| Complete 

Card table byte_map: [0x0000021f4ac00000,0x0000021f4b000000] _byte_map_base: 0x0000021f4a800000

Marking Bits (Prev, Next): (CMBitMap*) 0x0000021f37e49040, (CMBitMap*) 0x0000021f37e49000
 Prev Bits: [0x0000021f4d400000, 0x0000021f4f400000)
 Next Bits: [0x0000021f4b400000, 0x0000021f4d400000)

Polling page: 0x0000021f375b0000

Metaspace:

Usage:
  Non-class:     58.07 MB used.
      Class:      8.83 MB used.
       Both:     66.89 MB used.

Virtual space:
  Non-class space:       64.00 MB reserved,      58.44 MB ( 91%) committed,  8 nodes.
      Class space:        1.00 GB reserved,       9.12 MB ( <1%) committed,  1 nodes.
             Both:        1.06 GB reserved,      67.56 MB (  6%) committed. 

Chunk freelists:
   Non-Class:  1.51 MB
       Class:  2.73 MB
        Both:  4.24 MB

MaxMetaspaceSize: unlimited
CompressedClassSpaceSize: 1.00 GB
Initial GC threshold: 21.00 MB
Current GC threshold: 106.81 MB
CDS: off
MetaspaceReclaimPolicy: balanced
 - commit_granule_bytes: 65536.
 - commit_granule_words: 8192.
 - virtual_space_node_default_size: 1048576.
 - enlarge_chunks_in_place: 1.
 - new_chunks_are_fully_committed: 0.
 - uncommit_free_chunks: 1.
 - use_allocation_guard: 0.
 - handle_deallocations: 1.


Internal statistics:

num_allocs_failed_limit: 3.
num_arena_births: 684.
num_arena_deaths: 0.
num_vsnodes_births: 9.
num_vsnodes_deaths: 0.
num_space_committed: 1081.
num_space_uncommitted: 0.
num_chunks_returned_to_freelist: 3.
num_chunks_taken_from_freelist: 2990.
num_chunk_merges: 3.
num_chunk_splits: 1976.
num_chunks_enlarged: 1327.
num_purges: 0.
num_inconsistent_stats: 0.

CodeHeap 'non-profiled nmethods': size=120000Kb used=3817Kb max_used=3817Kb free=116182Kb
 bounds [0x0000021f42d80000, 0x0000021f43140000, 0x0000021f4a2b0000]
CodeHeap 'profiled nmethods': size=120000Kb used=12292Kb max_used=12292Kb free=107707Kb
 bounds [0x0000021f3b2b0000, 0x0000021f3bec0000, 0x0000021f427e0000]
CodeHeap 'non-nmethods': size=5760Kb used=2371Kb max_used=2414Kb free=3388Kb
 bounds [0x0000021f427e0000, 0x0000021f42a50000, 0x0000021f42d80000]
 total_blobs=7191 nmethods=6306 adapters=797
 compilation: enabled
              stopped_count=0, restarted_count=0
 full_count=0

Compilation events (20 events):
Event: 6.266 Thread 0x0000021f52c8bd30 7119   !   3       org.gradle.internal.event.DefaultListenerManager::getBroadcasterInternal (155 bytes)
Event: 6.267 Thread 0x0000021f52c8bd30 nmethod 7119 0x0000021f3bea5b10 code [0x0000021f3bea5dc0, 0x0000021f3bea6d48]
Event: 6.267 Thread 0x0000021f52c8bd30 7122       3       java.util.concurrent.atomic.AtomicInteger::getAndAdd (12 bytes)
Event: 6.267 Thread 0x0000021f52c8bd30 nmethod 7122 0x0000021f3bea7410 code [0x0000021f3bea75a0, 0x0000021f3bea76b8]
Event: 6.267 Thread 0x0000021f52c8bd30 7120       1       com.android.build.gradle.internal.api.DefaultAndroidSourceSet::getName (5 bytes)
Event: 6.267 Thread 0x0000021f52c8bd30 nmethod 7120 0x0000021f43138090 code [0x0000021f43138220, 0x0000021f431382f8]
Event: 6.267 Thread 0x0000021f52c8bd30 7121       1       org.gradle.api.internal.project.DefaultProjectStateRegistry$ProjectStateImpl::getProjectPath (5 bytes)
Event: 6.267 Thread 0x0000021f52c8bd30 nmethod 7121 0x0000021f43138390 code [0x0000021f43138520, 0x0000021f431385f8]
Event: 6.267 Thread 0x0000021f52c8bd30 7123       3       org.gradle.api.internal.collections.AbstractIterationOrderRetainingElementSource::<init> (27 bytes)
Event: 6.267 Thread 0x0000021f52c8bd30 nmethod 7123 0x0000021f3bea7790 code [0x0000021f3bea79c0, 0x0000021f3bea82a8]
Event: 6.267 Thread 0x0000021f52c8bd30 7124       1       org.gradle.configuration.internal.DefaultUserCodeApplicationContext$CurrentApplication::getId (5 bytes)
Event: 6.267 Thread 0x0000021f52c8bd30 nmethod 7124 0x0000021f43138690 code [0x0000021f43138820, 0x0000021f431388f8]
Event: 6.267 Thread 0x0000021f52c8bd30 7125       3       org.gradle.api.internal.DelegatingDomainObjectSet::<init> (10 bytes)
Event: 6.267 Thread 0x0000021f52c8bd30 nmethod 7125 0x0000021f3bea8610 code [0x0000021f3bea87a0, 0x0000021f3bea8958]
Event: 6.267 Thread 0x0000021f52c8bd30 7126       3       org.gradle.api.internal.DefaultDomainObjectSet::<init> (21 bytes)
Event: 6.267 Thread 0x0000021f52c8b340 nmethod 7110 0x0000021f43138990 code [0x0000021f43138b40, 0x0000021f43138e28]
Event: 6.268 Thread 0x0000021f52c8bd30 nmethod 7126 0x0000021f3bea8a10 code [0x0000021f3bea8ce0, 0x0000021f3bea9e18]
Event: 6.268 Thread 0x0000021f52c8bd30 7127       3       org.gradle.internal.Describables::of (10 bytes)
Event: 6.268 Thread 0x0000021f52c8bd30 nmethod 7127 0x0000021f3beaa410 code [0x0000021f3beaa5c0, 0x0000021f3beaa938]
Event: 6.272 Thread 0x0000021f52c8b340 7128       4       java.lang.Class::getPackageName (81 bytes)

GC Heap History (20 events):
Event: 3.727 GC heap before
{Heap before GC invocations=13 (full 0):
 garbage-first heap   total 119808K, used 85464K [0x0000000080000000, 0x0000000100000000)
  region size 1024K, 35 young (35840K), 6 survivors (6144K)
 Metaspace       used 45860K, committed 46272K, reserved 1089536K
  class space    used 6093K, committed 6272K, reserved 1048576K
}
Event: 3.731 GC heap after
{Heap after GC invocations=14 (full 0):
 garbage-first heap   total 119808K, used 60419K [0x0000000080000000, 0x0000000100000000)
  region size 1024K, 4 young (4096K), 4 survivors (4096K)
 Metaspace       used 45860K, committed 46272K, reserved 1089536K
  class space    used 6093K, committed 6272K, reserved 1048576K
}
Event: 3.858 GC heap before
{Heap before GC invocations=15 (full 0):
 garbage-first heap   total 119808K, used 73731K [0x0000000080000000, 0x0000000100000000)
  region size 1024K, 15 young (15360K), 4 survivors (4096K)
 Metaspace       used 46523K, committed 46976K, reserved 1097728K
  class space    used 6176K, committed 6336K, reserved 1048576K
}
Event: 3.861 GC heap after
{Heap after GC invocations=16 (full 0):
 garbage-first heap   total 119808K, used 65618K [0x0000000080000000, 0x0000000100000000)
  region size 1024K, 3 young (3072K), 3 survivors (3072K)
 Metaspace       used 46523K, committed 46976K, reserved 1097728K
  class space    used 6176K, committed 6336K, reserved 1048576K
}
Event: 4.146 GC heap before
{Heap before GC invocations=17 (full 0):
 garbage-first heap   total 119808K, used 92242K [0x0000000080000000, 0x0000000100000000)
  region size 1024K, 28 young (28672K), 3 survivors (3072K)
 Metaspace       used 48560K, committed 49088K, reserved 1097728K
  class space    used 6372K, committed 6592K, reserved 1048576K
}
Event: 4.149 GC heap after
{Heap after GC invocations=18 (full 0):
 garbage-first heap   total 154624K, used 67865K [0x0000000080000000, 0x0000000100000000)
  region size 1024K, 4 young (4096K), 4 survivors (4096K)
 Metaspace       used 48560K, committed 49088K, reserved 1097728K
  class space    used 6372K, committed 6592K, reserved 1048576K
}
Event: 4.797 GC heap before
{Heap before GC invocations=18 (full 0):
 garbage-first heap   total 154624K, used 111897K [0x0000000080000000, 0x0000000100000000)
  region size 1024K, 47 young (48128K), 4 survivors (4096K)
 Metaspace       used 53115K, committed 53696K, reserved 1097728K
  class space    used 7101K, committed 7360K, reserved 1048576K
}
Event: 4.802 GC heap after
{Heap after GC invocations=19 (full 0):
 garbage-first heap   total 154624K, used 71798K [0x0000000080000000, 0x0000000100000000)
  region size 1024K, 6 young (6144K), 6 survivors (6144K)
 Metaspace       used 53115K, committed 53696K, reserved 1097728K
  class space    used 7101K, committed 7360K, reserved 1048576K
}
Event: 5.038 GC heap before
{Heap before GC invocations=19 (full 0):
 garbage-first heap   total 154624K, used 103542K [0x0000000080000000, 0x0000000100000000)
  region size 1024K, 37 young (37888K), 6 survivors (6144K)
 Metaspace       used 53743K, committed 54272K, reserved 1097728K
  class space    used 7172K, committed 7424K, reserved 1048576K
}
Event: 5.042 GC heap after
{Heap after GC invocations=20 (full 0):
 garbage-first heap   total 154624K, used 78078K [0x0000000080000000, 0x0000000100000000)
  region size 1024K, 5 young (5120K), 5 survivors (5120K)
 Metaspace       used 53743K, committed 54272K, reserved 1097728K
  class space    used 7172K, committed 7424K, reserved 1048576K
}
Event: 5.095 GC heap before
{Heap before GC invocations=21 (full 0):
 garbage-first heap   total 154624K, used 84222K [0x0000000080000000, 0x0000000100000000)
  region size 1024K, 11 young (11264K), 5 survivors (5120K)
 Metaspace       used 54181K, committed 54784K, reserved 1097728K
  class space    used 7241K, committed 7488K, reserved 1048576K
}
Event: 5.098 GC heap after
{Heap after GC invocations=22 (full 0):
 garbage-first heap   total 154624K, used 81167K [0x0000000080000000, 0x0000000100000000)
  region size 1024K, 2 young (2048K), 2 survivors (2048K)
 Metaspace       used 54181K, committed 54784K, reserved 1097728K
  class space    used 7241K, committed 7488K, reserved 1048576K
}
Event: 5.476 GC heap before
{Heap before GC invocations=23 (full 0):
 garbage-first heap   total 154624K, used 123151K [0x0000000080000000, 0x0000000100000000)
  region size 1024K, 39 young (39936K), 2 survivors (2048K)
 Metaspace       used 59593K, committed 60096K, reserved 1105920K
  class space    used 7902K, committed 8128K, reserved 1048576K
}
Event: 5.478 GC heap after
{Heap after GC invocations=24 (full 0):
 garbage-first heap   total 154624K, used 89088K [0x0000000080000000, 0x0000000100000000)
  region size 1024K, 5 young (5120K), 5 survivors (5120K)
 Metaspace       used 59593K, committed 60096K, reserved 1105920K
  class space    used 7902K, committed 8128K, reserved 1048576K
}
Event: 5.831 GC heap before
{Heap before GC invocations=24 (full 0):
 garbage-first heap   total 154624K, used 116736K [0x0000000080000000, 0x0000000100000000)
  region size 1024K, 33 young (33792K), 5 survivors (5120K)
 Metaspace       used 64860K, committed 65600K, reserved 1105920K
  class space    used 8578K, committed 8896K, reserved 1048576K
}
Event: 5.835 GC heap after
{Heap after GC invocations=25 (full 0):
 garbage-first heap   total 154624K, used 92039K [0x0000000080000000, 0x0000000100000000)
  region size 1024K, 3 young (3072K), 3 survivors (3072K)
 Metaspace       used 64860K, committed 65600K, reserved 1105920K
  class space    used 8578K, committed 8896K, reserved 1048576K
}
Event: 6.123 GC heap before
{Heap before GC invocations=26 (full 0):
 garbage-first heap   total 178176K, used 130951K [0x0000000080000000, 0x0000000100000000)
  region size 1024K, 35 young (35840K), 3 survivors (3072K)
 Metaspace       used 67023K, committed 67648K, reserved 1114112K
  class space    used 8870K, committed 9152K, reserved 1048576K
}
Event: 6.128 GC heap after
{Heap after GC invocations=27 (full 0):
 garbage-first heap   total 178176K, used 95065K [0x0000000080000000, 0x0000000100000000)
  region size 1024K, 4 young (4096K), 4 survivors (4096K)
 Metaspace       used 67023K, committed 67648K, reserved 1114112K
  class space    used 8870K, committed 9152K, reserved 1048576K
}
Event: 6.165 GC heap before
{Heap before GC invocations=27 (full 0):
 garbage-first heap   total 178176K, used 99161K [0x0000000080000000, 0x0000000100000000)
  region size 1024K, 8 young (8192K), 4 survivors (4096K)
 Metaspace       used 67340K, committed 68032K, reserved 1114112K
  class space    used 8905K, committed 9216K, reserved 1048576K
}
Event: 6.167 GC heap after
{Heap after GC invocations=28 (full 0):
 garbage-first heap   total 178176K, used 95201K [0x0000000080000000, 0x0000000100000000)
  region size 1024K, 1 young (1024K), 1 survivors (1024K)
 Metaspace       used 67340K, committed 68032K, reserved 1114112K
  class space    used 8905K, committed 9216K, reserved 1048576K
}

Dll operation events (2 events):
Event: 0.005 Loaded shared library C:\Program Files\Android\Android Studio\jbr\bin\java.dll
Event: 0.255 Loaded shared library C:\Program Files\Android\Android Studio\jbr\bin\verify.dll

Deoptimization events (20 events):
Event: 6.102 Thread 0x0000021f53fa0b30 DEOPT PACKING pc=0x0000021f3b6b7b98 sp=0x00000092e91f5670
Event: 6.102 Thread 0x0000021f53fa0b30 DEOPT UNPACKING pc=0x0000021f4283ace3 sp=0x00000092e91f4b50 mode 0
Event: 6.235 Thread 0x0000021f53fa0b30 DEOPT PACKING pc=0x0000021f3b65ce1b sp=0x00000092e91f64f0
Event: 6.235 Thread 0x0000021f53fa0b30 DEOPT UNPACKING pc=0x0000021f4283ace3 sp=0x00000092e91f5960 mode 0
Event: 6.245 Thread 0x0000021f53fa0b30 Uncommon trap: trap_request=0xffffff45 fr.pc=0x0000021f42dcb354 relative=0x0000000000000314
Event: 6.245 Thread 0x0000021f53fa0b30 Uncommon trap: reason=unstable_if action=reinterpret pc=0x0000021f42dcb354 method=org.gradle.internal.reflect.PropertyAccessorType.of(Ljava/lang/reflect/Method;)Lorg/gradle/internal/reflect/PropertyAccessorType; @ 56 c2
Event: 6.245 Thread 0x0000021f53fa0b30 DEOPT PACKING pc=0x0000021f42dcb354 sp=0x00000092e91f67d0
Event: 6.245 Thread 0x0000021f53fa0b30 DEOPT UNPACKING pc=0x0000021f4283a1a3 sp=0x00000092e91f6790 mode 2
Event: 6.259 Thread 0x0000021f53fa0b30 Uncommon trap: trap_request=0xffffff45 fr.pc=0x0000021f42f47d54 relative=0x0000000000000154
Event: 6.259 Thread 0x0000021f53fa0b30 Uncommon trap: reason=unstable_if action=reinterpret pc=0x0000021f42f47d54 method=org.objectweb.asm.ByteVector.putByteArray([BII)Lorg/objectweb/asm/ByteVector; @ 20 c2
Event: 6.259 Thread 0x0000021f53fa0b30 DEOPT PACKING pc=0x0000021f42f47d54 sp=0x00000092e91f5020
Event: 6.259 Thread 0x0000021f53fa0b30 DEOPT UNPACKING pc=0x0000021f4283a1a3 sp=0x00000092e91f4ff0 mode 2
Event: 6.259 Thread 0x0000021f53fa0b30 Uncommon trap: trap_request=0xffffff45 fr.pc=0x0000021f42eac2d0 relative=0x0000000000000a90
Event: 6.259 Thread 0x0000021f53fa0b30 Uncommon trap: reason=unstable_if action=reinterpret pc=0x0000021f42eac2d0 method=org.objectweb.asm.Label.resolve([BI)Z @ 80 c2
Event: 6.259 Thread 0x0000021f53fa0b30 DEOPT PACKING pc=0x0000021f42eac2d0 sp=0x00000092e91f5060
Event: 6.259 Thread 0x0000021f53fa0b30 DEOPT UNPACKING pc=0x0000021f4283a1a3 sp=0x00000092e91f4f80 mode 2
Event: 6.259 Thread 0x0000021f53fa0b30 Uncommon trap: trap_request=0xffffff45 fr.pc=0x0000021f42e56588 relative=0x00000000000001e8
Event: 6.259 Thread 0x0000021f53fa0b30 Uncommon trap: reason=unstable_if action=reinterpret pc=0x0000021f42e56588 method=org.objectweb.asm.Label.resolve([BI)Z @ 80 c2
Event: 6.259 Thread 0x0000021f53fa0b30 DEOPT PACKING pc=0x0000021f42e56588 sp=0x00000092e91f4ff0
Event: 6.259 Thread 0x0000021f53fa0b30 DEOPT UNPACKING pc=0x0000021f4283a1a3 sp=0x00000092e91f4f70 mode 2

Classes unloaded (0 events):
No events

Classes redefined (0 events):
No events

Internal exceptions (20 events):
Event: 5.024 Thread 0x0000021f53fa0b30 Exception <a 'java/lang/ClassNotFoundException'{0x0000000087a93db8}: build_5gppu51dhzyce1rvqno6t1xdgBeanInfo> (0x0000000087a93db8) 
thrown [s\src\hotspot\share\classfile\systemDictionary.cpp, line 256]
Event: 5.024 Thread 0x0000021f53fa0b30 Exception <a 'java/lang/ClassNotFoundException'{0x0000000087a9a5f0}: build_5gppu51dhzyce1rvqno6t1xdgCustomizer> (0x0000000087a9a5f0) 
thrown [s\src\hotspot\share\classfile\systemDictionary.cpp, line 256]
Event: 5.205 Thread 0x0000021f53fa0b30 Exception <a 'java/lang/NoSuchMethodError'{0x00000000889ed550}: 'java.lang.Object java.lang.invoke.DirectMethodHandle$Holder.newInvokeSpecial(java.lang.Object, java.lang.Object, java.lang.Object, java.lang.Object, int)'> (0x00000000889ed550) 
thrown [s\src\hotspot\share\interpreter\linkResolver.cpp, line 771]
Event: 5.205 Thread 0x0000021f53fa0b30 Exception <a 'java/lang/NoSuchMethodError'{0x00000000889f2b20}: 'java.lang.Object java.lang.invoke.DirectMethodHandle$Holder.invokeSpecial(java.lang.Object, java.lang.Object, java.lang.Object, java.lang.Object, java.lang.Object, int)'> (0x00000000889f2b20) 
thrown [s\src\hotspot\share\interpreter\linkResolver.cpp, line 771]
Event: 5.206 Thread 0x0000021f53fa0b30 Exception <a 'java/lang/NoSuchMethodError'{0x00000000889f7aa0}: 'java.lang.Object java.lang.invoke.Invokers$Holder.linkToTargetMethod(java.lang.Object, java.lang.Object, java.lang.Object, int, java.lang.Object)'> (0x00000000889f7aa0) 
thrown [s\src\hotspot\share\interpreter\linkResolver.cpp, line 771]
Event: 5.216 Thread 0x0000021f53fa0b30 Exception <a 'java/lang/NoSuchMethodError'{0x00000000888afbb8}: 'java.lang.Object java.lang.invoke.DirectMethodHandle$Holder.newInvokeSpecial(java.lang.Object, java.lang.Object, int, int)'> (0x00000000888afbb8) 
thrown [s\src\hotspot\share\interpreter\linkResolver.cpp, line 771]
Event: 5.381 Thread 0x0000021f53fa0b30 Exception <a 'java/lang/NoSuchMethodError'{0x0000000087aae270}: 'int java.lang.invoke.DirectMethodHandle$Holder.invokeInterface(java.lang.Object, java.lang.Object, java.lang.Object, java.lang.Object)'> (0x0000000087aae270) 
thrown [s\src\hotspot\share\interpreter\linkResolver.cpp, line 771]
Event: 5.693 Thread 0x0000021f53fa0b30 Exception <a 'java/lang/IncompatibleClassChangeError'{0x00000000886b0f50}: Found class java.lang.Object, but interface was expected> (0x00000000886b0f50) 
thrown [s\src\hotspot\share\interpreter\linkResolver.cpp, line 838]
Event: 5.729 Thread 0x0000021f53fa0b30 Implicit null exception at 0x0000021f42dfc7d4 to 0x0000021f42dfc988
Event: 5.797 Thread 0x0000021f53fa0b30 Implicit null exception at 0x0000021f42f83e0c to 0x0000021f42f83f42
Event: 5.898 Thread 0x0000021f53fa0b30 Exception <a 'sun/nio/fs/WindowsException'{0x000000008a1b02d0}> (0x000000008a1b02d0) 
thrown [s\src\hotspot\share\prims\jni.cpp, line 517]
Event: 6.173 Thread 0x0000021f53fa0b30 Exception <a 'java/lang/ClassNotFoundException'{0x000000008fdb3eb8}: org/gradle/api/plugins/internal/DefaultBasePluginConventionBeanInfo> (0x000000008fdb3eb8) 
thrown [s\src\hotspot\share\classfile\systemDictionary.cpp, line 256]
Event: 6.173 Thread 0x0000021f53fa0b30 Exception <a 'java/lang/ClassNotFoundException'{0x000000008fdcc1c8}: org/gradle/api/plugins/BasePluginConventionBeanInfo> (0x000000008fdcc1c8) 
thrown [s\src\hotspot\share\classfile\systemDictionary.cpp, line 256]
Event: 6.174 Thread 0x0000021f53fa0b30 Exception <a 'java/lang/ClassNotFoundException'{0x000000008fde44a0}: org/gradle/api/plugins/BasePluginConventionCustomizer> (0x000000008fde44a0) 
thrown [s\src\hotspot\share\classfile\systemDictionary.cpp, line 256]
Event: 6.174 Thread 0x0000021f53fa0b30 Exception <a 'java/lang/ClassNotFoundException'{0x000000008d307e98}: org/gradle/api/plugins/internal/DefaultBasePluginConventionCustomizer> (0x000000008d307e98) 
thrown [s\src\hotspot\share\classfile\systemDictionary.cpp, line 256]
Event: 6.176 Thread 0x0000021f53fa0b30 Exception <a 'java/lang/ClassNotFoundException'{0x000000008d355e20}: org/gradle/api/plugins/internal/DefaultJavaPluginConventionBeanInfo> (0x000000008d355e20) 
thrown [s\src\hotspot\share\classfile\systemDictionary.cpp, line 256]
Event: 6.176 Thread 0x0000021f53fa0b30 Exception <a 'java/lang/ClassNotFoundException'{0x000000008d36e130}: org/gradle/api/plugins/JavaPluginConventionBeanInfo> (0x000000008d36e130) 
thrown [s\src\hotspot\share\classfile\systemDictionary.cpp, line 256]
Event: 6.177 Thread 0x0000021f53fa0b30 Exception <a 'java/lang/ClassNotFoundException'{0x000000008d386710}: org/gradle/api/plugins/JavaPluginConventionCustomizer> (0x000000008d386710) 
thrown [s\src\hotspot\share\classfile\systemDictionary.cpp, line 256]
Event: 6.178 Thread 0x0000021f53fa0b30 Exception <a 'java/lang/ClassNotFoundException'{0x000000008d3b3b80}: org/gradle/api/plugins/internal/DefaultJavaPluginConventionCustomizer> (0x000000008d3b3b80) 
thrown [s\src\hotspot\share\classfile\systemDictionary.cpp, line 256]
Event: 6.259 Thread 0x0000021f53fa0b30 Implicit null exception at 0x0000021f42f47c48 to 0x0000021f42f47d34

VM Operations (20 events):
Event: 5.379 Executing VM operation: HandshakeAllThreads
Event: 5.380 Executing VM operation: HandshakeAllThreads done
Event: 5.476 Executing VM operation: G1CollectForAllocation
Event: 5.478 Executing VM operation: G1CollectForAllocation done
Event: 5.782 Executing VM operation: HandshakeAllThreads
Event: 5.782 Executing VM operation: HandshakeAllThreads done
Event: 5.803 Executing VM operation: HandshakeAllThreads
Event: 5.804 Executing VM operation: HandshakeAllThreads done
Event: 5.828 Executing VM operation: ICBufferFull
Event: 5.829 Executing VM operation: ICBufferFull done
Event: 5.831 Executing VM operation: G1TryInitiateConcMark
Event: 5.836 Executing VM operation: G1TryInitiateConcMark done
Event: 5.853 Executing VM operation: G1Concurrent
Event: 5.858 Executing VM operation: G1Concurrent done
Event: 5.866 Executing VM operation: G1Concurrent
Event: 5.866 Executing VM operation: G1Concurrent done
Event: 6.123 Executing VM operation: G1CollectForAllocation
Event: 6.128 Executing VM operation: G1CollectForAllocation done
Event: 6.165 Executing VM operation: G1CollectForAllocation
Event: 6.167 Executing VM operation: G1CollectForAllocation done

Events (20 events):
Event: 5.826 loading class java/util/Base64
Event: 5.826 loading class java/util/Base64 done
Event: 5.826 loading class java/util/Base64$Decoder
Event: 5.827 loading class java/util/Base64$Decoder done
Event: 5.827 loading class java/util/Base64$Encoder
Event: 5.827 loading class java/util/Base64$Encoder done
Event: 5.827 loading class java/util/jar/JarVerifier$VerifierStream
Event: 5.827 loading class java/util/jar/JarVerifier$VerifierStream done
Event: 5.827 loading class sun/security/util/ManifestEntryVerifier$SunProviderHolder
Event: 5.827 loading class sun/security/util/ManifestEntryVerifier$SunProviderHolder done
Event: 5.877 loading class java/security/KeyStore$ProtectionParameter
Event: 5.877 loading class java/security/KeyStore$ProtectionParameter done
Event: 6.153 loading class java/security/KeyStore
Event: 6.153 loading class java/security/KeyStore done
Event: 6.153 loading class java/security/KeyStore$1
Event: 6.154 loading class java/security/KeyStore$1 done
Event: 6.225 loading class javax/xml/stream/XMLStreamException
Event: 6.225 loading class javax/xml/stream/XMLStreamException done
Event: 6.243 loading class sun/reflect/annotation/AnnotationInvocationHandler$1
Event: 6.243 loading class sun/reflect/annotation/AnnotationInvocationHandler$1 done


Dynamic libraries:
0x00007ff710930000 - 0x00007ff71093a000 	C:\Program Files\Android\Android Studio\jbr\bin\java.exe
0x00007ffd92710000 - 0x00007ffd92927000 	C:\WINDOWS\SYSTEM32\ntdll.dll
0x00007ffd90750000 - 0x00007ffd90814000 	C:\WINDOWS\System32\KERNEL32.DLL
0x00007ffd8fdb0000 - 0x00007ffd90156000 	C:\WINDOWS\System32\KERNELBASE.dll
0x00007ffd901e0000 - 0x00007ffd902f1000 	C:\WINDOWS\System32\ucrtbase.dll
0x00007ffd63cb0000 - 0x00007ffd63cc7000 	C:\Program Files\Android\Android Studio\jbr\bin\jli.dll
0x00007ffd63c70000 - 0x00007ffd63c8b000 	C:\Program Files\Android\Android Studio\jbr\bin\VCRUNTIME140.dll
0x00007ffd90820000 - 0x00007ffd909ce000 	C:\WINDOWS\System32\USER32.dll
0x00007ffd795f0000 - 0x00007ffd79883000 	C:\WINDOWS\WinSxS\amd64_microsoft.windows.common-controls_6595b64144ccf1df_6.0.22621.2506_none_270c5ae97388e100\COMCTL32.dll
0x00007ffd8fd80000 - 0x00007ffd8fda6000 	C:\WINDOWS\System32\win32u.dll
0x00007ffd922c0000 - 0x00007ffd92367000 	C:\WINDOWS\System32\msvcrt.dll
0x00007ffd91430000 - 0x00007ffd91459000 	C:\WINDOWS\System32\GDI32.dll
0x00007ffd8fa80000 - 0x00007ffd8fb98000 	C:\WINDOWS\System32\gdi32full.dll
0x00007ffd90300000 - 0x00007ffd9039a000 	C:\WINDOWS\System32\msvcp_win.dll
0x00007ffd92280000 - 0x00007ffd922b1000 	C:\WINDOWS\System32\IMM32.DLL
0x00007ffd685e0000 - 0x00007ffd685ec000 	C:\Program Files\Android\Android Studio\jbr\bin\vcruntime140_1.dll
0x00007ffd3f640000 - 0x00007ffd3f6cd000 	C:\Program Files\Android\Android Studio\jbr\bin\msvcp140.dll
0x00007ffcfd100000 - 0x00007ffcfdd6e000 	C:\Program Files\Android\Android Studio\jbr\bin\server\jvm.dll
0x00007ffd92610000 - 0x00007ffd926c1000 	C:\WINDOWS\System32\ADVAPI32.dll
0x00007ffd91d30000 - 0x00007ffd91dd5000 	C:\WINDOWS\System32\sechost.dll
0x00007ffd90460000 - 0x00007ffd90577000 	C:\WINDOWS\System32\RPCRT4.dll
0x00007ffd7ab60000 - 0x00007ffd7ab69000 	C:\WINDOWS\SYSTEM32\WSOCK32.dll
0x00007ffd87610000 - 0x00007ffd87644000 	C:\WINDOWS\SYSTEM32\WINMM.dll
0x00007ffd7ea00000 - 0x00007ffd7ea0a000 	C:\WINDOWS\SYSTEM32\VERSION.dll
0x00007ffd918e0000 - 0x00007ffd91951000 	C:\WINDOWS\System32\WS2_32.dll
0x00007ffd8eb10000 - 0x00007ffd8eb28000 	C:\WINDOWS\SYSTEM32\kernel.appcore.dll
0x00007ffd7a5c0000 - 0x00007ffd7a5ca000 	C:\Program Files\Android\Android Studio\jbr\bin\jimage.dll
0x00007ffd8cd90000 - 0x00007ffd8cfc3000 	C:\WINDOWS\SYSTEM32\DBGHELP.DLL
0x00007ffd91960000 - 0x00007ffd91ce9000 	C:\WINDOWS\System32\combase.dll
0x00007ffd92530000 - 0x00007ffd92607000 	C:\WINDOWS\System32\OLEAUT32.dll
0x00007ffd6fb00000 - 0x00007ffd6fb32000 	C:\WINDOWS\SYSTEM32\dbgcore.DLL
0x00007ffd90160000 - 0x00007ffd901da000 	C:\WINDOWS\System32\bcryptPrimitives.dll
0x00007ffd66af0000 - 0x00007ffd66b15000 	C:\Program Files\Android\Android Studio\jbr\bin\java.dll
0x00007ffd66ad0000 - 0x00007ffd66ae8000 	C:\Program Files\Android\Android Studio\jbr\bin\zip.dll
0x00007ffd90b40000 - 0x00007ffd9139a000 	C:\WINDOWS\System32\SHELL32.dll
0x00007ffd8d960000 - 0x00007ffd8e256000 	C:\WINDOWS\SYSTEM32\windows.storage.dll
0x00007ffd8d820000 - 0x00007ffd8d95e000 	C:\WINDOWS\SYSTEM32\wintypes.dll
0x00007ffd92180000 - 0x00007ffd92273000 	C:\WINDOWS\System32\SHCORE.dll
0x00007ffd923d0000 - 0x00007ffd9242e000 	C:\WINDOWS\System32\shlwapi.dll
0x00007ffd8f9b0000 - 0x00007ffd8f9d6000 	C:\WINDOWS\SYSTEM32\profapi.dll
0x00007ffd66550000 - 0x00007ffd66569000 	C:\Program Files\Android\Android Studio\jbr\bin\net.dll
0x00007ffd88c90000 - 0x00007ffd88dc7000 	C:\WINDOWS\SYSTEM32\WINHTTP.dll
0x00007ffd8eff0000 - 0x00007ffd8f059000 	C:\WINDOWS\system32\mswsock.dll
0x00007ffd66530000 - 0x00007ffd66546000 	C:\Program Files\Android\Android Studio\jbr\bin\nio.dll
0x00007ffd79400000 - 0x00007ffd79410000 	C:\Program Files\Android\Android Studio\jbr\bin\verify.dll
0x00007ffd62570000 - 0x00007ffd62597000 	C:\Users\acer\.gradle\native\e1d6ef7f7dcc3fd88c89a11ec53ec762bb8ba0a96d01ffa2cd45eb1d1d8dd5c5\windows-amd64\native-platform.dll
0x00007ffd3ba70000 - 0x00007ffd3bbb4000 	C:\Users\acer\.gradle\native\0d407fdbe67a94daf76414ababcb853783967236a71b16ec16e742cd7a986fd3\windows-amd64\native-platform-file-events.dll
0x00007ffd78fd0000 - 0x00007ffd78fd9000 	C:\Program Files\Android\Android Studio\jbr\bin\management.dll
0x00007ffd6dcc0000 - 0x00007ffd6dccb000 	C:\Program Files\Android\Android Studio\jbr\bin\management_ext.dll
0x00007ffd91d20000 - 0x00007ffd91d28000 	C:\WINDOWS\System32\PSAPI.DLL
0x00007ffd8f240000 - 0x00007ffd8f25b000 	C:\WINDOWS\SYSTEM32\CRYPTSP.dll
0x00007ffd8ead0000 - 0x00007ffd8eb05000 	C:\WINDOWS\system32\rsaenh.dll
0x00007ffd8f0e0000 - 0x00007ffd8f10c000 	C:\WINDOWS\SYSTEM32\USERENV.dll
0x00007ffd8f430000 - 0x00007ffd8f458000 	C:\WINDOWS\SYSTEM32\bcrypt.dll
0x00007ffd8f260000 - 0x00007ffd8f26c000 	C:\WINDOWS\SYSTEM32\CRYPTBASE.dll
0x00007ffd8e530000 - 0x00007ffd8e55d000 	C:\WINDOWS\SYSTEM32\IPHLPAPI.DLL
0x00007ffd91de0000 - 0x00007ffd91de9000 	C:\WINDOWS\System32\NSI.dll
0x00007ffd89080000 - 0x00007ffd89099000 	C:\WINDOWS\SYSTEM32\dhcpcsvc6.DLL
0x00007ffd888c0000 - 0x00007ffd888df000 	C:\WINDOWS\SYSTEM32\dhcpcsvc.DLL
0x00007ffd8e5a0000 - 0x00007ffd8e699000 	C:\WINDOWS\SYSTEM32\DNSAPI.dll
0x00007ffd76e70000 - 0x00007ffd76e78000 	C:\WINDOWS\system32\wshunix.dll

dbghelp: loaded successfully - version: 4.0.5 - missing functions: none
symbol engine: initialized successfully - sym options: 0x614 - pdb path: .;C:\Program Files\Android\Android Studio\jbr\bin;C:\WINDOWS\SYSTEM32;C:\WINDOWS\WinSxS\amd64_microsoft.windows.common-controls_6595b64144ccf1df_6.0.22621.2506_none_270c5ae97388e100;C:\Program Files\Android\Android Studio\jbr\bin\server;C:\Users\acer\.gradle\native\e1d6ef7f7dcc3fd88c89a11ec53ec762bb8ba0a96d01ffa2cd45eb1d1d8dd5c5\windows-amd64;C:\Users\acer\.gradle\native\0d407fdbe67a94daf76414ababcb853783967236a71b16ec16e742cd7a986fd3\windows-amd64

VM Arguments:
jvm_args: --add-opens=java.base/java.util=ALL-UNNAMED --add-opens=java.base/java.lang=ALL-UNNAMED --add-opens=java.base/java.lang.invoke=ALL-UNNAMED --add-opens=java.base/java.util=ALL-UNNAMED --add-opens=java.prefs/java.util.prefs=ALL-UNNAMED --add-opens=java.prefs/java.util.prefs=ALL-UNNAMED --add-opens=java.base/java.nio.charset=ALL-UNNAMED --add-opens=java.base/java.net=ALL-UNNAMED --add-opens=java.base/java.util.concurrent.atomic=ALL-UNNAMED -Xmx2048m -Dfile.encoding=UTF-8 -Duser.country=ID -Duser.language=en -Duser.variant 
java_command: org.gradle.launcher.daemon.bootstrap.GradleDaemon 7.5
java_class_path (initial): C:\Users\acer\.gradle\wrapper\dists\gradle-7.5-bin\f1w0cc9nuo0eivz97x2xlu9sv\gradle-7.5\lib\gradle-launcher-7.5.jar
Launcher Type: SUN_STANDARD

[Global flags]
     intx CICompilerCount                          = 4                                         {product} {ergonomic}
     uint ConcGCThreads                            = 3                                         {product} {ergonomic}
     uint G1ConcRefinementThreads                  = 10                                        {product} {ergonomic}
   size_t G1HeapRegionSize                         = 1048576                                   {product} {ergonomic}
    uintx GCDrainStackTargetSize                   = 64                                        {product} {ergonomic}
   size_t InitialHeapSize                          = 266338304                                 {product} {ergonomic}
   size_t MarkStackSize                            = 4194304                                   {product} {ergonomic}
   size_t MaxHeapSize                              = 2147483648                                {product} {command line}
   size_t MaxNewSize                               = 1287651328                                {product} {ergonomic}
   size_t MinHeapDeltaBytes                        = 1048576                                   {product} {ergonomic}
   size_t MinHeapSize                              = 8388608                                   {product} {ergonomic}
    uintx NonNMethodCodeHeapSize                   = 5839372                                {pd product} {ergonomic}
    uintx NonProfiledCodeHeapSize                  = 122909434                              {pd product} {ergonomic}
    uintx ProfiledCodeHeapSize                     = 122909434                              {pd product} {ergonomic}
    uintx ReservedCodeCacheSize                    = 251658240                              {pd product} {ergonomic}
     bool SegmentedCodeCache                       = true                                      {product} {ergonomic}
   size_t SoftMaxHeapSize                          = 2147483648                             {manageable} {ergonomic}
     bool UseCompressedClassPointers               = true                           {product lp64_product} {ergonomic}
     bool UseCompressedOops                        = true                           {product lp64_product} {ergonomic}
     bool UseG1GC                                  = true                                      {product} {ergonomic}
     bool UseLargePagesIndividualAllocation        = false                                  {pd product} {ergonomic}

Logging:
Log output configuration:
 #0: stdout all=warning uptime,level,tags
 #1: stderr all=off uptime,level,tags

Environment Variables:
PATH=C:\Program Files (x86)\Common Files\Intel\Shared Libraries\redist\intel64\compiler;C:\PROGRA~2\Borland\CBUILD~1\Bin;C:\PROGRA~2\Borland\CBUILD~1\Projects\Bpl;C:\Program Files (x86)\Common Files\Oracle\Java\javapath;C:\Windows\system32;C:\Windows;C:\Windows\System32\Wbem;C:\Windows\System32\WindowsPowerShell\v1.0\;C:\Windows\System32\OpenSSH\;C:\Program Files (x86)\NVIDIA Corporation\PhysX\Common;C:\Program Files\NVIDIA Corporation\NVIDIA NvDLISR;C:\WINDOWS\system32;C:\WINDOWS;C:\WINDOWS\System32\Wbem;C:\WINDOWS\System32\WindowsPowerShell\v1.0\;C:\WINDOWS\System32\OpenSSH\;D:\file gilang\Delphi7\Bin;D:\file gilang\Delphi7\Projects\Bpl;D:\file gilang\Delphi7\Rave5;C:\Program Files (x86)\Borland\Delphi7\Bin;C:\Program Files (x86)\Borland\Delphi7\Projects\Bpl;C:\Program Files\Microsoft VS Code\bin;C:\TDM-GCC-32\bin;C:\xampp\php;C:\ProgramData\ComposerSetup\bin;C:\Program Files\nodejs\;C:\Program Files\Git\cmd;D:\powershell\7\;C:\Users\acer\AppData\Local\Programs\Python\Python39\Scripts\;C:\Users\acer\AppData\Local\Programs\Python\Python39\;C:\Users\acer\AppData\Local\Microsoft\WindowsApps;C:\Users\acer\AppData\Roaming\Composer\vendor\bin;C:\Users\acer\AppData\Roaming\npm;C:\Program Files\JetBrains\PyCharm Community Edition 2022.3.2\bin;;D:\selenium\chromedriver_win32
USERNAME=acer
OS=Windows_NT
PROCESSOR_IDENTIFIER=Intel64 Family 6 Model 141 Stepping 1, GenuineIntel
TMP=C:\Users\acer\AppData\Local\Temp
TEMP=C:\Users\acer\AppData\Local\Temp


JNI global refs:
JNI global refs: 27, weak refs: 8

JNI global refs memory usage: 843, weak refs: 841


---------------  S Y S T E M  ---------------

OS:
 Windows 11 , 64 bit Build 22621 (10.0.22621.2506)
OS uptime: 2 days 10:08 hours
Hyper-V role detected

CPU: total 12 (initial active 12) (6 cores per cpu, 2 threads per core) family 6 model 141 stepping 1 microcode 0x3c, cx8, cmov, fxsr, ht, mmx, 3dnowpref, sse, sse2, sse3, ssse3, sse4.1, sse4.2, popcnt, lzcnt, tsc, tscinvbit, avx, avx2, aes, erms, clmul, bmi1, bmi2, adx, avx512f, avx512dq, avx512cd, avx512bw, avx512vl, sha, fma, vzeroupper, avx512_vpopcntdq, avx512_vpclmulqdq, avx512_vaes, avx512_vnni, clflush, clflushopt, clwb, avx512_vbmi2, avx512_vbmi, hv

Memory: 4k page, system-wide physical 16163M (982M free)
TotalPageFile size 31683M (AvailPageFile size 5M)
current process WorkingSet (physical memory assigned to process): 401M, peak: 401M
current process commit charge ("private bytes"): 443M, peak: 444M

vm_info: OpenJDK 64-Bit Server VM (17.0.6+0-b2043.56-10027231) for windows-amd64 JRE (17.0.6+0-b2043.56-10027231), built on Apr 28 2023 00:43:19 by "androidbuild" with MS VC++ 16.10 / 16.11 (VS2019)

END.
