#
# There is insufficient memory for the Java Runtime Environment to continue.
# Native memory allocation (mmap) failed to map 23068672 bytes for G1 virtual space
# Possible reasons:
#   The system is out of physical RAM or swap space
#   The process is running with CompressedOops enabled, and the Java Heap may be blocking the growth of the native heap
# Possible solutions:
#   Reduce memory load on the system
#   Increase physical memory or swap space
#   Check if swap backing store is full
#   Decrease Java heap size (-Xmx/-Xms)
#   Decrease number of Java threads
#   Decrease Java thread stack sizes (-Xss)
#   Set larger code cache with -XX:ReservedCodeCacheSize=
#   JVM is running with Unscaled Compressed Oops mode in which the Java heap is
#     placed in the first 4GB address space. The Java Heap base address is the
#     maximum limit for the native heap growth. Please use -XX:HeapBaseMinAddress
#     to set the Java Heap base and to place the Java Heap above 4GB virtual address.
# This output file may be truncated or incomplete.
#
#  Out of Memory Error (os_windows.cpp:3769), pid=24144, tid=10068
#
# JRE version: OpenJDK Runtime Environment (17.0.6) (build 17.0.6+0-b2043.56-10027231)
# Java VM: OpenJDK 64-Bit Server VM (17.0.6+0-b2043.56-10027231, mixed mode, tiered, compressed oops, compressed class ptrs, g1 gc, windows-amd64)
# No core dump will be written. Minidumps are not enabled by default on client versions of Windows
#

---------------  S U M M A R Y ------------

Command Line: --add-opens=java.base/java.util=ALL-UNNAMED --add-opens=java.base/java.lang=ALL-UNNAMED --add-opens=java.base/java.lang.invoke=ALL-UNNAMED --add-opens=java.base/java.util=ALL-UNNAMED --add-opens=java.prefs/java.util.prefs=ALL-UNNAMED --add-opens=java.prefs/java.util.prefs=ALL-UNNAMED --add-opens=java.base/java.nio.charset=ALL-UNNAMED --add-opens=java.base/java.net=ALL-UNNAMED --add-opens=java.base/java.util.concurrent.atomic=ALL-UNNAMED -Xmx2048m -Dfile.encoding=UTF-8 -Duser.country=ID -Duser.language=en -Duser.variant org.gradle.launcher.daemon.bootstrap.GradleDaemon 7.5

Host: 11th Gen Intel(R) Core(TM) i5-11400H @ 2.70GHz, 12 cores, 15G,  Windows 11 , 64 bit Build 22621 (10.0.22621.2506)
Time: Fri Jan  5 16:51:24 2024 SE Asia Standard Time elapsed time: 7.918214 seconds (0d 0h 0m 7s)

---------------  T H R E A D  ---------------

Current thread (0x000001776d45d610):  VMThread "VM Thread" [stack: 0x00000072c2300000,0x00000072c2400000] [id=10068]

Stack: [0x00000072c2300000,0x00000072c2400000]
Native frames: (J=compiled Java code, j=interpreted, Vv=VM code, C=native code)
V  [jvm.dll+0x683c9a]
V  [jvm.dll+0x8427a4]
V  [jvm.dll+0x843f9e]
V  [jvm.dll+0x844603]
V  [jvm.dll+0x249b75]
V  [jvm.dll+0x680b69]
V  [jvm.dll+0x67505a]
V  [jvm.dll+0x309acb]
V  [jvm.dll+0x310f86]
V  [jvm.dll+0x3608ee]
V  [jvm.dll+0x360b1f]
V  [jvm.dll+0x2dfbf8]
V  [jvm.dll+0x2e2ce6]
V  [jvm.dll+0x2ed478]
V  [jvm.dll+0x322150]
V  [jvm.dll+0x848ccb]
V  [jvm.dll+0x849a04]
V  [jvm.dll+0x849f1d]
V  [jvm.dll+0x84a2f4]
V  [jvm.dll+0x84a3c0]
V  [jvm.dll+0x7f274a]
V  [jvm.dll+0x682ad5]
C  [ucrtbase.dll+0x29363]
C  [KERNEL32.DLL+0x1257d]
C  [ntdll.dll+0x5aa58]

VM_Operation (0x00000072c1fff9c0): G1Concurrent, mode: safepoint, requested by thread 0x00000177527985a0


---------------  P R O C E S S  ---------------

Threads class SMR info:
_java_thread_list=0x0000017773933ec0, length=169, elements={
0x000001775272bf20, 0x000001776d45fb50, 0x000001776d460610, 0x000001776d4a62a0,
0x000001776d4a6d60, 0x000001776d4a9820, 0x000001776d4aa1d0, 0x000001776d4b52d0,
0x000001776d4b6d80, 0x000001776d4bbb90, 0x000001776d634040, 0x000001776d634510,
0x000001776fa7d700, 0x0000017770489a70, 0x000001776fb87ce0, 0x000001776d7d1a50,
0x000001776d91d840, 0x000001776e2a7f90, 0x000001776e2a5f50, 0x00000177700f2ea0,
0x00000177700f4b80, 0x00000177700f3370, 0x00000177700f2500, 0x00000177700f3840,
0x00000177700f41e0, 0x00000177700f2030, 0x00000177700f29d0, 0x00000177700f3d10,
0x00000177700f46b0, 0x00000177700f11c0, 0x00000177700f1690, 0x00000177700f1b60,
0x00000177705ddbf0, 0x00000177705dba40, 0x00000177705de0c0, 0x00000177705d93c0,
0x00000177705df8d0, 0x00000177705dcd80, 0x00000177705dbf10, 0x00000177705dc3e0,
0x00000177705dc8b0, 0x00000177705dd250, 0x00000177705dd720, 0x00000177705dabd0,
0x00000177705e0740, 0x00000177705d9890, 0x00000177705d9d60, 0x00000177705e0270,
0x00000177705da230, 0x00000177705db0a0, 0x00000177705db570, 0x0000017773da8230,
0x0000017773da4d40, 0x0000017773da9570, 0x0000017773da5210, 0x0000017773da56e0,
0x0000017773da9f10, 0x0000017773da7d60, 0x0000017773da73c0, 0x0000017773da5bb0,
0x0000017773da6080, 0x0000017773da8bd0, 0x0000017773da6ef0, 0x0000017773da6550,
0x0000017773da3a00, 0x0000017773da7890, 0x0000017773da43a0, 0x0000017773da8700,
0x0000017773da3ed0, 0x0000017773da6a20, 0x0000017773daa3e0, 0x0000017773daa8b0,
0x0000017773da3060, 0x0000017773da90a0, 0x0000017773da9a40, 0x0000017773da3530,
0x0000017773da4870, 0x0000017773116ff0, 0x0000017773119b40, 0x000001777311c690,
0x000001777311b820, 0x0000017773118330, 0x000001777311b350, 0x0000017773119670,
0x000001777311a010, 0x000001777311a9b0, 0x0000017773117e60, 0x000001777311c1c0,
0x000001777311cb60, 0x0000017773118800, 0x0000017773118cd0, 0x000001777311bcf0,
0x0000017773116650, 0x000001777311a4e0, 0x000001777311ae80, 0x0000017773115310,
0x00000177731157e0, 0x0000017773117990, 0x0000017773115cb0, 0x0000017773116180,
0x0000017773116b20, 0x00000177731191a0, 0x00000177731174c0, 0x000001777380c990,
0x000001777380c4c0, 0x000001777380dcd0, 0x000001777380bff0, 0x000001777380ce60,
0x000001777380d330, 0x0000017773811b60, 0x0000017773811690, 0x0000017773810350,
0x0000017773812030, 0x0000017773812500, 0x000001777380f9b0, 0x000001777380d800,
0x000001777380fe80, 0x0000017773813370, 0x000001777380e1a0, 0x000001777380e670,
0x000001777380eb40, 0x00000177738129d0, 0x000001777380f010, 0x000001777380f4e0,
0x0000017773810820, 0x0000017773812ea0, 0x0000017773810cf0, 0x00000177738111c0,
0x0000017773813840, 0x000001776ea9fdb0, 0x000001776ea9f410, 0x000001776ea9cd90,
0x000001776ea9e5a0, 0x000001776eaa2dd0, 0x000001776eaa0280, 0x000001776ea9ef40,
0x000001776eaa10f0, 0x000001776ea9d260, 0x000001776ea9e0d0, 0x000001776eaa2430,
0x000001776ea9c3f0, 0x000001776ea9d730, 0x000001776eaa0750, 0x000001776ea9ba50,
0x000001776eaa0c20, 0x000001776ea9dc00, 0x000001776ea9ea70, 0x000001776ea9f8e0,
0x000001776eaa15c0, 0x000001776eaa1a90, 0x000001776eaa1f60, 0x000001776eaa2900,
0x000001776eaa32a0, 0x000001776ea9bf20, 0x000001776ea9c8c0, 0x0000017773186b00,
0x000001777318c1a0, 0x000001777318de80, 0x00000177731887e0, 0x000001777318d9b0,
0x0000017773186fd0, 0x0000017773189ff0, 0x0000017773186630, 0x00000177731874a0,
0x0000017773187970, 0x000001777318cb40, 0x000001777318d4e0, 0x000001776fa3b720,
0x000001777318c670
}

Java Threads: ( => current thread )
  0x000001775272bf20 JavaThread "main" [_thread_blocked, id=18280, stack(0x00000072c1d00000,0x00000072c1e00000)]
  0x000001776d45fb50 JavaThread "Reference Handler" daemon [_thread_blocked, id=16440, stack(0x00000072c2400000,0x00000072c2500000)]
  0x000001776d460610 JavaThread "Finalizer" daemon [_thread_blocked, id=17792, stack(0x00000072c2500000,0x00000072c2600000)]
  0x000001776d4a62a0 JavaThread "Signal Dispatcher" daemon [_thread_blocked, id=7432, stack(0x00000072c2600000,0x00000072c2700000)]
  0x000001776d4a6d60 JavaThread "Attach Listener" daemon [_thread_blocked, id=22512, stack(0x00000072c2700000,0x00000072c2800000)]
  0x000001776d4a9820 JavaThread "Service Thread" daemon [_thread_blocked, id=6340, stack(0x00000072c2800000,0x00000072c2900000)]
  0x000001776d4aa1d0 JavaThread "Monitor Deflation Thread" daemon [_thread_blocked, id=16220, stack(0x00000072c2900000,0x00000072c2a00000)]
  0x000001776d4b52d0 JavaThread "C2 CompilerThread0" daemon [_thread_blocked, id=3508, stack(0x00000072c2a00000,0x00000072c2b00000)]
  0x000001776d4b6d80 JavaThread "C1 CompilerThread0" daemon [_thread_blocked, id=26816, stack(0x00000072c2b00000,0x00000072c2c00000)]
  0x000001776d4bbb90 JavaThread "Sweeper thread" daemon [_thread_blocked, id=24976, stack(0x00000072c2c00000,0x00000072c2d00000)]
  0x000001776d634040 JavaThread "Common-Cleaner" daemon [_thread_blocked, id=12808, stack(0x00000072c2d00000,0x00000072c2e00000)]
  0x000001776d634510 JavaThread "Notification Thread" daemon [_thread_blocked, id=10856, stack(0x00000072c2e00000,0x00000072c2f00000)]
  0x000001776fa7d700 JavaThread "Daemon health stats" [_thread_blocked, id=20340, stack(0x00000072c3700000,0x00000072c3800000)]
  0x0000017770489a70 JavaThread "Incoming local TCP Connector on port 61263" [_thread_in_native, id=27200, stack(0x00000072c3800000,0x00000072c3900000)]
  0x000001776fb87ce0 JavaThread "Daemon periodic checks" [_thread_blocked, id=3880, stack(0x00000072c3900000,0x00000072c3a00000)]
  0x000001776d7d1a50 JavaThread "Daemon" [_thread_blocked, id=25388, stack(0x00000072c3a00000,0x00000072c3b00000)]
  0x000001776d91d840 JavaThread "Handler for socket connection from /127.0.0.1:61263 to /127.0.0.1:61264" [_thread_in_native, id=15076, stack(0x00000072c3b00000,0x00000072c3c00000)]
  0x000001776e2a7f90 JavaThread "Cancel handler" [_thread_blocked, id=2344, stack(0x00000072c3c00000,0x00000072c3d00000)]
  0x000001776e2a5f50 JavaThread "Daemon worker" [_thread_blocked, id=17912, stack(0x00000072c3d00000,0x00000072c3e00000)]
  0x00000177700f2ea0 JavaThread "Asynchronous log dispatcher for DefaultDaemonConnection: socket connection from /127.0.0.1:61263 to /127.0.0.1:61264" [_thread_blocked, id=16504, stack(0x00000072c3e00000,0x00000072c3f00000)]
  0x00000177700f4b80 JavaThread "Stdin handler" [_thread_blocked, id=26332, stack(0x00000072c3f00000,0x00000072c4000000)]
  0x00000177700f3370 JavaThread "Daemon client event forwarder" [_thread_blocked, id=18312, stack(0x00000072c4000000,0x00000072c4100000)]
  0x00000177700f2500 JavaThread "Cache worker for journal cache (C:\Users\acer\.gradle\caches\journal-1)" [_thread_blocked, id=13428, stack(0x00000072c4100000,0x00000072c4200000)]
  0x00000177700f3840 JavaThread "File lock request listener" [_thread_in_native, id=20992, stack(0x00000072c4200000,0x00000072c4300000)]
  0x00000177700f41e0 JavaThread "Cache worker for file hash cache (C:\Users\acer\.gradle\caches\7.5\fileHashes)" [_thread_blocked, id=3816, stack(0x00000072c4900000,0x00000072c4a00000)]
  0x00000177700f2030 JavaThread "File watcher server" daemon [_thread_in_native, id=20636, stack(0x00000072c4a00000,0x00000072c4b00000)]
  0x00000177700f29d0 JavaThread "File watcher consumer" daemon [_thread_blocked, id=11576, stack(0x00000072c4b00000,0x00000072c4c00000)]
  0x00000177700f3d10 JavaThread "jar transforms" [_thread_blocked, id=25396, stack(0x00000072c4c00000,0x00000072c4d00000)]
  0x00000177700f46b0 JavaThread "jar transforms Thread 2" [_thread_blocked, id=27748, stack(0x00000072c4d00000,0x00000072c4e00000)]
  0x00000177700f11c0 JavaThread "jar transforms Thread 3" [_thread_blocked, id=17804, stack(0x00000072c4e00000,0x00000072c4f00000)]
  0x00000177700f1690 JavaThread "jar transforms Thread 4" [_thread_blocked, id=22524, stack(0x00000072c4f00000,0x00000072c5000000)]
  0x00000177700f1b60 JavaThread "jar transforms Thread 5" [_thread_blocked, id=6396, stack(0x00000072c5000000,0x00000072c5100000)]
  0x00000177705ddbf0 JavaThread "jar transforms Thread 6" [_thread_blocked, id=14476, stack(0x00000072c5100000,0x00000072c5200000)]
  0x00000177705dba40 JavaThread "jar transforms Thread 7" [_thread_blocked, id=15660, stack(0x00000072c5200000,0x00000072c5300000)]
  0x00000177705de0c0 JavaThread "jar transforms Thread 8" [_thread_blocked, id=26712, stack(0x00000072c5300000,0x00000072c5400000)]
  0x00000177705d93c0 JavaThread "jar transforms Thread 9" [_thread_blocked, id=17948, stack(0x00000072c5400000,0x00000072c5500000)]
  0x00000177705df8d0 JavaThread "jar transforms Thread 10" [_thread_blocked, id=27392, stack(0x00000072c5500000,0x00000072c5600000)]
  0x00000177705dcd80 JavaThread "jar transforms Thread 11" [_thread_blocked, id=27440, stack(0x00000072c5600000,0x00000072c5700000)]
  0x00000177705dbf10 JavaThread "jar transforms Thread 12" [_thread_blocked, id=11128, stack(0x00000072c5700000,0x00000072c5800000)]
  0x00000177705dc3e0 JavaThread "Cache worker for checksums cache (D:\RPL\SmartFarmMonitoring\Smart Farming Monitor - MobileApp\.gradle\7.5\checksums)" [_thread_blocked, id=24816, stack(0x00000072c5800000,0x00000072c5900000)]
  0x00000177705dc8b0 JavaThread "Cache worker for cache directory md-rule (C:\Users\acer\.gradle\caches\7.5\md-rule)" [_thread_blocked, id=11780, stack(0x00000072c5900000,0x00000072c5a00000)]
  0x00000177705dd250 JavaThread "Cache worker for file content cache (C:\Users\acer\.gradle\caches\7.5\fileContent)" [_thread_blocked, id=28416, stack(0x00000072c5a00000,0x00000072c5b00000)]
  0x00000177705dd720 JavaThread "Cache worker for file hash cache (D:\RPL\SmartFarmMonitoring\Smart Farming Monitor - MobileApp\.gradle\7.5\fileHashes)" [_thread_blocked, id=12848, stack(0x00000072c5b00000,0x00000072c5c00000)]
  0x00000177705dabd0 JavaThread "Cache worker for cache directory md-supplier (C:\Users\acer\.gradle\caches\7.5\md-supplier)" [_thread_blocked, id=2872, stack(0x00000072c5c00000,0x00000072c5d00000)]
  0x00000177705e0740 JavaThread "Cache worker for execution history cache (C:\Users\acer\.gradle\caches\7.5\executionHistory)" [_thread_blocked, id=28156, stack(0x00000072c5d00000,0x00000072c5e00000)]
  0x00000177705d9890 JavaThread "Cache worker for dependencies-accessors (D:\RPL\SmartFarmMonitoring\Smart Farming Monitor - MobileApp\.gradle\7.5\dependencies-accessors)" [_thread_blocked, id=26608, stack(0x00000072c5e00000,0x00000072c5f00000)]
  0x00000177705d9d60 JavaThread "Cache worker for Build Output Cleanup Cache (D:\RPL\SmartFarmMonitoring\Smart Farming Monitor - MobileApp\.gradle\buildOutputCleanup)" [_thread_blocked, id=11516, stack(0x00000072c5f00000,0x00000072c6000000)]
  0x00000177705e0270 JavaThread "Unconstrained build operations" [_thread_blocked, id=11192, stack(0x00000072c3000000,0x00000072c3100000)]
  0x00000177705da230 JavaThread "Unconstrained build operations Thread 2" [_thread_blocked, id=4844, stack(0x00000072c3600000,0x00000072c3700000)]
  0x00000177705db0a0 JavaThread "Unconstrained build operations Thread 3" [_thread_blocked, id=4056, stack(0x00000072c6100000,0x00000072c6200000)]
  0x00000177705db570 JavaThread "Unconstrained build operations Thread 4" [_thread_blocked, id=22592, stack(0x00000072c6200000,0x00000072c6300000)]
  0x0000017773da8230 JavaThread "Unconstrained build operations Thread 5" [_thread_blocked, id=15300, stack(0x00000072c6300000,0x00000072c6400000)]
  0x0000017773da4d40 JavaThread "Unconstrained build operations Thread 6" [_thread_blocked, id=22556, stack(0x00000072c6400000,0x00000072c6500000)]
  0x0000017773da9570 JavaThread "Unconstrained build operations Thread 7" [_thread_blocked, id=7264, stack(0x00000072c6500000,0x00000072c6600000)]
  0x0000017773da5210 JavaThread "Unconstrained build operations Thread 8" [_thread_blocked, id=28636, stack(0x00000072c6600000,0x00000072c6700000)]
  0x0000017773da56e0 JavaThread "Unconstrained build operations Thread 9" [_thread_blocked, id=19016, stack(0x00000072c6700000,0x00000072c6800000)]
  0x0000017773da9f10 JavaThread "Unconstrained build operations Thread 10" [_thread_blocked, id=6952, stack(0x00000072c6800000,0x00000072c6900000)]
  0x0000017773da7d60 JavaThread "Unconstrained build operations Thread 11" [_thread_blocked, id=9940, stack(0x00000072c6900000,0x00000072c6a00000)]
  0x0000017773da73c0 JavaThread "Unconstrained build operations Thread 12" [_thread_blocked, id=22684, stack(0x00000072c6a00000,0x00000072c6b00000)]
  0x0000017773da5bb0 JavaThread "Unconstrained build operations Thread 13" [_thread_blocked, id=14752, stack(0x00000072c6b00000,0x00000072c6c00000)]
  0x0000017773da6080 JavaThread "Unconstrained build operations Thread 14" [_thread_blocked, id=17012, stack(0x00000072c6c00000,0x00000072c6d00000)]
  0x0000017773da8bd0 JavaThread "Unconstrained build operations Thread 15" [_thread_blocked, id=27764, stack(0x00000072c6d00000,0x00000072c6e00000)]
  0x0000017773da6ef0 JavaThread "Unconstrained build operations Thread 16" [_thread_blocked, id=23980, stack(0x00000072c6e00000,0x00000072c6f00000)]
  0x0000017773da6550 JavaThread "Unconstrained build operations Thread 17" [_thread_blocked, id=26480, stack(0x00000072c6f00000,0x00000072c7000000)]
  0x0000017773da3a00 JavaThread "Unconstrained build operations Thread 18" [_thread_blocked, id=25928, stack(0x00000072c7000000,0x00000072c7100000)]
  0x0000017773da7890 JavaThread "Unconstrained build operations Thread 19" [_thread_blocked, id=3512, stack(0x00000072c7100000,0x00000072c7200000)]
  0x0000017773da43a0 JavaThread "Unconstrained build operations Thread 20" [_thread_blocked, id=25332, stack(0x00000072c7200000,0x00000072c7300000)]
  0x0000017773da8700 JavaThread "Unconstrained build operations Thread 21" [_thread_blocked, id=22116, stack(0x00000072c7300000,0x00000072c7400000)]
  0x0000017773da3ed0 JavaThread "Unconstrained build operations Thread 22" [_thread_blocked, id=5488, stack(0x00000072c7400000,0x00000072c7500000)]
  0x0000017773da6a20 JavaThread "Unconstrained build operations Thread 23" [_thread_blocked, id=3972, stack(0x00000072c7500000,0x00000072c7600000)]
  0x0000017773daa3e0 JavaThread "Unconstrained build operations Thread 24" [_thread_blocked, id=26536, stack(0x00000072c7600000,0x00000072c7700000)]
  0x0000017773daa8b0 JavaThread "Unconstrained build operations Thread 25" [_thread_blocked, id=18156, stack(0x00000072c7700000,0x00000072c7800000)]
  0x0000017773da3060 JavaThread "Unconstrained build operations Thread 26" [_thread_blocked, id=16508, stack(0x00000072c7800000,0x00000072c7900000)]
  0x0000017773da90a0 JavaThread "Unconstrained build operations Thread 27" [_thread_blocked, id=11792, stack(0x00000072c7900000,0x00000072c7a00000)]
  0x0000017773da9a40 JavaThread "Unconstrained build operations Thread 28" [_thread_blocked, id=4744, stack(0x00000072c7a00000,0x00000072c7b00000)]
  0x0000017773da3530 JavaThread "Unconstrained build operations Thread 29" [_thread_blocked, id=11888, stack(0x00000072c7b00000,0x00000072c7c00000)]
  0x0000017773da4870 JavaThread "Unconstrained build operations Thread 30" [_thread_blocked, id=8496, stack(0x00000072c7c00000,0x00000072c7d00000)]
  0x0000017773116ff0 JavaThread "Unconstrained build operations Thread 31" [_thread_blocked, id=14224, stack(0x00000072c7d00000,0x00000072c7e00000)]
  0x0000017773119b40 JavaThread "Unconstrained build operations Thread 32" [_thread_blocked, id=26516, stack(0x00000072c7e00000,0x00000072c7f00000)]
  0x000001777311c690 JavaThread "Unconstrained build operations Thread 33" [_thread_blocked, id=18176, stack(0x00000072c7f00000,0x00000072c8000000)]
  0x000001777311b820 JavaThread "Unconstrained build operations Thread 34" [_thread_blocked, id=26460, stack(0x00000072c8000000,0x00000072c8100000)]
  0x0000017773118330 JavaThread "Unconstrained build operations Thread 35" [_thread_blocked, id=4656, stack(0x00000072c8100000,0x00000072c8200000)]
  0x000001777311b350 JavaThread "Unconstrained build operations Thread 36" [_thread_blocked, id=21508, stack(0x00000072c8200000,0x00000072c8300000)]
  0x0000017773119670 JavaThread "Unconstrained build operations Thread 37" [_thread_blocked, id=23784, stack(0x00000072c8300000,0x00000072c8400000)]
  0x000001777311a010 JavaThread "Unconstrained build operations Thread 38" [_thread_blocked, id=13024, stack(0x00000072c8400000,0x00000072c8500000)]
  0x000001777311a9b0 JavaThread "Unconstrained build operations Thread 39" [_thread_blocked, id=11856, stack(0x00000072c8500000,0x00000072c8600000)]
  0x0000017773117e60 JavaThread "Unconstrained build operations Thread 40" [_thread_blocked, id=26432, stack(0x00000072c8600000,0x00000072c8700000)]
  0x000001777311c1c0 JavaThread "Unconstrained build operations Thread 41" [_thread_blocked, id=3964, stack(0x00000072c8700000,0x00000072c8800000)]
  0x000001777311cb60 JavaThread "Unconstrained build operations Thread 42" [_thread_blocked, id=7996, stack(0x00000072c8800000,0x00000072c8900000)]
  0x0000017773118800 JavaThread "Unconstrained build operations Thread 43" [_thread_blocked, id=25224, stack(0x00000072c8900000,0x00000072c8a00000)]
  0x0000017773118cd0 JavaThread "Unconstrained build operations Thread 44" [_thread_blocked, id=25900, stack(0x00000072c8a00000,0x00000072c8b00000)]
  0x000001777311bcf0 JavaThread "Unconstrained build operations Thread 45" [_thread_blocked, id=20400, stack(0x00000072c8b00000,0x00000072c8c00000)]
  0x0000017773116650 JavaThread "Unconstrained build operations Thread 46" [_thread_blocked, id=4564, stack(0x00000072c8c00000,0x00000072c8d00000)]
  0x000001777311a4e0 JavaThread "Unconstrained build operations Thread 47" [_thread_blocked, id=16532, stack(0x00000072c8d00000,0x00000072c8e00000)]
  0x000001777311ae80 JavaThread "Unconstrained build operations Thread 48" [_thread_blocked, id=22908, stack(0x00000072c8e00000,0x00000072c8f00000)]
  0x0000017773115310 JavaThread "Unconstrained build operations Thread 49" [_thread_blocked, id=23204, stack(0x00000072c8f00000,0x00000072c9000000)]
  0x00000177731157e0 JavaThread "Unconstrained build operations Thread 50" [_thread_blocked, id=11944, stack(0x00000072c9000000,0x00000072c9100000)]
  0x0000017773117990 JavaThread "Unconstrained build operations Thread 51" [_thread_blocked, id=28592, stack(0x00000072c9100000,0x00000072c9200000)]
  0x0000017773115cb0 JavaThread "Unconstrained build operations Thread 52" [_thread_blocked, id=5036, stack(0x00000072c9200000,0x00000072c9300000)]
  0x0000017773116180 JavaThread "Unconstrained build operations Thread 53" [_thread_blocked, id=1616, stack(0x00000072c9300000,0x00000072c9400000)]
  0x0000017773116b20 JavaThread "Unconstrained build operations Thread 54" [_thread_blocked, id=8052, stack(0x00000072c9400000,0x00000072c9500000)]
  0x00000177731191a0 JavaThread "Unconstrained build operations Thread 55" [_thread_blocked, id=4524, stack(0x00000072c9500000,0x00000072c9600000)]
  0x00000177731174c0 JavaThread "Unconstrained build operations Thread 56" [_thread_blocked, id=28408, stack(0x00000072c9600000,0x00000072c9700000)]
  0x000001777380c990 JavaThread "Unconstrained build operations Thread 57" [_thread_blocked, id=28504, stack(0x00000072c9700000,0x00000072c9800000)]
  0x000001777380c4c0 JavaThread "Unconstrained build operations Thread 58" [_thread_blocked, id=8580, stack(0x00000072c9800000,0x00000072c9900000)]
  0x000001777380dcd0 JavaThread "Unconstrained build operations Thread 59" [_thread_blocked, id=15108, stack(0x00000072c9900000,0x00000072c9a00000)]
  0x000001777380bff0 JavaThread "Unconstrained build operations Thread 60" [_thread_blocked, id=25720, stack(0x00000072c9a00000,0x00000072c9b00000)]
  0x000001777380ce60 JavaThread "Unconstrained build operations Thread 61" [_thread_blocked, id=18656, stack(0x00000072c9b00000,0x00000072c9c00000)]
  0x000001777380d330 JavaThread "Unconstrained build operations Thread 62" [_thread_blocked, id=20556, stack(0x00000072c9c00000,0x00000072c9d00000)]
  0x0000017773811b60 JavaThread "Unconstrained build operations Thread 63" [_thread_blocked, id=11376, stack(0x00000072c9d00000,0x00000072c9e00000)]
  0x0000017773811690 JavaThread "Unconstrained build operations Thread 64" [_thread_blocked, id=27568, stack(0x00000072c9e00000,0x00000072c9f00000)]
  0x0000017773810350 JavaThread "Unconstrained build operations Thread 65" [_thread_blocked, id=14144, stack(0x00000072c9f00000,0x00000072ca000000)]
  0x0000017773812030 JavaThread "Unconstrained build operations Thread 66" [_thread_blocked, id=7064, stack(0x00000072ca000000,0x00000072ca100000)]
  0x0000017773812500 JavaThread "Unconstrained build operations Thread 67" [_thread_blocked, id=12232, stack(0x00000072ca100000,0x00000072ca200000)]
  0x000001777380f9b0 JavaThread "Unconstrained build operations Thread 68" [_thread_blocked, id=26148, stack(0x00000072ca200000,0x00000072ca300000)]
  0x000001777380d800 JavaThread "Unconstrained build operations Thread 69" [_thread_blocked, id=16036, stack(0x00000072ca300000,0x00000072ca400000)]
  0x000001777380fe80 JavaThread "Unconstrained build operations Thread 70" [_thread_blocked, id=14680, stack(0x00000072ca400000,0x00000072ca500000)]
  0x0000017773813370 JavaThread "Unconstrained build operations Thread 71" [_thread_blocked, id=17108, stack(0x00000072ca500000,0x00000072ca600000)]
  0x000001777380e1a0 JavaThread "Unconstrained build operations Thread 72" [_thread_blocked, id=13888, stack(0x00000072ca600000,0x00000072ca700000)]
  0x000001777380e670 JavaThread "Unconstrained build operations Thread 73" [_thread_blocked, id=22500, stack(0x00000072ca700000,0x00000072ca800000)]
  0x000001777380eb40 JavaThread "Unconstrained build operations Thread 74" [_thread_blocked, id=18080, stack(0x00000072ca800000,0x00000072ca900000)]
  0x00000177738129d0 JavaThread "Unconstrained build operations Thread 75" [_thread_blocked, id=17764, stack(0x00000072ca900000,0x00000072caa00000)]
  0x000001777380f010 JavaThread "Unconstrained build operations Thread 76" [_thread_blocked, id=18088, stack(0x00000072caa00000,0x00000072cab00000)]
  0x000001777380f4e0 JavaThread "Unconstrained build operations Thread 77" [_thread_blocked, id=21296, stack(0x00000072cab00000,0x00000072cac00000)]
  0x0000017773810820 JavaThread "Unconstrained build operations Thread 78" [_thread_blocked, id=23528, stack(0x00000072cac00000,0x00000072cad00000)]
  0x0000017773812ea0 JavaThread "Unconstrained build operations Thread 79" [_thread_blocked, id=22596, stack(0x00000072cad00000,0x00000072cae00000)]
  0x0000017773810cf0 JavaThread "Unconstrained build operations Thread 80" [_thread_blocked, id=20136, stack(0x00000072cae00000,0x00000072caf00000)]
  0x00000177738111c0 JavaThread "Unconstrained build operations Thread 81" [_thread_blocked, id=24740, stack(0x00000072caf00000,0x00000072cb000000)]
  0x0000017773813840 JavaThread "Unconstrained build operations Thread 82" [_thread_blocked, id=832, stack(0x00000072cb000000,0x00000072cb100000)]
  0x000001776ea9fdb0 JavaThread "Unconstrained build operations Thread 83" [_thread_blocked, id=10164, stack(0x00000072cb100000,0x00000072cb200000)]
  0x000001776ea9f410 JavaThread "Unconstrained build operations Thread 84" [_thread_blocked, id=25428, stack(0x00000072cb200000,0x00000072cb300000)]
  0x000001776ea9cd90 JavaThread "Unconstrained build operations Thread 85" [_thread_blocked, id=26172, stack(0x00000072cb300000,0x00000072cb400000)]
  0x000001776ea9e5a0 JavaThread "Unconstrained build operations Thread 86" [_thread_blocked, id=24440, stack(0x00000072cb400000,0x00000072cb500000)]
  0x000001776eaa2dd0 JavaThread "Unconstrained build operations Thread 87" [_thread_blocked, id=18400, stack(0x00000072cb500000,0x00000072cb600000)]
  0x000001776eaa0280 JavaThread "Unconstrained build operations Thread 88" [_thread_blocked, id=19600, stack(0x00000072cb600000,0x00000072cb700000)]
  0x000001776ea9ef40 JavaThread "Unconstrained build operations Thread 89" [_thread_blocked, id=18368, stack(0x00000072cb700000,0x00000072cb800000)]
  0x000001776eaa10f0 JavaThread "Unconstrained build operations Thread 90" [_thread_blocked, id=13524, stack(0x00000072cb800000,0x00000072cb900000)]
  0x000001776ea9d260 JavaThread "Unconstrained build operations Thread 91" [_thread_blocked, id=12524, stack(0x00000072cb900000,0x00000072cba00000)]
  0x000001776ea9e0d0 JavaThread "Unconstrained build operations Thread 92" [_thread_blocked, id=23400, stack(0x00000072cba00000,0x00000072cbb00000)]
  0x000001776eaa2430 JavaThread "Unconstrained build operations Thread 93" [_thread_blocked, id=9944, stack(0x00000072cbb00000,0x00000072cbc00000)]
  0x000001776ea9c3f0 JavaThread "Unconstrained build operations Thread 94" [_thread_blocked, id=18588, stack(0x00000072cbc00000,0x00000072cbd00000)]
  0x000001776ea9d730 JavaThread "Unconstrained build operations Thread 95" [_thread_blocked, id=26316, stack(0x00000072cbd00000,0x00000072cbe00000)]
  0x000001776eaa0750 JavaThread "Unconstrained build operations Thread 96" [_thread_blocked, id=12220, stack(0x00000072cbe00000,0x00000072cbf00000)]
  0x000001776ea9ba50 JavaThread "Unconstrained build operations Thread 97" [_thread_blocked, id=25520, stack(0x00000072cbf00000,0x00000072cc000000)]
  0x000001776eaa0c20 JavaThread "Unconstrained build operations Thread 98" [_thread_blocked, id=23144, stack(0x00000072cc000000,0x00000072cc100000)]
  0x000001776ea9dc00 JavaThread "Unconstrained build operations Thread 99" [_thread_blocked, id=17064, stack(0x00000072cc100000,0x00000072cc200000)]
  0x000001776ea9ea70 JavaThread "Unconstrained build operations Thread 100" [_thread_blocked, id=21840, stack(0x00000072cc200000,0x00000072cc300000)]
  0x000001776ea9f8e0 JavaThread "Unconstrained build operations Thread 101" [_thread_blocked, id=24812, stack(0x00000072cc300000,0x00000072cc400000)]
  0x000001776eaa15c0 JavaThread "Unconstrained build operations Thread 102" [_thread_blocked, id=17808, stack(0x00000072cc400000,0x00000072cc500000)]
  0x000001776eaa1a90 JavaThread "Unconstrained build operations Thread 103" [_thread_blocked, id=21772, stack(0x00000072cc500000,0x00000072cc600000)]
  0x000001776eaa1f60 JavaThread "Unconstrained build operations Thread 104" [_thread_blocked, id=21256, stack(0x00000072cc600000,0x00000072cc700000)]
  0x000001776eaa2900 JavaThread "Unconstrained build operations Thread 105" [_thread_blocked, id=26620, stack(0x00000072cc700000,0x00000072cc800000)]
  0x000001776eaa32a0 JavaThread "Unconstrained build operations Thread 106" [_thread_blocked, id=21448, stack(0x00000072cc800000,0x00000072cc900000)]
  0x000001776ea9bf20 JavaThread "Unconstrained build operations Thread 107" [_thread_blocked, id=12812, stack(0x00000072cc900000,0x00000072cca00000)]
  0x000001776ea9c8c0 JavaThread "Unconstrained build operations Thread 108" [_thread_blocked, id=12028, stack(0x00000072cca00000,0x00000072ccb00000)]
  0x0000017773186b00 JavaThread "Unconstrained build operations Thread 109" [_thread_blocked, id=10976, stack(0x00000072ccb00000,0x00000072ccc00000)]
  0x000001777318c1a0 JavaThread "Unconstrained build operations Thread 110" [_thread_blocked, id=23448, stack(0x00000072ccc00000,0x00000072ccd00000)]
  0x000001777318de80 JavaThread "Unconstrained build operations Thread 111" [_thread_blocked, id=11572, stack(0x00000072ccd00000,0x00000072cce00000)]
  0x00000177731887e0 JavaThread "Unconstrained build operations Thread 112" [_thread_blocked, id=18964, stack(0x00000072cce00000,0x00000072ccf00000)]
  0x000001777318d9b0 JavaThread "Unconstrained build operations Thread 113" [_thread_blocked, id=4036, stack(0x00000072ccf00000,0x00000072cd000000)]
  0x0000017773186fd0 JavaThread "Unconstrained build operations Thread 114" [_thread_blocked, id=21104, stack(0x00000072cd000000,0x00000072cd100000)]
  0x0000017773189ff0 JavaThread "Unconstrained build operations Thread 115" [_thread_blocked, id=23668, stack(0x00000072cd100000,0x00000072cd200000)]
  0x0000017773186630 JavaThread "Unconstrained build operations Thread 116" [_thread_blocked, id=9960, stack(0x00000072cd200000,0x00000072cd300000)]
  0x00000177731874a0 JavaThread "Unconstrained build operations Thread 117" [_thread_blocked, id=12384, stack(0x00000072cd300000,0x00000072cd400000)]
  0x0000017773187970 JavaThread "Unconstrained build operations Thread 118" [_thread_blocked, id=9628, stack(0x00000072cd400000,0x00000072cd500000)]
  0x000001777318cb40 JavaThread "Unconstrained build operations Thread 119" [_thread_blocked, id=22608, stack(0x00000072cd500000,0x00000072cd600000)]
  0x000001777318d4e0 JavaThread "Unconstrained build operations Thread 120" [_thread_blocked, id=2088, stack(0x00000072cd600000,0x00000072cd700000)]
  0x000001776fa3b720 JavaThread "C2 CompilerThread1" daemon [_thread_in_native, id=2188, stack(0x00000072cd700000,0x00000072cd800000)]
  0x000001777318c670 JavaThread "Memory manager" [_thread_blocked, id=17256, stack(0x00000072cd800000,0x00000072cd900000)]

Other Threads:
=>0x000001776d45d610 VMThread "VM Thread" [stack: 0x00000072c2300000,0x00000072c2400000] [id=10068]
  0x000001776d658020 WatcherThread [stack: 0x00000072c2f00000,0x00000072c3000000] [id=17748]
  0x0000017752787660 GCTaskThread "GC Thread#0" [stack: 0x00000072c1e00000,0x00000072c1f00000] [id=11712]
  0x000001776e599d60 GCTaskThread "GC Thread#1" [stack: 0x00000072c3100000,0x00000072c3200000] [id=9820]
  0x000001776e2a8f10 GCTaskThread "GC Thread#2" [stack: 0x00000072c3200000,0x00000072c3300000] [id=11544]
  0x000001776e482940 GCTaskThread "GC Thread#3" [stack: 0x00000072c3300000,0x00000072c3400000] [id=8144]
  0x000001776e482bf0 GCTaskThread "GC Thread#4" [stack: 0x00000072c3400000,0x00000072c3500000] [id=24868]
  0x000001776e482ea0 GCTaskThread "GC Thread#5" [stack: 0x00000072c3500000,0x00000072c3600000] [id=15312]
  0x000001776e764b60 GCTaskThread "GC Thread#6" [stack: 0x00000072c4300000,0x00000072c4400000] [id=21860]
  0x000001776fad9ff0 GCTaskThread "GC Thread#7" [stack: 0x00000072c4400000,0x00000072c4500000] [id=23788]
  0x000001776fa9b050 GCTaskThread "GC Thread#8" [stack: 0x00000072c4500000,0x00000072c4600000] [id=4780]
  0x000001776dd25b60 GCTaskThread "GC Thread#9" [stack: 0x00000072c4600000,0x00000072c4700000] [id=24096]
  0x00000177527985a0 ConcurrentGCThread "G1 Main Marker" [stack: 0x00000072c1f00000,0x00000072c2000000] [id=1988]
  0x0000017752798fb0 ConcurrentGCThread "G1 Conc#0" [stack: 0x00000072c2000000,0x00000072c2100000] [id=21180]
  0x000001776fb3b360 ConcurrentGCThread "G1 Conc#1" [stack: 0x00000072c4700000,0x00000072c4800000] [id=13984]
  0x000001776fb3b610 ConcurrentGCThread "G1 Conc#2" [stack: 0x00000072c4800000,0x00000072c4900000] [id=19380]
  0x000001776c8c43b0 ConcurrentGCThread "G1 Refine#0" [stack: 0x00000072c2100000,0x00000072c2200000] [id=1772]
  0x000001776c8c4dd0 ConcurrentGCThread "G1 Service" [stack: 0x00000072c2200000,0x00000072c2300000] [id=2708]

Threads with active compile tasks:
C2 CompilerThread0     7933 7106 % !   4       java.util.jar.Attributes::read @ 214 (494 bytes)
C2 CompilerThread1     7933 7017       4       org.objectweb.asm.Frame::execute (2318 bytes)

VM state: at safepoint (normal execution)

VM Mutex/Monitor currently owned by a thread:  ([mutex/lock_event])
[0x0000017752726300] Threads_lock - owner thread: 0x000001776d45d610
[0x0000017752727500] Heap_lock - owner thread: 0x00000177527985a0

Heap address: 0x0000000080000000, size: 2048 MB, Compressed Oops mode: 32-bit

CDS archive(s) not mapped
Compressed class space mapped at: 0x0000000100000000-0x0000000140000000, reserved size: 1073741824
Narrow klass base: 0x0000000000000000, Narrow klass shift: 3, Narrow klass range: 0x140000000

GC Precious Log:
 CPUs: 12 total, 12 available
 Memory: 16163M
 Large Page Support: Disabled
 NUMA Support: Disabled
 Compressed Oops: Enabled (32-bit)
 Heap Region Size: 1M
 Heap Min Capacity: 8M
 Heap Initial Capacity: 254M
 Heap Max Capacity: 2G
 Pre-touch: Disabled
 Parallel Workers: 10
 Concurrent Workers: 3
 Concurrent Refinement Workers: 10
 Periodic GC: Disabled

Heap:
 garbage-first heap   total 158720K, used 105030K [0x0000000080000000, 0x0000000100000000)
  region size 1024K, 12 young (12288K), 3 survivors (3072K)
 Metaspace       used 70512K, committed 71232K, reserved 1114112K
  class space    used 9298K, committed 9600K, reserved 1048576K

Heap Regions: E=young(eden), S=young(survivor), O=old, HS=humongous(starts), HC=humongous(continues), CS=collection set, F=free, OA=open archive, CA=closed archive, TAMS=top-at-mark-start (previous, next)
|   0|0x0000000080000000, 0x0000000080100000, 0x0000000080100000|100%| O|  |TAMS 0x0000000080100000, 0x0000000080000000| Untracked 
|   1|0x0000000080100000, 0x0000000080200000, 0x0000000080200000|100%| O|  |TAMS 0x0000000080200000, 0x0000000080100000| Updating 
|   2|0x0000000080200000, 0x0000000080300000, 0x0000000080300000|100%| O|  |TAMS 0x0000000080300000, 0x0000000080200000| Untracked 
|   3|0x0000000080300000, 0x0000000080400000, 0x0000000080400000|100%|HS|  |TAMS 0x0000000080400000, 0x0000000080300000| Complete 
|   4|0x0000000080400000, 0x0000000080500000, 0x0000000080500000|100%|HC|  |TAMS 0x0000000080500000, 0x0000000080400000| Complete 
|   5|0x0000000080500000, 0x0000000080600000, 0x0000000080600000|100%|HC|  |TAMS 0x0000000080600000, 0x0000000080500000| Complete 
|   6|0x0000000080600000, 0x0000000080700000, 0x0000000080700000|100%| O|  |TAMS 0x0000000080700000, 0x0000000080600000| Updating 
|   7|0x0000000080700000, 0x0000000080800000, 0x0000000080800000|100%| O|  |TAMS 0x0000000080800000, 0x0000000080700000| Untracked 
|   8|0x0000000080800000, 0x0000000080900000, 0x0000000080900000|100%| O|  |TAMS 0x0000000080900000, 0x0000000080800000| Untracked 
|   9|0x0000000080900000, 0x0000000080a00000, 0x0000000080a00000|100%| O|  |TAMS 0x0000000080a00000, 0x0000000080900000| Untracked 
|  10|0x0000000080a00000, 0x0000000080a77c00, 0x0000000080b00000| 46%| O|  |TAMS 0x0000000080a77c00, 0x0000000080a00000| Updating 
|  11|0x0000000080b00000, 0x0000000080c00000, 0x0000000080c00000|100%| O|  |TAMS 0x0000000080c00000, 0x0000000080b00000| Updating 
|  12|0x0000000080c00000, 0x0000000080d00000, 0x0000000080d00000|100%| O|  |TAMS 0x0000000080d00000, 0x0000000080c00000| Untracked 
|  13|0x0000000080d00000, 0x0000000080e00000, 0x0000000080e00000|100%| O|  |TAMS 0x0000000080e00000, 0x0000000080d00000| Untracked 
|  14|0x0000000080e00000, 0x0000000080f00000, 0x0000000080f00000|100%| O|  |TAMS 0x0000000080f00000, 0x0000000080e00000| Untracked 
|  15|0x0000000080f00000, 0x0000000081000000, 0x0000000081000000|100%| O|  |TAMS 0x0000000081000000, 0x0000000080f00000| Untracked 
|  16|0x0000000081000000, 0x0000000081100000, 0x0000000081100000|100%| O|  |TAMS 0x0000000081100000, 0x0000000081000000| Untracked 
|  17|0x0000000081100000, 0x0000000081200000, 0x0000000081200000|100%| O|  |TAMS 0x0000000081200000, 0x0000000081100000| Untracked 
|  18|0x0000000081200000, 0x0000000081300000, 0x0000000081300000|100%|HS|  |TAMS 0x0000000081300000, 0x0000000081200000| Complete 
|  19|0x0000000081300000, 0x0000000081400000, 0x0000000081400000|100%|HC|  |TAMS 0x0000000081400000, 0x0000000081300000| Complete 
|  20|0x0000000081400000, 0x0000000081500000, 0x0000000081500000|100%|HS|  |TAMS 0x0000000081500000, 0x0000000081400000| Complete 
|  21|0x0000000081500000, 0x0000000081600000, 0x0000000081600000|100%|HC|  |TAMS 0x0000000081600000, 0x0000000081500000| Complete 
|  22|0x0000000081600000, 0x0000000081700000, 0x0000000081700000|100%|HC|  |TAMS 0x0000000081700000, 0x0000000081600000| Complete 
|  23|0x0000000081700000, 0x0000000081800000, 0x0000000081800000|100%| O|  |TAMS 0x0000000081800000, 0x0000000081700000| Untracked 
|  24|0x0000000081800000, 0x0000000081900000, 0x0000000081900000|100%| O|  |TAMS 0x0000000081900000, 0x0000000081800000| Untracked 
|  25|0x0000000081900000, 0x0000000081a00000, 0x0000000081a00000|100%| O|  |TAMS 0x0000000081a00000, 0x0000000081900000| Untracked 
|  26|0x0000000081a00000, 0x0000000081b00000, 0x0000000081b00000|100%|HS|  |TAMS 0x0000000081b00000, 0x0000000081a00000| Complete 
|  27|0x0000000081b00000, 0x0000000081c00000, 0x0000000081c00000|100%|HC|  |TAMS 0x0000000081c00000, 0x0000000081b00000| Complete 
|  28|0x0000000081c00000, 0x0000000081d00000, 0x0000000081d00000|100%|HC|  |TAMS 0x0000000081d00000, 0x0000000081c00000| Complete 
|  29|0x0000000081d00000, 0x0000000081e00000, 0x0000000081e00000|100%| O|  |TAMS 0x0000000081e00000, 0x0000000081d00000| Untracked 
|  30|0x0000000081e00000, 0x0000000081f00000, 0x0000000081f00000|100%| O|  |TAMS 0x0000000081f00000, 0x0000000081e00000| Updating 
|  31|0x0000000081f00000, 0x0000000082000000, 0x0000000082000000|100%| O|  |TAMS 0x0000000082000000, 0x0000000081f00000| Updating 
|  32|0x0000000082000000, 0x0000000082100000, 0x0000000082100000|100%|HS|  |TAMS 0x0000000082100000, 0x0000000082000000| Complete 
|  33|0x0000000082100000, 0x0000000082200000, 0x0000000082200000|100%|HC|  |TAMS 0x0000000082200000, 0x0000000082100000| Complete 
|  34|0x0000000082200000, 0x0000000082300000, 0x0000000082300000|100%| O|  |TAMS 0x0000000082300000, 0x0000000082200000| Updating 
|  35|0x0000000082300000, 0x0000000082400000, 0x0000000082400000|100%| O|  |TAMS 0x0000000082400000, 0x0000000082300000| Untracked 
|  36|0x0000000082400000, 0x0000000082500000, 0x0000000082500000|100%| O|  |TAMS 0x0000000082500000, 0x0000000082400000| Untracked 
|  37|0x0000000082500000, 0x0000000082600000, 0x0000000082600000|100%| O|  |TAMS 0x0000000082600000, 0x0000000082500000| Untracked 
|  38|0x0000000082600000, 0x0000000082700000, 0x0000000082700000|100%| O|  |TAMS 0x0000000082700000, 0x0000000082600000| Untracked 
|  39|0x0000000082700000, 0x0000000082800000, 0x0000000082800000|100%| O|  |TAMS 0x0000000082800000, 0x0000000082700000| Untracked 
|  40|0x0000000082800000, 0x0000000082900000, 0x0000000082900000|100%| O|  |TAMS 0x0000000082900000, 0x0000000082800000| Untracked 
|  41|0x0000000082900000, 0x0000000082a00000, 0x0000000082a00000|100%| O|  |TAMS 0x0000000082a00000, 0x0000000082900000| Updating 
|  42|0x0000000082a00000, 0x0000000082b00000, 0x0000000082b00000|100%|HS|  |TAMS 0x0000000082b00000, 0x0000000082a00000| Complete 
|  43|0x0000000082b00000, 0x0000000082c00000, 0x0000000082c00000|100%|HC|  |TAMS 0x0000000082c00000, 0x0000000082b00000| Complete 
|  44|0x0000000082c00000, 0x0000000082d00000, 0x0000000082d00000|100%|HC|  |TAMS 0x0000000082d00000, 0x0000000082c00000| Complete 
|  45|0x0000000082d00000, 0x0000000082e00000, 0x0000000082e00000|100%|HS|  |TAMS 0x0000000082e00000, 0x0000000082d00000| Complete 
|  46|0x0000000082e00000, 0x0000000082f00000, 0x0000000082f00000|100%|HC|  |TAMS 0x0000000082f00000, 0x0000000082e00000| Complete 
|  47|0x0000000082f00000, 0x0000000083000000, 0x0000000083000000|100%|HC|  |TAMS 0x0000000083000000, 0x0000000082f00000| Complete 
|  48|0x0000000083000000, 0x0000000083100000, 0x0000000083100000|100%|HC|  |TAMS 0x0000000083100000, 0x0000000083000000| Complete 
|  49|0x0000000083100000, 0x0000000083200000, 0x0000000083200000|100%|HC|  |TAMS 0x0000000083200000, 0x0000000083100000| Complete 
|  50|0x0000000083200000, 0x0000000083300000, 0x0000000083300000|100%|HC|  |TAMS 0x0000000083300000, 0x0000000083200000| Complete 
|  51|0x0000000083300000, 0x0000000083400000, 0x0000000083400000|100%|HC|  |TAMS 0x0000000083400000, 0x0000000083300000| Complete 
|  52|0x0000000083400000, 0x0000000083500000, 0x0000000083500000|100%|HC|  |TAMS 0x0000000083500000, 0x0000000083400000| Complete 
|  53|0x0000000083500000, 0x0000000083600000, 0x0000000083600000|100%|HC|  |TAMS 0x0000000083600000, 0x0000000083500000| Complete 
|  54|0x0000000083600000, 0x0000000083700000, 0x0000000083700000|100%|HC|  |TAMS 0x0000000083700000, 0x0000000083600000| Complete 
|  55|0x0000000083700000, 0x0000000083800000, 0x0000000083800000|100%|HC|  |TAMS 0x0000000083800000, 0x0000000083700000| Complete 
|  56|0x0000000083800000, 0x0000000083900000, 0x0000000083900000|100%|HC|  |TAMS 0x0000000083900000, 0x0000000083800000| Complete 
|  57|0x0000000083900000, 0x0000000083a00000, 0x0000000083a00000|100%| O|  |TAMS 0x0000000083a00000, 0x0000000083900000| Untracked 
|  58|0x0000000083a00000, 0x0000000083b00000, 0x0000000083b00000|100%|HS|  |TAMS 0x0000000083b00000, 0x0000000083a00000| Complete 
|  59|0x0000000083b00000, 0x0000000083c00000, 0x0000000083c00000|100%|HC|  |TAMS 0x0000000083c00000, 0x0000000083b00000| Complete 
|  60|0x0000000083c00000, 0x0000000083d00000, 0x0000000083d00000|100%|HC|  |TAMS 0x0000000083d00000, 0x0000000083c00000| Complete 
|  61|0x0000000083d00000, 0x0000000083e00000, 0x0000000083e00000|100%| O|  |TAMS 0x0000000083e00000, 0x0000000083d00000| Untracked 
|  62|0x0000000083e00000, 0x0000000083f00000, 0x0000000083f00000|100%| O|  |TAMS 0x0000000083f00000, 0x0000000083e00000| Untracked 
|  63|0x0000000083f00000, 0x0000000084000000, 0x0000000084000000|100%| O|  |TAMS 0x0000000084000000, 0x0000000083f00000| Untracked 
|  64|0x0000000084000000, 0x0000000084100000, 0x0000000084100000|100%| O|  |TAMS 0x0000000084100000, 0x0000000084000000| Untracked 
|  65|0x0000000084100000, 0x0000000084200000, 0x0000000084200000|100%| O|  |TAMS 0x0000000084200000, 0x0000000084100000| Untracked 
|  66|0x0000000084200000, 0x0000000084300000, 0x0000000084300000|100%| O|  |TAMS 0x0000000084300000, 0x0000000084200000| Untracked 
|  67|0x0000000084300000, 0x0000000084400000, 0x0000000084400000|100%| O|  |TAMS 0x0000000084400000, 0x0000000084300000| Untracked 
|  68|0x0000000084400000, 0x0000000084500000, 0x0000000084500000|100%| O|  |TAMS 0x0000000084500000, 0x0000000084400000| Untracked 
|  69|0x0000000084500000, 0x0000000084600000, 0x0000000084600000|100%| O|  |TAMS 0x0000000084600000, 0x0000000084500000| Untracked 
|  70|0x0000000084600000, 0x0000000084700000, 0x0000000084700000|100%| O|  |TAMS 0x0000000084700000, 0x0000000084600000| Untracked 
|  71|0x0000000084700000, 0x0000000084800000, 0x0000000084800000|100%| O|  |TAMS 0x0000000084800000, 0x0000000084700000| Untracked 
|  72|0x0000000084800000, 0x0000000084900000, 0x0000000084900000|100%| O|  |TAMS 0x0000000084900000, 0x0000000084800000| Untracked 
|  73|0x0000000084900000, 0x0000000084a00000, 0x0000000084a00000|100%|HS|  |TAMS 0x0000000084a00000, 0x0000000084900000| Complete 
|  74|0x0000000084a00000, 0x0000000084b00000, 0x0000000084b00000|100%|HS|  |TAMS 0x0000000084b00000, 0x0000000084a00000| Complete 
|  75|0x0000000084b00000, 0x0000000084c00000, 0x0000000084c00000|100%|HS|  |TAMS 0x0000000084c00000, 0x0000000084b00000| Complete 
|  76|0x0000000084c00000, 0x0000000084d00000, 0x0000000084d00000|100%| O|  |TAMS 0x0000000084d00000, 0x0000000084c00000| Untracked 
|  77|0x0000000084d00000, 0x0000000084e00000, 0x0000000084e00000|100%| O|  |TAMS 0x0000000084e00000, 0x0000000084d00000| Untracked 
|  78|0x0000000084e00000, 0x0000000084f00000, 0x0000000084f00000|100%|HS|  |TAMS 0x0000000084f00000, 0x0000000084e00000| Complete 
|  79|0x0000000084f00000, 0x0000000085000000, 0x0000000085000000|100%|HC|  |TAMS 0x0000000085000000, 0x0000000084f00000| Complete 
|  80|0x0000000085000000, 0x0000000085100000, 0x0000000085100000|100%|HC|  |TAMS 0x0000000085100000, 0x0000000085000000| Complete 
|  81|0x0000000085100000, 0x0000000085200000, 0x0000000085200000|100%|HC|  |TAMS 0x0000000085200000, 0x0000000085100000| Complete 
|  82|0x0000000085200000, 0x0000000085300000, 0x0000000085300000|100%| O|  |TAMS 0x0000000085300000, 0x0000000085200000| Updating 
|  83|0x0000000085300000, 0x0000000085400000, 0x0000000085400000|100%| O|  |TAMS 0x0000000085400000, 0x0000000085300000| Untracked 
|  84|0x0000000085400000, 0x0000000085500000, 0x0000000085500000|100%| O|  |TAMS 0x0000000085500000, 0x0000000085400000| Untracked 
|  85|0x0000000085500000, 0x0000000085600000, 0x0000000085600000|100%| O|  |TAMS 0x0000000085600000, 0x0000000085500000| Untracked 
|  86|0x0000000085600000, 0x0000000085700000, 0x0000000085700000|100%| O|  |TAMS 0x0000000085700000, 0x0000000085600000| Untracked 
|  87|0x0000000085700000, 0x0000000085800000, 0x0000000085800000|100%| O|  |TAMS 0x0000000085800000, 0x0000000085700000| Untracked 
|  88|0x0000000085800000, 0x0000000085900000, 0x0000000085900000|100%| O|  |TAMS 0x0000000085900000, 0x0000000085800000| Untracked 
|  89|0x0000000085900000, 0x0000000085943e00, 0x0000000085a00000| 26%| O|  |TAMS 0x0000000085943e00, 0x0000000085900000| Updating 
|  90|0x0000000085a00000, 0x0000000085b00000, 0x0000000085b00000|100%|HS|  |TAMS 0x0000000085a00000, 0x0000000085a00000| Complete 
|  91|0x0000000085b00000, 0x0000000085c00000, 0x0000000085c00000|100%|HS|  |TAMS 0x0000000085b00000, 0x0000000085b00000| Complete 
|  92|0x0000000085c00000, 0x0000000085d00000, 0x0000000085d00000|100%|HS|  |TAMS 0x0000000085c00000, 0x0000000085c00000| Complete 
|  93|0x0000000085d00000, 0x0000000085e00000, 0x0000000085e00000|100%|HS|  |TAMS 0x0000000085d00000, 0x0000000085d00000| Complete 
|  94|0x0000000085e00000, 0x0000000085e00000, 0x0000000085f00000|  0%| F|  |TAMS 0x0000000085e00000, 0x0000000085e00000| Untracked 
|  95|0x0000000085f00000, 0x0000000085f00000, 0x0000000086000000|  0%| F|  |TAMS 0x0000000085f00000, 0x0000000085f00000| Untracked 
|  96|0x0000000086000000, 0x0000000086000000, 0x0000000086100000|  0%| F|  |TAMS 0x0000000086000000, 0x0000000086000000| Untracked 
|  97|0x0000000086100000, 0x0000000086100000, 0x0000000086200000|  0%| F|  |TAMS 0x0000000086100000, 0x0000000086100000| Untracked 
|  98|0x0000000086200000, 0x0000000086200000, 0x0000000086300000|  0%| F|  |TAMS 0x0000000086200000, 0x0000000086200000| Untracked 
|  99|0x0000000086300000, 0x0000000086300000, 0x0000000086400000|  0%| F|  |TAMS 0x0000000086300000, 0x0000000086300000| Untracked 
| 100|0x0000000086400000, 0x0000000086400000, 0x0000000086500000|  0%| F|  |TAMS 0x0000000086400000, 0x0000000086400000| Untracked 
| 101|0x0000000086500000, 0x0000000086500000, 0x0000000086600000|  0%| F|  |TAMS 0x0000000086500000, 0x0000000086500000| Untracked 
| 102|0x0000000086600000, 0x0000000086600000, 0x0000000086700000|  0%| F|  |TAMS 0x0000000086600000, 0x0000000086600000| Untracked 
| 103|0x0000000086700000, 0x0000000086700000, 0x0000000086800000|  0%| F|  |TAMS 0x0000000086700000, 0x0000000086700000| Untracked 
| 104|0x0000000086800000, 0x0000000086800000, 0x0000000086900000|  0%| F|  |TAMS 0x0000000086800000, 0x0000000086800000| Untracked 
| 105|0x0000000086900000, 0x0000000086900000, 0x0000000086a00000|  0%| F|  |TAMS 0x0000000086900000, 0x0000000086900000| Untracked 
| 106|0x0000000086a00000, 0x0000000086a00000, 0x0000000086b00000|  0%| F|  |TAMS 0x0000000086a00000, 0x0000000086a00000| Untracked 
| 107|0x0000000086b00000, 0x0000000086b00000, 0x0000000086c00000|  0%| F|  |TAMS 0x0000000086b00000, 0x0000000086b00000| Untracked 
| 108|0x0000000086c00000, 0x0000000086c00000, 0x0000000086d00000|  0%| F|  |TAMS 0x0000000086c00000, 0x0000000086c00000| Untracked 
| 109|0x0000000086d00000, 0x0000000086d00000, 0x0000000086e00000|  0%| F|  |TAMS 0x0000000086d00000, 0x0000000086d00000| Untracked 
| 110|0x0000000086e00000, 0x0000000086e00000, 0x0000000086f00000|  0%| F|  |TAMS 0x0000000086e00000, 0x0000000086e00000| Untracked 
| 111|0x0000000086f00000, 0x0000000086f00000, 0x0000000087000000|  0%| F|  |TAMS 0x0000000086f00000, 0x0000000086f00000| Untracked 
| 112|0x0000000087000000, 0x0000000087000000, 0x0000000087100000|  0%| F|  |TAMS 0x0000000087000000, 0x0000000087000000| Untracked 
| 113|0x0000000087100000, 0x0000000087100000, 0x0000000087200000|  0%| F|  |TAMS 0x0000000087100000, 0x0000000087100000| Untracked 
| 114|0x0000000087200000, 0x0000000087200000, 0x0000000087300000|  0%| F|  |TAMS 0x0000000087200000, 0x0000000087200000| Untracked 
| 115|0x0000000087300000, 0x0000000087300000, 0x0000000087400000|  0%| F|  |TAMS 0x0000000087300000, 0x0000000087300000| Untracked 
| 116|0x0000000087400000, 0x0000000087400000, 0x0000000087500000|  0%| F|  |TAMS 0x0000000087400000, 0x0000000087400000| Untracked 
| 117|0x0000000087500000, 0x0000000087500000, 0x0000000087600000|  0%| F|  |TAMS 0x0000000087500000, 0x0000000087500000| Untracked 
| 118|0x0000000087600000, 0x0000000087600000, 0x0000000087700000|  0%| F|  |TAMS 0x0000000087600000, 0x0000000087600000| Untracked 
| 119|0x0000000087700000, 0x0000000087700000, 0x0000000087800000|  0%| F|  |TAMS 0x0000000087700000, 0x0000000087700000| Untracked 
| 120|0x0000000087800000, 0x0000000087800000, 0x0000000087900000|  0%| F|  |TAMS 0x0000000087800000, 0x0000000087800000| Untracked 
| 121|0x0000000087900000, 0x0000000087900000, 0x0000000087a00000|  0%| F|  |TAMS 0x0000000087900000, 0x0000000087900000| Untracked 
| 122|0x0000000087a00000, 0x0000000087a00000, 0x0000000087b00000|  0%| F|  |TAMS 0x0000000087a00000, 0x0000000087a00000| Untracked 
| 123|0x0000000087b00000, 0x0000000087b00000, 0x0000000087c00000|  0%| F|  |TAMS 0x0000000087b00000, 0x0000000087b00000| Untracked 
| 124|0x0000000087c00000, 0x0000000087c00000, 0x0000000087d00000|  0%| F|  |TAMS 0x0000000087c00000, 0x0000000087c00000| Untracked 
| 125|0x0000000087d00000, 0x0000000087d00000, 0x0000000087e00000|  0%| F|  |TAMS 0x0000000087d00000, 0x0000000087d00000| Untracked 
| 126|0x0000000087e00000, 0x0000000087e00000, 0x0000000087f00000|  0%| F|  |TAMS 0x0000000087e00000, 0x0000000087e00000| Untracked 
| 127|0x0000000087f00000, 0x0000000087f00000, 0x0000000088000000|  0%| F|  |TAMS 0x0000000087f00000, 0x0000000087f00000| Untracked 
| 128|0x0000000088000000, 0x0000000088000000, 0x0000000088100000|  0%| F|  |TAMS 0x0000000088000000, 0x0000000088000000| Untracked 
| 129|0x0000000088100000, 0x0000000088100000, 0x0000000088200000|  0%| F|  |TAMS 0x0000000088100000, 0x0000000088100000| Untracked 
| 130|0x0000000088200000, 0x0000000088200000, 0x0000000088300000|  0%| F|  |TAMS 0x0000000088200000, 0x0000000088200000| Untracked 
| 131|0x0000000088300000, 0x0000000088300000, 0x0000000088400000|  0%| F|  |TAMS 0x0000000088300000, 0x0000000088300000| Untracked 
| 132|0x0000000088400000, 0x0000000088400000, 0x0000000088500000|  0%| F|  |TAMS 0x0000000088400000, 0x0000000088400000| Untracked 
| 133|0x0000000088500000, 0x0000000088500000, 0x0000000088600000|  0%| F|  |TAMS 0x0000000088500000, 0x0000000088500000| Untracked 
| 134|0x0000000088600000, 0x0000000088600000, 0x0000000088700000|  0%| F|  |TAMS 0x0000000088600000, 0x0000000088600000| Untracked 
| 135|0x0000000088700000, 0x0000000088700000, 0x0000000088800000|  0%| F|  |TAMS 0x0000000088700000, 0x0000000088700000| Untracked 
| 136|0x0000000088800000, 0x0000000088800000, 0x0000000088900000|  0%| F|  |TAMS 0x0000000088800000, 0x0000000088800000| Untracked 
| 137|0x0000000088900000, 0x0000000088900000, 0x0000000088a00000|  0%| F|  |TAMS 0x0000000088900000, 0x0000000088900000| Untracked 
| 138|0x0000000088a00000, 0x0000000088a00000, 0x0000000088b00000|  0%| F|  |TAMS 0x0000000088a00000, 0x0000000088a00000| Untracked 
| 139|0x0000000088b00000, 0x0000000088b00000, 0x0000000088c00000|  0%| F|  |TAMS 0x0000000088b00000, 0x0000000088b00000| Untracked 
| 140|0x0000000088c00000, 0x0000000088c00000, 0x0000000088d00000|  0%| F|  |TAMS 0x0000000088c00000, 0x0000000088c00000| Untracked 
| 141|0x0000000088d00000, 0x0000000088dd61c0, 0x0000000088e00000| 83%| S|CS|TAMS 0x0000000088d00000, 0x0000000088d00000| Complete 
| 142|0x0000000088e00000, 0x0000000088f00000, 0x0000000088f00000|100%| S|CS|TAMS 0x0000000088e00000, 0x0000000088e00000| Complete 
| 143|0x0000000088f00000, 0x0000000089000000, 0x0000000089000000|100%| S|CS|TAMS 0x0000000088f00000, 0x0000000088f00000| Complete 
| 144|0x0000000089000000, 0x0000000089000000, 0x0000000089100000|  0%| F|  |TAMS 0x0000000089000000, 0x0000000089000000| Untracked 
| 145|0x0000000089100000, 0x0000000089100000, 0x0000000089200000|  0%| F|  |TAMS 0x0000000089100000, 0x0000000089100000| Untracked 
| 204|0x000000008cc00000, 0x000000008ccffaf0, 0x000000008cd00000| 99%| E|  |TAMS 0x000000008cc00000, 0x000000008cc00000| Complete 
| 205|0x000000008cd00000, 0x000000008ce00000, 0x000000008ce00000|100%| E|CS|TAMS 0x000000008cd00000, 0x000000008cd00000| Complete 
| 206|0x000000008ce00000, 0x000000008cf00000, 0x000000008cf00000|100%| E|CS|TAMS 0x000000008ce00000, 0x000000008ce00000| Complete 
| 207|0x000000008cf00000, 0x000000008d000000, 0x000000008d000000|100%| E|CS|TAMS 0x000000008cf00000, 0x000000008cf00000| Complete 
| 208|0x000000008d000000, 0x000000008d100000, 0x000000008d100000|100%| E|CS|TAMS 0x000000008d000000, 0x000000008d000000| Complete 
| 209|0x000000008d100000, 0x000000008d200000, 0x000000008d200000|100%| E|CS|TAMS 0x000000008d100000, 0x000000008d100000| Complete 
| 210|0x000000008d200000, 0x000000008d300000, 0x000000008d300000|100%| E|  |TAMS 0x000000008d200000, 0x000000008d200000| Complete 
| 211|0x000000008d300000, 0x000000008d400000, 0x000000008d400000|100%| E|CS|TAMS 0x000000008d300000, 0x000000008d300000| Complete 
| 253|0x000000008fd00000, 0x000000008fe00000, 0x000000008fe00000|100%| E|CS|TAMS 0x000000008fd00000, 0x000000008fd00000| Complete 

Card table byte_map: [0x0000017765550000,0x0000017765950000] _byte_map_base: 0x0000017765150000

Marking Bits (Prev, Next): (CMBitMap*) 0x0000017752787cb0, (CMBitMap*) 0x0000017752787c70
 Prev Bits: [0x0000017767d50000, 0x0000017769d50000)
 Next Bits: [0x0000017765d50000, 0x0000017767d50000)

Polling page: 0x0000017750710000

Metaspace:

Usage:
  Non-class:     59.78 MB used.
      Class:      9.08 MB used.
       Both:     68.86 MB used.

Virtual space:
  Non-class space:       64.00 MB reserved,      60.19 MB ( 94%) committed,  8 nodes.
      Class space:        1.00 GB reserved,       9.38 MB ( <1%) committed,  1 nodes.
             Both:        1.06 GB reserved,      69.56 MB (  6%) committed. 

Chunk freelists:
   Non-Class:  2.99 MB
       Class:  2.65 MB
        Both:  5.65 MB

MaxMetaspaceSize: unlimited
CompressedClassSpaceSize: 1.00 GB
Initial GC threshold: 21.00 MB
Current GC threshold: 113.25 MB
CDS: off
MetaspaceReclaimPolicy: balanced
 - commit_granule_bytes: 65536.
 - commit_granule_words: 8192.
 - virtual_space_node_default_size: 1048576.
 - enlarge_chunks_in_place: 1.
 - new_chunks_are_fully_committed: 0.
 - uncommit_free_chunks: 1.
 - use_allocation_guard: 0.
 - handle_deallocations: 1.


Internal statistics:

num_allocs_failed_limit: 3.
num_arena_births: 680.
num_arena_deaths: 0.
num_vsnodes_births: 9.
num_vsnodes_deaths: 0.
num_space_committed: 1113.
num_space_uncommitted: 0.
num_chunks_returned_to_freelist: 3.
num_chunks_taken_from_freelist: 2899.
num_chunk_merges: 3.
num_chunk_splits: 1913.
num_chunks_enlarged: 1287.
num_purges: 0.
num_inconsistent_stats: 0.

CodeHeap 'non-profiled nmethods': size=120000Kb used=3557Kb max_used=3557Kb free=116442Kb
 bounds [0x000001775d6c0000, 0x000001775da40000, 0x0000017764bf0000]
CodeHeap 'profiled nmethods': size=120000Kb used=12262Kb max_used=12262Kb free=107737Kb
 bounds [0x0000017755bf0000, 0x00000177567f0000, 0x000001775d120000]
CodeHeap 'non-nmethods': size=5760Kb used=2402Kb max_used=2441Kb free=3357Kb
 bounds [0x000001775d120000, 0x000001775d390000, 0x000001775d6c0000]
 total_blobs=7309 nmethods=6389 adapters=832
 compilation: enabled
              stopped_count=0, restarted_count=0
 full_count=0

Compilation events (20 events):
Event: 7.887 Thread 0x000001776d4b6d80 7164       3       sun.security.util.SignatureFileVerifier::updateSigners (132 bytes)
Event: 7.888 Thread 0x000001776d4b6d80 nmethod 7164 0x00000177567e2e10 code [0x00000177567e30c0, 0x00000177567e4058]
Event: 7.888 Thread 0x000001776d4b6d80 7165       3       sun.security.util.SignatureFileVerifier::matches (93 bytes)
Event: 7.888 Thread 0x000001776d4b6d80 nmethod 7165 0x00000177567e4690 code [0x00000177567e48c0, 0x00000177567e5178]
Event: 7.888 Thread 0x000001776d4b6d80 7166       3       java.util.HashMap::clear (50 bytes)
Event: 7.888 Thread 0x000001776d4b6d80 nmethod 7166 0x00000177567e5490 code [0x00000177567e5640, 0x00000177567e59f8]
Event: 7.888 Thread 0x000001776d4b6d80 7167       3       sun.security.util.SecurityProviderConstants::getAliases (65 bytes)
Event: 7.888 Thread 0x000001776d4b6d80 nmethod 7167 0x00000177567e5b10 code [0x00000177567e5d80, 0x00000177567e6668]
Event: 7.888 Thread 0x000001776d4b6d80 7168       3       sun.security.jca.GetInstance::getInstance (28 bytes)
Event: 7.889 Thread 0x000001776d4b6d80 nmethod 7168 0x00000177567e6990 code [0x00000177567e6b60, 0x00000177567e6f78]
Event: 7.908 Thread 0x000001776d4b6d80 7173       1       sun.security.x509.AlgorithmId::getParameters (5 bytes)
Event: 7.908 Thread 0x000001776d4b6d80 nmethod 7173 0x000001775da39310 code [0x000001775da394a0, 0x000001775da39578]
Event: 7.908 Thread 0x000001776d4b6d80 7174       3       java.math.MutableBigInteger::add (346 bytes)
Event: 7.909 Thread 0x000001776d4b6d80 nmethod 7174 0x00000177567e7110 code [0x00000177567e7320, 0x00000177567e7d48]
Event: 7.909 Thread 0x000001776d4b6d80 7175       3       java.math.BigInteger::multiplyToLen (20 bytes)
Event: 7.909 Thread 0x000001776d4b6d80 nmethod 7175 0x00000177567e8110 code [0x00000177567e8340, 0x00000177567e8a68]
Event: 7.909 Thread 0x000001776d4b6d80 7176       3       java.math.BigInteger::montgomeryMultiply (54 bytes)
Event: 7.910 Thread 0x000001776d4b6d80 nmethod 7176 0x00000177567e8d90 code [0x00000177567e8f80, 0x00000177567e9398]
Event: 7.910 Thread 0x000001776d4b6d80 7177       3       java.math.BigInteger::implMontgomeryMultiply (22 bytes)
Event: 7.910 Thread 0x000001776d4b6d80 nmethod 7177 0x00000177567e9590 code [0x00000177567e9740, 0x00000177567e98b8]

GC Heap History (20 events):
Event: 3.935 GC heap before
{Heap before GC invocations=20 (full 0):
 garbage-first heap   total 122880K, used 74503K [0x0000000080000000, 0x0000000100000000)
  region size 1024K, 15 young (15360K), 4 survivors (4096K)
 Metaspace       used 46512K, committed 46976K, reserved 1097728K
  class space    used 6171K, committed 6336K, reserved 1048576K
}
Event: 3.937 GC heap after
{Heap after GC invocations=21 (full 0):
 garbage-first heap   total 122880K, used 66483K [0x0000000080000000, 0x0000000100000000)
  region size 1024K, 4 young (4096K), 4 survivors (4096K)
 Metaspace       used 46512K, committed 46976K, reserved 1097728K
  class space    used 6171K, committed 6336K, reserved 1048576K
}
Event: 4.206 GC heap before
{Heap before GC invocations=22 (full 0):
 garbage-first heap   total 122880K, used 93107K [0x0000000080000000, 0x0000000100000000)
  region size 1024K, 29 young (29696K), 4 survivors (4096K)
 Metaspace       used 48553K, committed 49088K, reserved 1097728K
  class space    used 6367K, committed 6592K, reserved 1048576K
}
Event: 4.209 GC heap after
{Heap after GC invocations=23 (full 0):
 garbage-first heap   total 122880K, used 68512K [0x0000000080000000, 0x0000000100000000)
  region size 1024K, 4 young (4096K), 4 survivors (4096K)
 Metaspace       used 48553K, committed 49088K, reserved 1097728K
  class space    used 6367K, committed 6592K, reserved 1048576K
}
Event: 4.512 GC heap before
{Heap before GC invocations=23 (full 0):
 garbage-first heap   total 122880K, used 93088K [0x0000000080000000, 0x0000000100000000)
  region size 1024K, 29 young (29696K), 4 survivors (4096K)
 Metaspace       used 51285K, committed 51776K, reserved 1097728K
  class space    used 6846K, committed 7040K, reserved 1048576K
}
Event: 4.516 GC heap after
{Heap after GC invocations=24 (full 0):
 garbage-first heap   total 147456K, used 70926K [0x0000000080000000, 0x0000000100000000)
  region size 1024K, 3 young (3072K), 3 survivors (3072K)
 Metaspace       used 51285K, committed 51776K, reserved 1097728K
  class space    used 6846K, committed 7040K, reserved 1048576K
}
Event: 5.129 GC heap before
{Heap before GC invocations=25 (full 0):
 garbage-first heap   total 147456K, used 109838K [0x0000000080000000, 0x0000000100000000)
  region size 1024K, 41 young (41984K), 3 survivors (3072K)
 Metaspace       used 57462K, committed 58048K, reserved 1105920K
  class space    used 7632K, committed 7872K, reserved 1048576K
}
Event: 5.132 GC heap after
{Heap after GC invocations=26 (full 0):
 garbage-first heap   total 147456K, used 74502K [0x0000000080000000, 0x0000000100000000)
  region size 1024K, 6 young (6144K), 6 survivors (6144K)
 Metaspace       used 57462K, committed 58048K, reserved 1105920K
  class space    used 7632K, committed 7872K, reserved 1048576K
}
Event: 7.025 GC heap before
{Heap before GC invocations=26 (full 0):
 garbage-first heap   total 147456K, used 103174K [0x0000000080000000, 0x0000000100000000)
  region size 1024K, 36 young (36864K), 6 survivors (6144K)
 Metaspace       used 60477K, committed 61056K, reserved 1105920K
  class space    used 8005K, committed 8256K, reserved 1048576K
}
Event: 7.029 GC heap after
{Heap after GC invocations=27 (full 0):
 garbage-first heap   total 147456K, used 76548K [0x0000000080000000, 0x0000000100000000)
  region size 1024K, 3 young (3072K), 3 survivors (3072K)
 Metaspace       used 60477K, committed 61056K, reserved 1105920K
  class space    used 8005K, committed 8256K, reserved 1048576K
}
Event: 7.064 GC heap before
{Heap before GC invocations=28 (full 0):
 garbage-first heap   total 147456K, used 79620K [0x0000000080000000, 0x0000000100000000)
  region size 1024K, 6 young (6144K), 3 survivors (3072K)
 Metaspace       used 60513K, committed 61056K, reserved 1105920K
  class space    used 8009K, committed 8256K, reserved 1048576K
}
Event: 7.066 GC heap after
{Heap after GC invocations=29 (full 0):
 garbage-first heap   total 147456K, used 80101K [0x0000000080000000, 0x0000000100000000)
  region size 1024K, 4 young (4096K), 4 survivors (4096K)
 Metaspace       used 60513K, committed 61056K, reserved 1105920K
  class space    used 8009K, committed 8256K, reserved 1048576K
}
Event: 7.147 GC heap before
{Heap before GC invocations=30 (full 0):
 garbage-first heap   total 147456K, used 86245K [0x0000000080000000, 0x0000000100000000)
  region size 1024K, 10 young (10240K), 4 survivors (4096K)
 Metaspace       used 60948K, committed 61504K, reserved 1105920K
  class space    used 8079K, committed 8320K, reserved 1048576K
}
Event: 7.150 GC heap after
{Heap after GC invocations=31 (full 0):
 garbage-first heap   total 147456K, used 82886K [0x0000000080000000, 0x0000000100000000)
  region size 1024K, 4 young (4096K), 4 survivors (4096K)
 Metaspace       used 60948K, committed 61504K, reserved 1105920K
  class space    used 8079K, committed 8320K, reserved 1048576K
}
Event: 7.458 GC heap before
{Heap before GC invocations=32 (full 0):
 garbage-first heap   total 153600K, used 114630K [0x0000000080000000, 0x0000000100000000)
  region size 1024K, 31 young (31744K), 4 survivors (4096K)
 Metaspace       used 64184K, committed 64768K, reserved 1105920K
  class space    used 8523K, committed 8768K, reserved 1048576K
}
Event: 7.460 GC heap after
{Heap after GC invocations=33 (full 0):
 garbage-first heap   total 153600K, used 90620K [0x0000000080000000, 0x0000000100000000)
  region size 1024K, 4 young (4096K), 4 survivors (4096K)
 Metaspace       used 64184K, committed 64768K, reserved 1105920K
  class space    used 8523K, committed 8768K, reserved 1048576K
}
Event: 7.754 GC heap before
{Heap before GC invocations=33 (full 0):
 garbage-first heap   total 153600K, used 117244K [0x0000000080000000, 0x0000000100000000)
  region size 1024K, 30 young (30720K), 4 survivors (4096K)
 Metaspace       used 68559K, committed 69184K, reserved 1114112K
  class space    used 9038K, committed 9280K, reserved 1048576K
}
Event: 7.757 GC heap after
{Heap after GC invocations=34 (full 0):
 garbage-first heap   total 153600K, used 92037K [0x0000000080000000, 0x0000000100000000)
  region size 1024K, 2 young (2048K), 2 survivors (2048K)
 Metaspace       used 68559K, committed 69184K, reserved 1114112K
  class space    used 9038K, committed 9280K, reserved 1048576K
}
Event: 7.892 GC heap before
{Heap before GC invocations=35 (full 0):
 garbage-first heap   total 158720K, used 101253K [0x0000000080000000, 0x0000000100000000)
  region size 1024K, 13 young (13312K), 2 survivors (2048K)
 Metaspace       used 70507K, committed 71232K, reserved 1114112K
  class space    used 9297K, committed 9600K, reserved 1048576K
}
Event: 7.894 GC heap after
{Heap after GC invocations=36 (full 0):
 garbage-first heap   total 158720K, used 93766K [0x0000000080000000, 0x0000000100000000)
  region size 1024K, 3 young (3072K), 3 survivors (3072K)
 Metaspace       used 70507K, committed 71232K, reserved 1114112K
  class space    used 9297K, committed 9600K, reserved 1048576K
}

Dll operation events (2 events):
Event: 0.005 Loaded shared library C:\Program Files\Android\Android Studio\jbr\bin\java.dll
Event: 0.430 Loaded shared library C:\Program Files\Android\Android Studio\jbr\bin\verify.dll

Deoptimization events (20 events):
Event: 7.889 Thread 0x000001776e2a5f50 Uncommon trap: trap_request=0xffffff45 fr.pc=0x000001775d916900 relative=0x00000000000001e0
Event: 7.889 Thread 0x000001776e2a5f50 Uncommon trap: reason=unstable_if action=reinterpret pc=0x000001775d916900 method=java.security.CodeSource.matchCerts(Ljava/security/CodeSource;Z)Z @ 11 c2
Event: 7.889 Thread 0x000001776e2a5f50 DEOPT PACKING pc=0x000001775d916900 sp=0x00000072c3df0b00
Event: 7.889 Thread 0x000001776e2a5f50 DEOPT UNPACKING pc=0x000001775d17a1a3 sp=0x00000072c3df0a10 mode 2
Event: 7.889 Thread 0x000001776e2a5f50 Uncommon trap: trap_request=0xffffff45 fr.pc=0x000001775d9872ec relative=0x000000000000006c
Event: 7.889 Thread 0x000001776e2a5f50 Uncommon trap: reason=unstable_if action=reinterpret pc=0x000001775d9872ec method=java.lang.ClassLoader.compareCerts([Ljava/security/cert/Certificate;[Ljava/security/cert/Certificate;)Z @ 2 c2
Event: 7.889 Thread 0x000001776e2a5f50 DEOPT PACKING pc=0x000001775d9872ec sp=0x00000072c3df0a20
Event: 7.889 Thread 0x000001776e2a5f50 DEOPT UNPACKING pc=0x000001775d17a1a3 sp=0x00000072c3df0960 mode 2
Event: 7.889 Thread 0x000001776e2a5f50 Uncommon trap: trap_request=0xffffff45 fr.pc=0x000001775d955cd4 relative=0x0000000000001194
Event: 7.889 Thread 0x000001776e2a5f50 Uncommon trap: reason=unstable_if action=reinterpret pc=0x000001775d955cd4 method=java.security.CodeSource.getCertificates()[Ljava/security/cert/Certificate; @ 4 c2
Event: 7.889 Thread 0x000001776e2a5f50 DEOPT PACKING pc=0x000001775d955cd4 sp=0x00000072c3df0b70
Event: 7.889 Thread 0x000001776e2a5f50 DEOPT UNPACKING pc=0x000001775d17a1a3 sp=0x00000072c3df0af0 mode 2
Event: 7.889 Thread 0x000001776e2a5f50 Uncommon trap: trap_request=0xffffff54 fr.pc=0x000001775d8546f8 relative=0x0000000000000a18
Event: 7.889 Thread 0x000001776e2a5f50 Uncommon trap: reason=speculate_null_assert action=make_not_entrant pc=0x000001775d8546f8 method=java.util.jar.JarFile.getVersionedEntry(Ljava/lang/String;Ljava/util/jar/JarEntry;)Ljava/util/jar/JarEntry; @ 115 c2
Event: 7.889 Thread 0x000001776e2a5f50 DEOPT PACKING pc=0x000001775d8546f8 sp=0x00000072c3df24d0
Event: 7.889 Thread 0x000001776e2a5f50 DEOPT UNPACKING pc=0x000001775d17a1a3 sp=0x00000072c3df2498 mode 2
Event: 7.904 Thread 0x000001776e2a5f50 Uncommon trap: trap_request=0xffffff45 fr.pc=0x000001775d8603d0 relative=0x00000000000006b0
Event: 7.904 Thread 0x000001776e2a5f50 Uncommon trap: reason=unstable_if action=reinterpret pc=0x000001775d8603d0 method=java.util.LinkedHashMap.afterNodeAccess(Ljava/util/HashMap$Node;)V @ 41 c2
Event: 7.904 Thread 0x000001776e2a5f50 DEOPT PACKING pc=0x000001775d8603d0 sp=0x00000072c3df1d10
Event: 7.904 Thread 0x000001776e2a5f50 DEOPT UNPACKING pc=0x000001775d17a1a3 sp=0x00000072c3df1c60 mode 2

Classes unloaded (0 events):
No events

Classes redefined (0 events):
No events

Internal exceptions (20 events):
Event: 4.662 Thread 0x000001776e2a5f50 Exception <a 'java/lang/NoSuchMethodError'{0x000000008856e718}: 'java.lang.Object java.lang.invoke.DirectMethodHandle$Holder.invokeStatic(java.lang.Object, java.lang.Object, java.lang.Object, java.lang.Object, java.lang.Object, java.lang.Object, java.lang.Object, java.lang.Object, java.lang.Object, java.lang.Object, java.lang.Object, java.lang.Object, java.lang.Object, java.lang.Object, java.lang.Object, java.lang.Object, java.lang.Object, java.lang.Object, java.lang.Object, java.lang.Object)'> (0x00000000
Event: 4.663 Thread 0x000001776e2a5f50 Exception <a 'java/lang/NoSuchMethodError'{0x0000000088599818}: 'java.lang.Object java.lang.invoke.DirectMethodHandle$Holder.invokeStatic(java.lang.Object, java.lang.Object, java.lang.Object, java.lang.Object, java.lang.Object, java.lang.Object, java.lang.Object, java.lang.Object, java.lang.Object, java.lang.Object, java.lang.Object, java.lang.Object, java.lang.Object, java.lang.Object, java.lang.Object, java.lang.Object, java.lang.Object, java.lang.Object, java.lang.Object, java.lang.Object, java.lang.Obj
Event: 4.665 Thread 0x000001776e2a5f50 Exception <a 'java/lang/NoSuchMethodError'{0x00000000885c5070}: 'java.lang.Object java.lang.invoke.DirectMethodHandle$Holder.invokeStatic(java.lang.Object, java.lang.Object, java.lang.Object, java.lang.Object, java.lang.Object, java.lang.Object, java.lang.Object, java.lang.Object, java.lang.Object, java.lang.Object, java.lang.Object, java.lang.Object, java.lang.Object, java.lang.Object, java.lang.Object, java.lang.Object, java.lang.Object, java.lang.Object, java.lang.Object, java.lang.Object, java.lang.Obj
Event: 4.667 Thread 0x000001776e2a5f50 Exception <a 'java/lang/NoSuchMethodError'{0x00000000885f2360}: 'java.lang.Object java.lang.invoke.DirectMethodHandle$Holder.invokeStatic(java.lang.Object, java.lang.Object, java.lang.Object, java.lang.Object, java.lang.Object, java.lang.Object, java.lang.Object, java.lang.Object, java.lang.Object, java.lang.Object, java.lang.Object, java.lang.Object, java.lang.Object, java.lang.Object, java.lang.Object, java.lang.Object, java.lang.Object, java.lang.Object, java.lang.Object, java.lang.Object, java.lang.Obj
Event: 4.668 Thread 0x000001776e2a5f50 Exception <a 'java/lang/NoSuchMethodError'{0x0000000088421380}: 'java.lang.Object java.lang.invoke.DirectMethodHandle$Holder.invokeStatic(java.lang.Object, java.lang.Object, java.lang.Object, java.lang.Object, java.lang.Object, java.lang.Object, java.lang.Object, java.lang.Object, java.lang.Object, java.lang.Object, java.lang.Object, java.lang.Object, java.lang.Object, java.lang.Object, java.lang.Object, java.lang.Object, java.lang.Object, java.lang.Object, java.lang.Object, java.lang.Object, java.lang.Obj
Event: 4.829 Thread 0x000001776e2a5f50 Exception <a 'java/lang/NoSuchMethodError'{0x0000000087c89aa0}: 'void java.lang.invoke.DirectMethodHandle$Holder.invokeStatic(java.lang.Object, java.lang.Object, java.lang.Object, java.lang.Object, java.lang.Object, java.lang.Object)'> (0x0000000087c89aa0) 
thrown [s\src\hotspot\share\interpreter\linkResolver.cpp, line 771]
Event: 4.882 Thread 0x000001776e2a5f50 Implicit null exception at 0x000001775d724fef to 0x000001775d725238
Event: 4.887 Thread 0x000001776e2a5f50 Implicit null exception at 0x000001775d70d8f2 to 0x000001775d70df4c
Event: 4.915 Thread 0x000001776e2a5f50 Exception <a 'sun/nio/fs/WindowsException'{0x000000008770ca30}> (0x000000008770ca30) 
thrown [s\src\hotspot\share\prims\jni.cpp, line 517]
Event: 7.020 Thread 0x000001776e2a5f50 Exception <a 'java/lang/ClassNotFoundException'{0x000000008728fd80}: build_5gppu51dhzyce1rvqno6t1xdgBeanInfo> (0x000000008728fd80) 
thrown [s\src\hotspot\share\classfile\systemDictionary.cpp, line 256]
Event: 7.020 Thread 0x000001776e2a5f50 Exception <a 'java/lang/ClassNotFoundException'{0x00000000872a04e0}: build_5gppu51dhzyce1rvqno6t1xdgCustomizer> (0x00000000872a04e0) 
thrown [s\src\hotspot\share\classfile\systemDictionary.cpp, line 256]
Event: 7.032 Thread 0x000001776d460610 Implicit null exception at 0x000001775d97addd to 0x000001775d97af30
Event: 7.280 Thread 0x000001776e2a5f50 Exception <a 'java/lang/NoSuchMethodError'{0x0000000088af3258}: 'java.lang.Object java.lang.invoke.DirectMethodHandle$Holder.newInvokeSpecial(java.lang.Object, java.lang.Object, java.lang.Object, java.lang.Object, int)'> (0x0000000088af3258) 
thrown [s\src\hotspot\share\interpreter\linkResolver.cpp, line 771]
Event: 7.280 Thread 0x000001776e2a5f50 Exception <a 'java/lang/NoSuchMethodError'{0x0000000088af8828}: 'java.lang.Object java.lang.invoke.DirectMethodHandle$Holder.invokeSpecial(java.lang.Object, java.lang.Object, java.lang.Object, java.lang.Object, java.lang.Object, int)'> (0x0000000088af8828) 
thrown [s\src\hotspot\share\interpreter\linkResolver.cpp, line 771]
Event: 7.280 Thread 0x000001776e2a5f50 Exception <a 'java/lang/NoSuchMethodError'{0x0000000088afd7a8}: 'java.lang.Object java.lang.invoke.Invokers$Holder.linkToTargetMethod(java.lang.Object, java.lang.Object, java.lang.Object, int, java.lang.Object)'> (0x0000000088afd7a8) 
thrown [s\src\hotspot\share\interpreter\linkResolver.cpp, line 771]
Event: 7.288 Thread 0x000001776e2a5f50 Exception <a 'java/lang/NoSuchMethodError'{0x00000000889b41d0}: 'java.lang.Object java.lang.invoke.DirectMethodHandle$Holder.newInvokeSpecial(java.lang.Object, java.lang.Object, int, int)'> (0x00000000889b41d0) 
thrown [s\src\hotspot\share\interpreter\linkResolver.cpp, line 771]
Event: 7.453 Thread 0x000001776e2a5f50 Exception <a 'java/lang/NoSuchMethodError'{0x000000008778f458}: 'int java.lang.invoke.DirectMethodHandle$Holder.invokeInterface(java.lang.Object, java.lang.Object, java.lang.Object, java.lang.Object)'> (0x000000008778f458) 
thrown [s\src\hotspot\share\interpreter\linkResolver.cpp, line 771]
Event: 7.780 Thread 0x000001776e2a5f50 Exception <a 'java/lang/IncompatibleClassChangeError'{0x000000008fd693b8}: Found class java.lang.Object, but interface was expected> (0x000000008fd693b8) 
thrown [s\src\hotspot\share\interpreter\linkResolver.cpp, line 838]
Event: 7.816 Thread 0x000001776e2a5f50 Implicit null exception at 0x000001775d9a83d4 to 0x000001775d9a8588
Event: 7.870 Thread 0x000001776e2a5f50 Implicit null exception at 0x000001775d8bc98c to 0x000001775d8bcac2

VM Operations (20 events):
Event: 7.178 Executing VM operation: G1Concurrent done
Event: 7.302 Executing VM operation: HandshakeAllThreads
Event: 7.303 Executing VM operation: HandshakeAllThreads done
Event: 7.446 Executing VM operation: HandshakeAllThreads
Event: 7.446 Executing VM operation: HandshakeAllThreads done
Event: 7.452 Executing VM operation: HandshakeAllThreads
Event: 7.453 Executing VM operation: HandshakeAllThreads done
Event: 7.458 Executing VM operation: G1CollectForAllocation
Event: 7.460 Executing VM operation: G1CollectForAllocation done
Event: 7.753 Executing VM operation: G1CollectForAllocation
Event: 7.757 Executing VM operation: G1CollectForAllocation done
Event: 7.776 Executing VM operation: G1Concurrent
Event: 7.780 Executing VM operation: G1Concurrent done
Event: 7.789 Executing VM operation: G1Concurrent
Event: 7.789 Executing VM operation: G1Concurrent done
Event: 7.873 Executing VM operation: HandshakeAllThreads
Event: 7.873 Executing VM operation: HandshakeAllThreads done
Event: 7.891 Executing VM operation: G1TryInitiateConcMark
Event: 7.894 Executing VM operation: G1TryInitiateConcMark done
Event: 7.912 Executing VM operation: G1Concurrent

Events (20 events):
Event: 7.876 loading class java/security/cert/CertPathValidatorException
Event: 7.877 loading class java/security/cert/CertPathValidatorException done
Event: 7.877 loading class java/time/format/DateTimePrintContext
Event: 7.877 loading class java/time/format/DateTimePrintContext done
Event: 7.877 loading class java/time/Instant$1
Event: 7.877 loading class java/time/Instant$1 done
Event: 7.877 loading class java/security/cert/CertPathValidatorException$BasicReason
Event: 7.877 loading class java/security/cert/CertPathValidatorException$Reason
Event: 7.877 loading class java/security/cert/CertPathValidatorException$Reason done
Event: 7.877 loading class java/security/cert/CertPathValidatorException$BasicReason done
Event: 7.886 loading class java/util/Base64
Event: 7.886 loading class java/util/Base64 done
Event: 7.886 loading class java/util/Base64$Decoder
Event: 7.887 loading class java/util/Base64$Decoder done
Event: 7.887 loading class java/util/Base64$Encoder
Event: 7.887 loading class java/util/Base64$Encoder done
Event: 7.887 loading class java/util/jar/JarVerifier$VerifierStream
Event: 7.887 loading class java/util/jar/JarVerifier$VerifierStream done
Event: 7.888 loading class sun/security/util/ManifestEntryVerifier$SunProviderHolder
Event: 7.888 loading class sun/security/util/ManifestEntryVerifier$SunProviderHolder done


Dynamic libraries:
0x00007ff710930000 - 0x00007ff71093a000 	C:\Program Files\Android\Android Studio\jbr\bin\java.exe
0x00007ffd92710000 - 0x00007ffd92927000 	C:\WINDOWS\SYSTEM32\ntdll.dll
0x00007ffd90750000 - 0x00007ffd90814000 	C:\WINDOWS\System32\KERNEL32.DLL
0x00007ffd8fdb0000 - 0x00007ffd90156000 	C:\WINDOWS\System32\KERNELBASE.dll
0x00007ffd901e0000 - 0x00007ffd902f1000 	C:\WINDOWS\System32\ucrtbase.dll
0x00007ffd63cb0000 - 0x00007ffd63cc7000 	C:\Program Files\Android\Android Studio\jbr\bin\jli.dll
0x00007ffd63c70000 - 0x00007ffd63c8b000 	C:\Program Files\Android\Android Studio\jbr\bin\VCRUNTIME140.dll
0x00007ffd90820000 - 0x00007ffd909ce000 	C:\WINDOWS\System32\USER32.dll
0x00007ffd8fd80000 - 0x00007ffd8fda6000 	C:\WINDOWS\System32\win32u.dll
0x00007ffd795f0000 - 0x00007ffd79883000 	C:\WINDOWS\WinSxS\amd64_microsoft.windows.common-controls_6595b64144ccf1df_6.0.22621.2506_none_270c5ae97388e100\COMCTL32.dll
0x00007ffd91430000 - 0x00007ffd91459000 	C:\WINDOWS\System32\GDI32.dll
0x00007ffd922c0000 - 0x00007ffd92367000 	C:\WINDOWS\System32\msvcrt.dll
0x00007ffd8fa80000 - 0x00007ffd8fb98000 	C:\WINDOWS\System32\gdi32full.dll
0x00007ffd90300000 - 0x00007ffd9039a000 	C:\WINDOWS\System32\msvcp_win.dll
0x00007ffd92280000 - 0x00007ffd922b1000 	C:\WINDOWS\System32\IMM32.DLL
0x00007ffd685e0000 - 0x00007ffd685ec000 	C:\Program Files\Android\Android Studio\jbr\bin\vcruntime140_1.dll
0x00007ffd3f640000 - 0x00007ffd3f6cd000 	C:\Program Files\Android\Android Studio\jbr\bin\msvcp140.dll
0x00007ffcfd100000 - 0x00007ffcfdd6e000 	C:\Program Files\Android\Android Studio\jbr\bin\server\jvm.dll
0x00007ffd92610000 - 0x00007ffd926c1000 	C:\WINDOWS\System32\ADVAPI32.dll
0x00007ffd91d30000 - 0x00007ffd91dd5000 	C:\WINDOWS\System32\sechost.dll
0x00007ffd90460000 - 0x00007ffd90577000 	C:\WINDOWS\System32\RPCRT4.dll
0x00007ffd7ab60000 - 0x00007ffd7ab69000 	C:\WINDOWS\SYSTEM32\WSOCK32.dll
0x00007ffd87610000 - 0x00007ffd87644000 	C:\WINDOWS\SYSTEM32\WINMM.dll
0x00007ffd7ea00000 - 0x00007ffd7ea0a000 	C:\WINDOWS\SYSTEM32\VERSION.dll
0x00007ffd918e0000 - 0x00007ffd91951000 	C:\WINDOWS\System32\WS2_32.dll
0x00007ffd8eb10000 - 0x00007ffd8eb28000 	C:\WINDOWS\SYSTEM32\kernel.appcore.dll
0x00007ffd7a5c0000 - 0x00007ffd7a5ca000 	C:\Program Files\Android\Android Studio\jbr\bin\jimage.dll
0x00007ffd8cd90000 - 0x00007ffd8cfc3000 	C:\WINDOWS\SYSTEM32\DBGHELP.DLL
0x00007ffd91960000 - 0x00007ffd91ce9000 	C:\WINDOWS\System32\combase.dll
0x00007ffd92530000 - 0x00007ffd92607000 	C:\WINDOWS\System32\OLEAUT32.dll
0x00007ffd6fb00000 - 0x00007ffd6fb32000 	C:\WINDOWS\SYSTEM32\dbgcore.DLL
0x00007ffd90160000 - 0x00007ffd901da000 	C:\WINDOWS\System32\bcryptPrimitives.dll
0x00007ffd66af0000 - 0x00007ffd66b15000 	C:\Program Files\Android\Android Studio\jbr\bin\java.dll
0x00007ffd66ad0000 - 0x00007ffd66ae8000 	C:\Program Files\Android\Android Studio\jbr\bin\zip.dll
0x00007ffd90b40000 - 0x00007ffd9139a000 	C:\WINDOWS\System32\SHELL32.dll
0x00007ffd8d960000 - 0x00007ffd8e256000 	C:\WINDOWS\SYSTEM32\windows.storage.dll
0x00007ffd8d820000 - 0x00007ffd8d95e000 	C:\WINDOWS\SYSTEM32\wintypes.dll
0x00007ffd92180000 - 0x00007ffd92273000 	C:\WINDOWS\System32\SHCORE.dll
0x00007ffd923d0000 - 0x00007ffd9242e000 	C:\WINDOWS\System32\shlwapi.dll
0x00007ffd8f9b0000 - 0x00007ffd8f9d6000 	C:\WINDOWS\SYSTEM32\profapi.dll
0x00007ffd66550000 - 0x00007ffd66569000 	C:\Program Files\Android\Android Studio\jbr\bin\net.dll
0x00007ffd88c90000 - 0x00007ffd88dc7000 	C:\WINDOWS\SYSTEM32\WINHTTP.dll
0x00007ffd8eff0000 - 0x00007ffd8f059000 	C:\WINDOWS\system32\mswsock.dll
0x00007ffd66530000 - 0x00007ffd66546000 	C:\Program Files\Android\Android Studio\jbr\bin\nio.dll
0x00007ffd79400000 - 0x00007ffd79410000 	C:\Program Files\Android\Android Studio\jbr\bin\verify.dll
0x00007ffd62570000 - 0x00007ffd62597000 	C:\Users\acer\.gradle\native\e1d6ef7f7dcc3fd88c89a11ec53ec762bb8ba0a96d01ffa2cd45eb1d1d8dd5c5\windows-amd64\native-platform.dll
0x00007ffd3ba70000 - 0x00007ffd3bbb4000 	C:\Users\acer\.gradle\native\0d407fdbe67a94daf76414ababcb853783967236a71b16ec16e742cd7a986fd3\windows-amd64\native-platform-file-events.dll
0x00007ffd78fd0000 - 0x00007ffd78fd9000 	C:\Program Files\Android\Android Studio\jbr\bin\management.dll
0x00007ffd6dcc0000 - 0x00007ffd6dccb000 	C:\Program Files\Android\Android Studio\jbr\bin\management_ext.dll
0x00007ffd91d20000 - 0x00007ffd91d28000 	C:\WINDOWS\System32\PSAPI.DLL
0x00007ffd8f240000 - 0x00007ffd8f25b000 	C:\WINDOWS\SYSTEM32\CRYPTSP.dll
0x00007ffd8ead0000 - 0x00007ffd8eb05000 	C:\WINDOWS\system32\rsaenh.dll
0x00007ffd8f0e0000 - 0x00007ffd8f10c000 	C:\WINDOWS\SYSTEM32\USERENV.dll
0x00007ffd8f430000 - 0x00007ffd8f458000 	C:\WINDOWS\SYSTEM32\bcrypt.dll
0x00007ffd8f260000 - 0x00007ffd8f26c000 	C:\WINDOWS\SYSTEM32\CRYPTBASE.dll
0x00007ffd8e530000 - 0x00007ffd8e55d000 	C:\WINDOWS\SYSTEM32\IPHLPAPI.DLL
0x00007ffd91de0000 - 0x00007ffd91de9000 	C:\WINDOWS\System32\NSI.dll
0x00007ffd89080000 - 0x00007ffd89099000 	C:\WINDOWS\SYSTEM32\dhcpcsvc6.DLL
0x00007ffd888c0000 - 0x00007ffd888df000 	C:\WINDOWS\SYSTEM32\dhcpcsvc.DLL
0x00007ffd8e5a0000 - 0x00007ffd8e699000 	C:\WINDOWS\SYSTEM32\DNSAPI.dll
0x00007ffd76e70000 - 0x00007ffd76e78000 	C:\WINDOWS\system32\wshunix.dll
0x00007ffd816d0000 - 0x00007ffd816da000 	C:\Windows\System32\rasadhlp.dll
0x00007ffd87b30000 - 0x00007ffd87bb3000 	C:\WINDOWS\System32\fwpuclnt.dll

dbghelp: loaded successfully - version: 4.0.5 - missing functions: none
symbol engine: initialized successfully - sym options: 0x614 - pdb path: .;C:\Program Files\Android\Android Studio\jbr\bin;C:\WINDOWS\SYSTEM32;C:\WINDOWS\WinSxS\amd64_microsoft.windows.common-controls_6595b64144ccf1df_6.0.22621.2506_none_270c5ae97388e100;C:\Program Files\Android\Android Studio\jbr\bin\server;C:\Users\acer\.gradle\native\e1d6ef7f7dcc3fd88c89a11ec53ec762bb8ba0a96d01ffa2cd45eb1d1d8dd5c5\windows-amd64;C:\Users\acer\.gradle\native\0d407fdbe67a94daf76414ababcb853783967236a71b16ec16e742cd7a986fd3\windows-amd64

VM Arguments:
jvm_args: --add-opens=java.base/java.util=ALL-UNNAMED --add-opens=java.base/java.lang=ALL-UNNAMED --add-opens=java.base/java.lang.invoke=ALL-UNNAMED --add-opens=java.base/java.util=ALL-UNNAMED --add-opens=java.prefs/java.util.prefs=ALL-UNNAMED --add-opens=java.prefs/java.util.prefs=ALL-UNNAMED --add-opens=java.base/java.nio.charset=ALL-UNNAMED --add-opens=java.base/java.net=ALL-UNNAMED --add-opens=java.base/java.util.concurrent.atomic=ALL-UNNAMED -Xmx2048m -Dfile.encoding=UTF-8 -Duser.country=ID -Duser.language=en -Duser.variant 
java_command: org.gradle.launcher.daemon.bootstrap.GradleDaemon 7.5
java_class_path (initial): C:\Users\acer\.gradle\wrapper\dists\gradle-7.5-bin\f1w0cc9nuo0eivz97x2xlu9sv\gradle-7.5\lib\gradle-launcher-7.5.jar
Launcher Type: SUN_STANDARD

[Global flags]
     intx CICompilerCount                          = 4                                         {product} {ergonomic}
     uint ConcGCThreads                            = 3                                         {product} {ergonomic}
     uint G1ConcRefinementThreads                  = 10                                        {product} {ergonomic}
   size_t G1HeapRegionSize                         = 1048576                                   {product} {ergonomic}
    uintx GCDrainStackTargetSize                   = 64                                        {product} {ergonomic}
   size_t InitialHeapSize                          = 266338304                                 {product} {ergonomic}
   size_t MarkStackSize                            = 4194304                                   {product} {ergonomic}
   size_t MaxHeapSize                              = 2147483648                                {product} {command line}
   size_t MaxNewSize                               = 1287651328                                {product} {ergonomic}
   size_t MinHeapDeltaBytes                        = 1048576                                   {product} {ergonomic}
   size_t MinHeapSize                              = 8388608                                   {product} {ergonomic}
    uintx NonNMethodCodeHeapSize                   = 5839372                                {pd product} {ergonomic}
    uintx NonProfiledCodeHeapSize                  = 122909434                              {pd product} {ergonomic}
    uintx ProfiledCodeHeapSize                     = 122909434                              {pd product} {ergonomic}
    uintx ReservedCodeCacheSize                    = 251658240                              {pd product} {ergonomic}
     bool SegmentedCodeCache                       = true                                      {product} {ergonomic}
   size_t SoftMaxHeapSize                          = 2147483648                             {manageable} {ergonomic}
     bool UseCompressedClassPointers               = true                           {product lp64_product} {ergonomic}
     bool UseCompressedOops                        = true                           {product lp64_product} {ergonomic}
     bool UseG1GC                                  = true                                      {product} {ergonomic}
     bool UseLargePagesIndividualAllocation        = false                                  {pd product} {ergonomic}

Logging:
Log output configuration:
 #0: stdout all=warning uptime,level,tags
 #1: stderr all=off uptime,level,tags

Environment Variables:
PATH=C:\Program Files (x86)\Common Files\Intel\Shared Libraries\redist\intel64\compiler;C:\PROGRA~2\Borland\CBUILD~1\Bin;C:\PROGRA~2\Borland\CBUILD~1\Projects\Bpl;C:\Program Files (x86)\Common Files\Oracle\Java\javapath;C:\Windows\system32;C:\Windows;C:\Windows\System32\Wbem;C:\Windows\System32\WindowsPowerShell\v1.0\;C:\Windows\System32\OpenSSH\;C:\Program Files (x86)\NVIDIA Corporation\PhysX\Common;C:\Program Files\NVIDIA Corporation\NVIDIA NvDLISR;C:\WINDOWS\system32;C:\WINDOWS;C:\WINDOWS\System32\Wbem;C:\WINDOWS\System32\WindowsPowerShell\v1.0\;C:\WINDOWS\System32\OpenSSH\;D:\file gilang\Delphi7\Bin;D:\file gilang\Delphi7\Projects\Bpl;D:\file gilang\Delphi7\Rave5;C:\Program Files (x86)\Borland\Delphi7\Bin;C:\Program Files (x86)\Borland\Delphi7\Projects\Bpl;C:\Program Files\Microsoft VS Code\bin;C:\TDM-GCC-32\bin;C:\xampp\php;C:\ProgramData\ComposerSetup\bin;C:\Program Files\nodejs\;C:\Program Files\Git\cmd;D:\powershell\7\;C:\Users\acer\AppData\Local\Programs\Python\Python39\Scripts\;C:\Users\acer\AppData\Local\Programs\Python\Python39\;C:\Users\acer\AppData\Local\Microsoft\WindowsApps;C:\Users\acer\AppData\Roaming\Composer\vendor\bin;C:\Users\acer\AppData\Roaming\npm;C:\Program Files\JetBrains\PyCharm Community Edition 2022.3.2\bin;;D:\selenium\chromedriver_win32
USERNAME=acer
OS=Windows_NT
PROCESSOR_IDENTIFIER=Intel64 Family 6 Model 141 Stepping 1, GenuineIntel
TMP=C:\Users\acer\AppData\Local\Temp
TEMP=C:\Users\acer\AppData\Local\Temp


JNI global refs:
JNI global refs: 26, weak refs: 0

JNI global refs memory usage: 843, weak refs: 841


---------------  S Y S T E M  ---------------

OS:
 Windows 11 , 64 bit Build 22621 (10.0.22621.2506)
OS uptime: 2 days 10:07 hours
Hyper-V role detected

CPU: total 12 (initial active 12) (6 cores per cpu, 2 threads per core) family 6 model 141 stepping 1 microcode 0x3c, cx8, cmov, fxsr, ht, mmx, 3dnowpref, sse, sse2, sse3, ssse3, sse4.1, sse4.2, popcnt, lzcnt, tsc, tscinvbit, avx, avx2, aes, erms, clmul, bmi1, bmi2, adx, avx512f, avx512dq, avx512cd, avx512bw, avx512vl, sha, fma, vzeroupper, avx512_vpopcntdq, avx512_vpclmulqdq, avx512_vaes, avx512_vnni, clflush, clflushopt, clwb, avx512_vbmi2, avx512_vbmi, hv

Memory: 4k page, system-wide physical 16163M (474M free)
TotalPageFile size 31683M (AvailPageFile size 10M)
current process WorkingSet (physical memory assigned to process): 371M, peak: 375M
current process commit charge ("private bytes"): 412M, peak: 433M

vm_info: OpenJDK 64-Bit Server VM (17.0.6+0-b2043.56-10027231) for windows-amd64 JRE (17.0.6+0-b2043.56-10027231), built on Apr 28 2023 00:43:19 by "androidbuild" with MS VC++ 16.10 / 16.11 (VS2019)

END.
